<?xml version="1.0" encoding="UTF-8"?>
<robot generator="Robot 6.1.1 (Python 3.11.4 on win32)" generated="20231126 00:25:14.480" rpa="false" schemaversion="4">
<suite id="s1" name="001 TS014" source="C:\Users\Darwin\Desktop\SAGIP Automation Testing\test_suite\Hazard Report Management Module\001_TS014.robot">
<test id="s1-t1" name="1_TS014_TC001" line="23">
<kw name="Click Hazard Report">
<kw name="Dispatcher Login" library="login">
<kw name="Open Browser and Maximize" library="login">
<kw name="Open Browser" library="SeleniumLibrary">
<arg>${URL}</arg>
<arg>${BROWSER}</arg>
<doc>Opens a new browser instance to the optional ``url``.</doc>
<msg timestamp="20231126 00:25:14.707" level="INFO">Opening browser 'Chrome' to base url 'https://sagip-automation.vercel.app/'.</msg>
<status status="PASS" starttime="20231126 00:25:14.707" endtime="20231126 00:25:18.091"/>
</kw>
<kw name="Maximize Browser Window" library="SeleniumLibrary">
<doc>Maximizes current browser window.</doc>
<status status="PASS" starttime="20231126 00:25:18.091" endtime="20231126 00:25:18.443"/>
</kw>
<status status="PASS" starttime="20231126 00:25:14.707" endtime="20231126 00:25:18.443"/>
</kw>
<kw name="Login" library="login">
<arg>dispatcher@sagip.live</arg>
<arg>Sagip.00</arg>
<kw name="Go To" library="SeleniumLibrary">
<arg>${URL}</arg>
<doc>Navigates the current browser window to the provided ``url``.</doc>
<msg timestamp="20231126 00:25:18.444" level="INFO">Opening url 'https://sagip-automation.vercel.app/'</msg>
<status status="PASS" starttime="20231126 00:25:18.444" endtime="20231126 00:25:19.067"/>
</kw>
<kw name="Wait Until Element Is Visible" library="SeleniumLibrary">
<arg>xpath=//*[@id="root"]/div[1]/div[3]/button[1]</arg>
<arg>10 seconds</arg>
<doc>Waits until the element ``locator`` is visible.</doc>
<status status="PASS" starttime="20231126 00:25:19.068" endtime="20231126 00:25:19.210"/>
</kw>
<kw name="Click Element" library="SeleniumLibrary">
<arg>xpath=//*[@id="root"]/div[1]/div[3]/button[1]</arg>
<doc>Click the element identified by ``locator``.</doc>
<msg timestamp="20231126 00:25:19.210" level="INFO">Clicking element 'xpath=//*[@id="root"]/div[1]/div[3]/button[1]'.</msg>
<status status="PASS" starttime="20231126 00:25:19.210" endtime="20231126 00:25:19.529"/>
</kw>
<kw name="Click Element" library="SeleniumLibrary">
<arg>id=identifier</arg>
<doc>Click the element identified by ``locator``.</doc>
<msg timestamp="20231126 00:25:19.530" level="INFO">Clicking element 'id=identifier'.</msg>
<status status="PASS" starttime="20231126 00:25:19.529" endtime="20231126 00:25:19.607"/>
</kw>
<kw name="Input Text" library="SeleniumLibrary">
<arg>id:identifier</arg>
<arg>${username}</arg>
<doc>Types the given ``text`` into the text field identified by ``locator``.</doc>
<msg timestamp="20231126 00:25:19.608" level="INFO">Typing text 'dispatcher@sagip.live' into text field 'id:identifier'.</msg>
<status status="PASS" starttime="20231126 00:25:19.607" endtime="20231126 00:25:19.750"/>
</kw>
<kw name="Click Element" library="SeleniumLibrary">
<arg>id=password</arg>
<doc>Click the element identified by ``locator``.</doc>
<msg timestamp="20231126 00:25:19.750" level="INFO">Clicking element 'id=password'.</msg>
<status status="PASS" starttime="20231126 00:25:19.750" endtime="20231126 00:25:19.803"/>
</kw>
<kw name="Input Text" library="SeleniumLibrary">
<arg>id:password</arg>
<arg>${password}</arg>
<doc>Types the given ``text`` into the text field identified by ``locator``.</doc>
<msg timestamp="20231126 00:25:19.804" level="INFO">Typing text 'Sagip.00' into text field 'id:password'.</msg>
<status status="PASS" starttime="20231126 00:25:19.803" endtime="20231126 00:25:19.896"/>
</kw>
<kw name="Click Element" library="SeleniumLibrary">
<arg>xpath=//*[@id="root"]/div[1]/div[1]/button</arg>
<doc>Click the element identified by ``locator``.</doc>
<msg timestamp="20231126 00:25:19.897" level="INFO">Clicking element 'xpath=//*[@id="root"]/div[1]/div[1]/button'.</msg>
<status status="PASS" starttime="20231126 00:25:19.896" endtime="20231126 00:25:19.954"/>
</kw>
<kw name="Wait Until Element Is Visible" library="SeleniumLibrary">
<arg>xpath=//*[@id="root"]/div[1]/div[2]/div/header/h1</arg>
<arg>60 seconds</arg>
<doc>Waits until the element ``locator`` is visible.</doc>
<status status="PASS" starttime="20231126 00:25:19.954" endtime="20231126 00:25:21.355"/>
</kw>
<kw name="Element Should Be Visible" library="SeleniumLibrary">
<arg>xpath=//*[@id="root"]/div[1]/div[2]/div/header/h1</arg>
<doc>Verifies that the element identified by ``locator`` is visible.</doc>
<msg timestamp="20231126 00:25:21.378" level="INFO">Element 'xpath=//*[@id="root"]/div[1]/div[2]/div/header/h1' is displayed.</msg>
<status status="PASS" starttime="20231126 00:25:21.355" endtime="20231126 00:25:21.378"/>
</kw>
<status status="PASS" starttime="20231126 00:25:18.443" endtime="20231126 00:25:21.378"/>
</kw>
<status status="PASS" starttime="20231126 00:25:14.707" endtime="20231126 00:25:21.378"/>
</kw>
<kw name="Go To" library="SeleniumLibrary">
<arg>https://sagip-automation.vercel.app/admin/hazard-reports</arg>
<doc>Navigates the current browser window to the provided ``url``.</doc>
<msg timestamp="20231126 00:25:21.378" level="INFO">Opening url 'https://sagip-automation.vercel.app/admin/hazard-reports'</msg>
<status status="PASS" starttime="20231126 00:25:21.378" endtime="20231126 00:25:21.904"/>
</kw>
<kw name="Wait Until Page Contains Element" library="SeleniumLibrary">
<arg>xpath://*[@id="root"]/div[1]/div[2]/div/div[1]/div[3]/div[1]</arg>
<doc>Waits until the element ``locator`` appears on the current page.</doc>
<status status="PASS" starttime="20231126 00:25:21.905" endtime="20231126 00:25:23.980"/>
</kw>
<kw name="Get WebElement" library="SeleniumLibrary">
<var>${element}</var>
<arg>xpath://div[contains(text(), 'ongoing')]</arg>
<doc>Returns the first WebElement matching the given ``locator``.</doc>
<msg timestamp="20231126 00:25:23.999" level="INFO">${element} = &lt;selenium.webdriver.remote.webelement.WebElement (session="12c958e8714466a0f7583e12a4cbe456", element="9FEE702646BC990ABBAEE6599368DC80_element_62")&gt;</msg>
<status status="PASS" starttime="20231126 00:25:23.980" endtime="20231126 00:25:23.999"/>
</kw>
<kw name="Run Keyword Unless" library="BuiltIn">
<arg>'${element}'=='None'</arg>
<arg>Hazard Present</arg>
<doc>*DEPRECATED since RF 5.0. Use Native IF/ELSE or `Run Keyword If` instead.*</doc>
<msg timestamp="20231126 00:25:23.999" level="WARN">Keyword 'BuiltIn.Run Keyword Unless' is deprecated. </msg>
<kw name="Hazard Present">
<kw name="Click Element" library="SeleniumLibrary">
<arg>xpath://div[contains(text(), 'ongoing')]</arg>
<doc>Click the element identified by ``locator``.</doc>
<msg timestamp="20231126 00:25:24.001" level="INFO">Clicking element 'xpath://div[contains(text(), 'ongoing')]'.</msg>
<status status="PASS" starttime="20231126 00:25:24.001" endtime="20231126 00:25:24.151"/>
</kw>
<kw name="Wait Until Element Is Visible" library="SeleniumLibrary">
<arg>//*[@id="root"]/div[1]/div[2]/div/div[2]/div[1]/p</arg>
<doc>Waits until the element ``locator`` is visible.</doc>
<status status="PASS" starttime="20231126 00:25:24.151" endtime="20231126 00:25:24.315"/>
</kw>
<kw name="Element Should Be Visible" library="SeleniumLibrary">
<arg>//*[@id="root"]/div[1]/div[2]/div/div[2]/div[1]/p</arg>
<doc>Verifies that the element identified by ``locator`` is visible.</doc>
<msg timestamp="20231126 00:25:24.345" level="INFO">Element '//*[@id="root"]/div[1]/div[2]/div/div[2]/div[1]/p' is displayed.</msg>
<status status="PASS" starttime="20231126 00:25:24.315" endtime="20231126 00:25:24.345"/>
</kw>
<status status="PASS" starttime="20231126 00:25:24.000" endtime="20231126 00:25:24.345"/>
</kw>
<status status="PASS" starttime="20231126 00:25:23.999" endtime="20231126 00:25:24.346"/>
</kw>
<status status="PASS" starttime="20231126 00:25:14.706" endtime="20231126 00:25:24.346"/>
</kw>
<kw name="Element Should Be Visible" library="SeleniumLibrary">
<arg>xpath=//*[@id="root"]/div[1]/div[2]/div/div[2]/div[1]/p</arg>
<doc>Verifies that the element identified by ``locator`` is visible.</doc>
<msg timestamp="20231126 00:25:24.370" level="INFO">Element 'xpath=//*[@id="root"]/div[1]/div[2]/div/div[2]/div[1]/p' is displayed.</msg>
<status status="PASS" starttime="20231126 00:25:24.346" endtime="20231126 00:25:24.370"/>
</kw>
<status status="PASS" starttime="20231126 00:25:14.706" endtime="20231126 00:25:24.370"/>
</test>
<test id="s1-t2" name="1_TS014_TC002" line="27">
<kw name="Dispatcher Login" library="login">
<kw name="Open Browser and Maximize" library="login">
<kw name="Open Browser" library="SeleniumLibrary">
<arg>${URL}</arg>
<arg>${BROWSER}</arg>
<doc>Opens a new browser instance to the optional ``url``.</doc>
<msg timestamp="20231126 00:25:24.374" level="INFO">Opening browser 'Chrome' to base url 'https://sagip-automation.vercel.app/'.</msg>
<status status="PASS" starttime="20231126 00:25:24.373" endtime="20231126 00:25:27.831"/>
</kw>
<kw name="Maximize Browser Window" library="SeleniumLibrary">
<doc>Maximizes current browser window.</doc>
<status status="PASS" starttime="20231126 00:25:27.831" endtime="20231126 00:25:27.972"/>
</kw>
<status status="PASS" starttime="20231126 00:25:24.373" endtime="20231126 00:25:27.972"/>
</kw>
<kw name="Login" library="login">
<arg>dispatcher@sagip.live</arg>
<arg>Sagip.00</arg>
<kw name="Go To" library="SeleniumLibrary">
<arg>${URL}</arg>
<doc>Navigates the current browser window to the provided ``url``.</doc>
<msg timestamp="20231126 00:25:27.973" level="INFO">Opening url 'https://sagip-automation.vercel.app/'</msg>
<status status="PASS" starttime="20231126 00:25:27.972" endtime="20231126 00:25:28.662"/>
</kw>
<kw name="Wait Until Element Is Visible" library="SeleniumLibrary">
<arg>xpath=//*[@id="root"]/div[1]/div[3]/button[1]</arg>
<arg>10 seconds</arg>
<doc>Waits until the element ``locator`` is visible.</doc>
<status status="PASS" starttime="20231126 00:25:28.662" endtime="20231126 00:25:28.699"/>
</kw>
<kw name="Click Element" library="SeleniumLibrary">
<arg>xpath=//*[@id="root"]/div[1]/div[3]/button[1]</arg>
<doc>Click the element identified by ``locator``.</doc>
<msg timestamp="20231126 00:25:28.699" level="INFO">Clicking element 'xpath=//*[@id="root"]/div[1]/div[3]/button[1]'.</msg>
<status status="PASS" starttime="20231126 00:25:28.699" endtime="20231126 00:25:28.833"/>
</kw>
<kw name="Click Element" library="SeleniumLibrary">
<arg>id=identifier</arg>
<doc>Click the element identified by ``locator``.</doc>
<msg timestamp="20231126 00:25:28.835" level="INFO">Clicking element 'id=identifier'.</msg>
<status status="PASS" starttime="20231126 00:25:28.834" endtime="20231126 00:25:29.206"/>
</kw>
<kw name="Input Text" library="SeleniumLibrary">
<arg>id:identifier</arg>
<arg>${username}</arg>
<doc>Types the given ``text`` into the text field identified by ``locator``.</doc>
<msg timestamp="20231126 00:25:29.208" level="INFO">Typing text 'dispatcher@sagip.live' into text field 'id:identifier'.</msg>
<status status="PASS" starttime="20231126 00:25:29.206" endtime="20231126 00:25:29.446"/>
</kw>
<kw name="Click Element" library="SeleniumLibrary">
<arg>id=password</arg>
<doc>Click the element identified by ``locator``.</doc>
<msg timestamp="20231126 00:25:29.447" level="INFO">Clicking element 'id=password'.</msg>
<status status="PASS" starttime="20231126 00:25:29.446" endtime="20231126 00:25:29.499"/>
</kw>
<kw name="Input Text" library="SeleniumLibrary">
<arg>id:password</arg>
<arg>${password}</arg>
<doc>Types the given ``text`` into the text field identified by ``locator``.</doc>
<msg timestamp="20231126 00:25:29.500" level="INFO">Typing text 'Sagip.00' into text field 'id:password'.</msg>
<status status="PASS" starttime="20231126 00:25:29.499" endtime="20231126 00:25:29.590"/>
</kw>
<kw name="Click Element" library="SeleniumLibrary">
<arg>xpath=//*[@id="root"]/div[1]/div[1]/button</arg>
<doc>Click the element identified by ``locator``.</doc>
<msg timestamp="20231126 00:25:29.591" level="INFO">Clicking element 'xpath=//*[@id="root"]/div[1]/div[1]/button'.</msg>
<status status="PASS" starttime="20231126 00:25:29.590" endtime="20231126 00:25:29.651"/>
</kw>
<kw name="Wait Until Element Is Visible" library="SeleniumLibrary">
<arg>xpath=//*[@id="root"]/div[1]/div[2]/div/header/h1</arg>
<arg>60 seconds</arg>
<doc>Waits until the element ``locator`` is visible.</doc>
<status status="PASS" starttime="20231126 00:25:29.651" endtime="20231126 00:25:31.149"/>
</kw>
<kw name="Element Should Be Visible" library="SeleniumLibrary">
<arg>xpath=//*[@id="root"]/div[1]/div[2]/div/header/h1</arg>
<doc>Verifies that the element identified by ``locator`` is visible.</doc>
<msg timestamp="20231126 00:25:31.170" level="INFO">Element 'xpath=//*[@id="root"]/div[1]/div[2]/div/header/h1' is displayed.</msg>
<status status="PASS" starttime="20231126 00:25:31.150" endtime="20231126 00:25:31.170"/>
</kw>
<status status="PASS" starttime="20231126 00:25:27.972" endtime="20231126 00:25:31.170"/>
</kw>
<status status="PASS" starttime="20231126 00:25:24.373" endtime="20231126 00:25:31.170"/>
</kw>
<kw name="Click Hazard Report">
<kw name="Dispatcher Login" library="login">
<kw name="Open Browser and Maximize" library="login">
<kw name="Open Browser" library="SeleniumLibrary">
<arg>${URL}</arg>
<arg>${BROWSER}</arg>
<doc>Opens a new browser instance to the optional ``url``.</doc>
<msg timestamp="20231126 00:25:31.172" level="INFO">Opening browser 'Chrome' to base url 'https://sagip-automation.vercel.app/'.</msg>
<status status="PASS" starttime="20231126 00:25:31.171" endtime="20231126 00:25:35.341"/>
</kw>
<kw name="Maximize Browser Window" library="SeleniumLibrary">
<doc>Maximizes current browser window.</doc>
<status status="PASS" starttime="20231126 00:25:35.341" endtime="20231126 00:25:35.491"/>
</kw>
<status status="PASS" starttime="20231126 00:25:31.171" endtime="20231126 00:25:35.491"/>
</kw>
<kw name="Login" library="login">
<arg>dispatcher@sagip.live</arg>
<arg>Sagip.00</arg>
<kw name="Go To" library="SeleniumLibrary">
<arg>${URL}</arg>
<doc>Navigates the current browser window to the provided ``url``.</doc>
<msg timestamp="20231126 00:25:35.491" level="INFO">Opening url 'https://sagip-automation.vercel.app/'</msg>
<status status="PASS" starttime="20231126 00:25:35.491" endtime="20231126 00:25:36.120"/>
</kw>
<kw name="Wait Until Element Is Visible" library="SeleniumLibrary">
<arg>xpath=//*[@id="root"]/div[1]/div[3]/button[1]</arg>
<arg>10 seconds</arg>
<doc>Waits until the element ``locator`` is visible.</doc>
<status status="PASS" starttime="20231126 00:25:36.121" endtime="20231126 00:25:36.177"/>
</kw>
<kw name="Click Element" library="SeleniumLibrary">
<arg>xpath=//*[@id="root"]/div[1]/div[3]/button[1]</arg>
<doc>Click the element identified by ``locator``.</doc>
<msg timestamp="20231126 00:25:36.177" level="INFO">Clicking element 'xpath=//*[@id="root"]/div[1]/div[3]/button[1]'.</msg>
<status status="PASS" starttime="20231126 00:25:36.177" endtime="20231126 00:25:36.294"/>
</kw>
<kw name="Click Element" library="SeleniumLibrary">
<arg>id=identifier</arg>
<doc>Click the element identified by ``locator``.</doc>
<msg timestamp="20231126 00:25:36.295" level="INFO">Clicking element 'id=identifier'.</msg>
<status status="PASS" starttime="20231126 00:25:36.294" endtime="20231126 00:25:36.703"/>
</kw>
<kw name="Input Text" library="SeleniumLibrary">
<arg>id:identifier</arg>
<arg>${username}</arg>
<doc>Types the given ``text`` into the text field identified by ``locator``.</doc>
<msg timestamp="20231126 00:25:36.703" level="INFO">Typing text 'dispatcher@sagip.live' into text field 'id:identifier'.</msg>
<status status="PASS" starttime="20231126 00:25:36.703" endtime="20231126 00:25:36.874"/>
</kw>
<kw name="Click Element" library="SeleniumLibrary">
<arg>id=password</arg>
<doc>Click the element identified by ``locator``.</doc>
<msg timestamp="20231126 00:25:36.875" level="INFO">Clicking element 'id=password'.</msg>
<status status="PASS" starttime="20231126 00:25:36.874" endtime="20231126 00:25:36.928"/>
</kw>
<kw name="Input Text" library="SeleniumLibrary">
<arg>id:password</arg>
<arg>${password}</arg>
<doc>Types the given ``text`` into the text field identified by ``locator``.</doc>
<msg timestamp="20231126 00:25:36.929" level="INFO">Typing text 'Sagip.00' into text field 'id:password'.</msg>
<status status="PASS" starttime="20231126 00:25:36.929" endtime="20231126 00:25:37.025"/>
</kw>
<kw name="Click Element" library="SeleniumLibrary">
<arg>xpath=//*[@id="root"]/div[1]/div[1]/button</arg>
<doc>Click the element identified by ``locator``.</doc>
<msg timestamp="20231126 00:25:37.025" level="INFO">Clicking element 'xpath=//*[@id="root"]/div[1]/div[1]/button'.</msg>
<status status="PASS" starttime="20231126 00:25:37.025" endtime="20231126 00:25:37.084"/>
</kw>
<kw name="Wait Until Element Is Visible" library="SeleniumLibrary">
<arg>xpath=//*[@id="root"]/div[1]/div[2]/div/header/h1</arg>
<arg>60 seconds</arg>
<doc>Waits until the element ``locator`` is visible.</doc>
<status status="PASS" starttime="20231126 00:25:37.084" endtime="20231126 00:25:38.456"/>
</kw>
<kw name="Element Should Be Visible" library="SeleniumLibrary">
<arg>xpath=//*[@id="root"]/div[1]/div[2]/div/header/h1</arg>
<doc>Verifies that the element identified by ``locator`` is visible.</doc>
<msg timestamp="20231126 00:25:38.478" level="INFO">Element 'xpath=//*[@id="root"]/div[1]/div[2]/div/header/h1' is displayed.</msg>
<status status="PASS" starttime="20231126 00:25:38.456" endtime="20231126 00:25:38.478"/>
</kw>
<status status="PASS" starttime="20231126 00:25:35.491" endtime="20231126 00:25:38.478"/>
</kw>
<status status="PASS" starttime="20231126 00:25:31.171" endtime="20231126 00:25:38.478"/>
</kw>
<kw name="Go To" library="SeleniumLibrary">
<arg>https://sagip-automation.vercel.app/admin/hazard-reports</arg>
<doc>Navigates the current browser window to the provided ``url``.</doc>
<msg timestamp="20231126 00:25:38.478" level="INFO">Opening url 'https://sagip-automation.vercel.app/admin/hazard-reports'</msg>
<status status="PASS" starttime="20231126 00:25:38.478" endtime="20231126 00:25:38.972"/>
</kw>
<kw name="Wait Until Page Contains Element" library="SeleniumLibrary">
<arg>xpath://*[@id="root"]/div[1]/div[2]/div/div[1]/div[3]/div[1]</arg>
<doc>Waits until the element ``locator`` appears on the current page.</doc>
<status status="PASS" starttime="20231126 00:25:38.972" endtime="20231126 00:25:39.848"/>
</kw>
<kw name="Get WebElement" library="SeleniumLibrary">
<var>${element}</var>
<arg>xpath://div[contains(text(), 'ongoing')]</arg>
<doc>Returns the first WebElement matching the given ``locator``.</doc>
<msg timestamp="20231126 00:25:39.933" level="INFO">${element} = &lt;selenium.webdriver.remote.webelement.WebElement (session="ec13e97f706af1f2eab5d07fdf30e23e", element="3C9197EB46FF68BF581F973FF590881D_element_60")&gt;</msg>
<status status="PASS" starttime="20231126 00:25:39.848" endtime="20231126 00:25:39.934"/>
</kw>
<kw name="Run Keyword Unless" library="BuiltIn">
<arg>'${element}'=='None'</arg>
<arg>Hazard Present</arg>
<doc>*DEPRECATED since RF 5.0. Use Native IF/ELSE or `Run Keyword If` instead.*</doc>
<msg timestamp="20231126 00:25:39.934" level="WARN">Keyword 'BuiltIn.Run Keyword Unless' is deprecated. </msg>
<kw name="Hazard Present">
<kw name="Click Element" library="SeleniumLibrary">
<arg>xpath://div[contains(text(), 'ongoing')]</arg>
<doc>Click the element identified by ``locator``.</doc>
<msg timestamp="20231126 00:25:39.937" level="INFO">Clicking element 'xpath://div[contains(text(), 'ongoing')]'.</msg>
<status status="PASS" starttime="20231126 00:25:39.937" endtime="20231126 00:25:40.156"/>
</kw>
<kw name="Wait Until Element Is Visible" library="SeleniumLibrary">
<arg>//*[@id="root"]/div[1]/div[2]/div/div[2]/div[1]/p</arg>
<doc>Waits until the element ``locator`` is visible.</doc>
<status status="PASS" starttime="20231126 00:25:40.156" endtime="20231126 00:25:40.630"/>
</kw>
<kw name="Element Should Be Visible" library="SeleniumLibrary">
<arg>//*[@id="root"]/div[1]/div[2]/div/div[2]/div[1]/p</arg>
<doc>Verifies that the element identified by ``locator`` is visible.</doc>
<msg timestamp="20231126 00:25:40.693" level="INFO">Element '//*[@id="root"]/div[1]/div[2]/div/div[2]/div[1]/p' is displayed.</msg>
<status status="PASS" starttime="20231126 00:25:40.631" endtime="20231126 00:25:40.693"/>
</kw>
<status status="PASS" starttime="20231126 00:25:39.936" endtime="20231126 00:25:40.693"/>
</kw>
<status status="PASS" starttime="20231126 00:25:39.934" endtime="20231126 00:25:40.693"/>
</kw>
<status status="PASS" starttime="20231126 00:25:31.170" endtime="20231126 00:25:40.694"/>
</kw>
<kw name="Click Element" library="SeleniumLibrary">
<arg>xpath://button[contains(text(), 'Mark as Resolved')]</arg>
<doc>Click the element identified by ``locator``.</doc>
<msg timestamp="20231126 00:25:40.695" level="INFO">Clicking element 'xpath://button[contains(text(), 'Mark as Resolved')]'.</msg>
<status status="PASS" starttime="20231126 00:25:40.694" endtime="20231126 00:25:40.866"/>
</kw>
<kw name="Wait Until Element Is Visible" library="SeleniumLibrary">
<arg>css=.Toastify__toast--success</arg>
<doc>Waits until the element ``locator`` is visible.</doc>
<status status="PASS" starttime="20231126 00:25:40.866" endtime="20231126 00:25:41.893"/>
</kw>
<kw name="Element Should Be Visible" library="SeleniumLibrary">
<arg>css=.Toastify__toast--success</arg>
<doc>Verifies that the element identified by ``locator`` is visible.</doc>
<msg timestamp="20231126 00:25:41.930" level="INFO">Element 'css=.Toastify__toast--success' is displayed.</msg>
<status status="PASS" starttime="20231126 00:25:41.893" endtime="20231126 00:25:41.930"/>
</kw>
<status status="PASS" starttime="20231126 00:25:24.373" endtime="20231126 00:25:41.931"/>
</test>
<status status="PASS" starttime="20231126 00:25:14.481" endtime="20231126 00:25:41.932"/>
</suite>
<statistics>
<total>
<stat pass="2" fail="0" skip="0">All Tests</stat>
</total>
<tag>
</tag>
<suite>
<stat pass="2" fail="0" skip="0" id="s1" name="001 TS014">001 TS014</stat>
</suite>
</statistics>
<errors>
<msg timestamp="20231126 00:25:23.999" level="WARN">Keyword 'BuiltIn.Run Keyword Unless' is deprecated. </msg>
<msg timestamp="20231126 00:25:39.934" level="WARN">Keyword 'BuiltIn.Run Keyword Unless' is deprecated. </msg>
</errors>
</robot>
