<?xml version="1.0" encoding="UTF-8"?>
<robot generator="Robot 6.1.1 (Python 3.11.4 on win32)" generated="20231126 05:38:04.235" rpa="false" schemaversion="4">
<suite id="s1" name="001 TS012" source="C:\Users\Darwin\Desktop\SAGIP Automation Testing\test_suite\Hazard Report Management Module\001_TS012.robot">
<test id="s1-t1" name="1_TS012_TC001" line="35">
<kw name="Click Hazard Report">
<kw name="Dispatcher Login" library="login">
<kw name="Open Browser and Maximize" library="login">
<kw name="Open Browser" library="SeleniumLibrary">
<arg>${URL}</arg>
<arg>${BROWSER}</arg>
<doc>Opens a new browser instance to the optional ``url``.</doc>
<msg timestamp="20231126 05:38:04.605" level="INFO">Opening browser 'Chrome' to base url 'https://sagip-automation.vercel.app/'.</msg>
<status status="PASS" starttime="20231126 05:38:04.605" endtime="20231126 05:38:08.706"/>
</kw>
<kw name="Maximize Browser Window" library="SeleniumLibrary">
<doc>Maximizes current browser window.</doc>
<status status="PASS" starttime="20231126 05:38:08.707" endtime="20231126 05:38:08.726"/>
</kw>
<status status="PASS" starttime="20231126 05:38:04.604" endtime="20231126 05:38:08.726"/>
</kw>
<kw name="Login" library="login">
<arg>dispatcher@sagip.live</arg>
<arg>Sagip.00</arg>
<kw name="Go To" library="SeleniumLibrary">
<arg>${URL}</arg>
<doc>Navigates the current browser window to the provided ``url``.</doc>
<msg timestamp="20231126 05:38:08.727" level="INFO">Opening url 'https://sagip-automation.vercel.app/'</msg>
<status status="PASS" starttime="20231126 05:38:08.727" endtime="20231126 05:38:09.554"/>
</kw>
<kw name="Wait Until Element Is Visible" library="SeleniumLibrary">
<arg>xpath=//*[@id="root"]/div[1]/div[3]/button[1]</arg>
<arg>10 seconds</arg>
<doc>Waits until the element ``locator`` is visible.</doc>
<status status="PASS" starttime="20231126 05:38:09.554" endtime="20231126 05:38:09.630"/>
</kw>
<kw name="Click Element" library="SeleniumLibrary">
<arg>xpath=//*[@id="root"]/div[1]/div[3]/button[1]</arg>
<doc>Click the element identified by ``locator``.</doc>
<msg timestamp="20231126 05:38:09.631" level="INFO">Clicking element 'xpath=//*[@id="root"]/div[1]/div[3]/button[1]'.</msg>
<status status="PASS" starttime="20231126 05:38:09.630" endtime="20231126 05:38:09.971"/>
</kw>
<kw name="Click Element" library="SeleniumLibrary">
<arg>id=identifier</arg>
<doc>Click the element identified by ``locator``.</doc>
<msg timestamp="20231126 05:38:09.972" level="INFO">Clicking element 'id=identifier'.</msg>
<status status="PASS" starttime="20231126 05:38:09.971" endtime="20231126 05:38:10.367"/>
</kw>
<kw name="Input Text" library="SeleniumLibrary">
<arg>id:identifier</arg>
<arg>${username}</arg>
<doc>Types the given ``text`` into the text field identified by ``locator``.</doc>
<msg timestamp="20231126 05:38:10.372" level="INFO">Typing text 'dispatcher@sagip.live' into text field 'id:identifier'.</msg>
<status status="PASS" starttime="20231126 05:38:10.368" endtime="20231126 05:38:10.926"/>
</kw>
<kw name="Click Element" library="SeleniumLibrary">
<arg>id=password</arg>
<doc>Click the element identified by ``locator``.</doc>
<msg timestamp="20231126 05:38:10.929" level="INFO">Clicking element 'id=password'.</msg>
<status status="PASS" starttime="20231126 05:38:10.927" endtime="20231126 05:38:11.106"/>
</kw>
<kw name="Input Text" library="SeleniumLibrary">
<arg>id:password</arg>
<arg>${password}</arg>
<doc>Types the given ``text`` into the text field identified by ``locator``.</doc>
<msg timestamp="20231126 05:38:11.107" level="INFO">Typing text 'Sagip.00' into text field 'id:password'.</msg>
<status status="PASS" starttime="20231126 05:38:11.106" endtime="20231126 05:38:11.191"/>
</kw>
<kw name="Click Element" library="SeleniumLibrary">
<arg>xpath=//*[@id="root"]/div[1]/div[1]/button</arg>
<doc>Click the element identified by ``locator``.</doc>
<msg timestamp="20231126 05:38:11.192" level="INFO">Clicking element 'xpath=//*[@id="root"]/div[1]/div[1]/button'.</msg>
<status status="PASS" starttime="20231126 05:38:11.191" endtime="20231126 05:38:11.254"/>
</kw>
<kw name="Wait Until Element Is Visible" library="SeleniumLibrary">
<arg>xpath=//*[@id="root"]/div[1]/div[2]/div/header/h1</arg>
<arg>60 seconds</arg>
<doc>Waits until the element ``locator`` is visible.</doc>
<status status="PASS" starttime="20231126 05:38:11.254" endtime="20231126 05:38:12.591"/>
</kw>
<kw name="Element Should Be Visible" library="SeleniumLibrary">
<arg>xpath=//*[@id="root"]/div[1]/div[2]/div/header/h1</arg>
<doc>Verifies that the element identified by ``locator`` is visible.</doc>
<msg timestamp="20231126 05:38:12.615" level="INFO">Element 'xpath=//*[@id="root"]/div[1]/div[2]/div/header/h1' is displayed.</msg>
<status status="PASS" starttime="20231126 05:38:12.591" endtime="20231126 05:38:12.615"/>
</kw>
<status status="PASS" starttime="20231126 05:38:08.726" endtime="20231126 05:38:12.615"/>
</kw>
<status status="PASS" starttime="20231126 05:38:04.604" endtime="20231126 05:38:12.615"/>
</kw>
<kw name="Go To" library="SeleniumLibrary">
<arg>https://sagip-automation.vercel.app/admin/hazard-reports</arg>
<doc>Navigates the current browser window to the provided ``url``.</doc>
<msg timestamp="20231126 05:38:12.615" level="INFO">Opening url 'https://sagip-automation.vercel.app/admin/hazard-reports'</msg>
<status status="PASS" starttime="20231126 05:38:12.615" endtime="20231126 05:38:13.220"/>
</kw>
<kw name="Wait Until Page Contains Element" library="SeleniumLibrary">
<arg>xpath=//*[@id="root"]/div[1]/div[2]/div/div[1]/div[3]/div[1]</arg>
<doc>Waits until the element ``locator`` appears on the current page.</doc>
<status status="PASS" starttime="20231126 05:38:13.220" endtime="20231126 05:38:13.894"/>
</kw>
<kw name="Get WebElement" library="SeleniumLibrary">
<var>${element}</var>
<arg>xpath=//div[contains(text(), 'unverified')]</arg>
<doc>Returns the first WebElement matching the given ``locator``.</doc>
<msg timestamp="20231126 05:38:13.912" level="INFO">${element} = &lt;selenium.webdriver.remote.webelement.WebElement (session="319a5592f74f1f3d857b421caff098fb", element="B6C539B958984D5C190A9078EBE3863F_element_58")&gt;</msg>
<status status="PASS" starttime="20231126 05:38:13.894" endtime="20231126 05:38:13.912"/>
</kw>
<kw name="Run Keyword Unless" library="BuiltIn">
<arg>'${element}'=='None'</arg>
<arg>Hazard Present</arg>
<doc>*DEPRECATED since RF 5.0. Use Native IF/ELSE or `Run Keyword If` instead.*</doc>
<msg timestamp="20231126 05:38:13.913" level="WARN">Keyword 'BuiltIn.Run Keyword Unless' is deprecated. </msg>
<kw name="Hazard Present">
<kw name="Click Element" library="SeleniumLibrary">
<arg>xpath=//div[contains(text(), 'unverified')]</arg>
<doc>Click the element identified by ``locator``.</doc>
<msg timestamp="20231126 05:38:13.915" level="INFO">Clicking element 'xpath=//div[contains(text(), 'unverified')]'.</msg>
<status status="PASS" starttime="20231126 05:38:13.914" endtime="20231126 05:38:14.053"/>
</kw>
<kw name="Wait Until Element Is Visible" library="SeleniumLibrary">
<arg>//*[@id="root"]/div[1]/div[2]/div/div[2]/div[1]/p</arg>
<doc>Waits until the element ``locator`` is visible.</doc>
<status status="PASS" starttime="20231126 05:38:14.053" endtime="20231126 05:38:14.131"/>
</kw>
<kw name="Element Should Be Visible" library="SeleniumLibrary">
<arg>//*[@id="root"]/div[1]/div[2]/div/div[2]/div[1]/p</arg>
<doc>Verifies that the element identified by ``locator`` is visible.</doc>
<msg timestamp="20231126 05:38:14.161" level="INFO">Element '//*[@id="root"]/div[1]/div[2]/div/div[2]/div[1]/p' is displayed.</msg>
<status status="PASS" starttime="20231126 05:38:14.132" endtime="20231126 05:38:14.161"/>
</kw>
<status status="PASS" starttime="20231126 05:38:13.914" endtime="20231126 05:38:14.162"/>
</kw>
<status status="PASS" starttime="20231126 05:38:13.913" endtime="20231126 05:38:14.162"/>
</kw>
<status status="PASS" starttime="20231126 05:38:04.604" endtime="20231126 05:38:14.162"/>
</kw>
<kw name="Element Should Be Visible" library="SeleniumLibrary">
<arg>xpath=//*[@id="root"]/div[1]/div[2]/div/div[2]/div[1]/p</arg>
<doc>Verifies that the element identified by ``locator`` is visible.</doc>
<msg timestamp="20231126 05:38:14.192" level="INFO">Element 'xpath=//*[@id="root"]/div[1]/div[2]/div/div[2]/div[1]/p' is displayed.</msg>
<status status="PASS" starttime="20231126 05:38:14.162" endtime="20231126 05:38:14.192"/>
</kw>
<kw name="Close Browser" library="SeleniumLibrary">
<doc>Closes the current browser.</doc>
<status status="PASS" starttime="20231126 05:38:14.193" endtime="20231126 05:38:16.456"/>
</kw>
<status status="PASS" starttime="20231126 05:38:04.602" endtime="20231126 05:38:16.456"/>
</test>
<test id="s1-t2" name="1_TS012_TC002" line="40">
<kw name="Reject Hazard Report">
<kw name="Click Hazard Report">
<kw name="Dispatcher Login" library="login">
<kw name="Open Browser and Maximize" library="login">
<kw name="Open Browser" library="SeleniumLibrary">
<arg>${URL}</arg>
<arg>${BROWSER}</arg>
<doc>Opens a new browser instance to the optional ``url``.</doc>
<msg timestamp="20231126 05:38:16.460" level="INFO">Opening browser 'Chrome' to base url 'https://sagip-automation.vercel.app/'.</msg>
<status status="PASS" starttime="20231126 05:38:16.459" endtime="20231126 05:38:19.720"/>
</kw>
<kw name="Maximize Browser Window" library="SeleniumLibrary">
<doc>Maximizes current browser window.</doc>
<status status="PASS" starttime="20231126 05:38:19.720" endtime="20231126 05:38:19.871"/>
</kw>
<status status="PASS" starttime="20231126 05:38:16.459" endtime="20231126 05:38:19.871"/>
</kw>
<kw name="Login" library="login">
<arg>dispatcher@sagip.live</arg>
<arg>Sagip.00</arg>
<kw name="Go To" library="SeleniumLibrary">
<arg>${URL}</arg>
<doc>Navigates the current browser window to the provided ``url``.</doc>
<msg timestamp="20231126 05:38:19.871" level="INFO">Opening url 'https://sagip-automation.vercel.app/'</msg>
<status status="PASS" starttime="20231126 05:38:19.871" endtime="20231126 05:38:20.551"/>
</kw>
<kw name="Wait Until Element Is Visible" library="SeleniumLibrary">
<arg>xpath=//*[@id="root"]/div[1]/div[3]/button[1]</arg>
<arg>10 seconds</arg>
<doc>Waits until the element ``locator`` is visible.</doc>
<status status="PASS" starttime="20231126 05:38:20.551" endtime="20231126 05:38:20.588"/>
</kw>
<kw name="Click Element" library="SeleniumLibrary">
<arg>xpath=//*[@id="root"]/div[1]/div[3]/button[1]</arg>
<doc>Click the element identified by ``locator``.</doc>
<msg timestamp="20231126 05:38:20.588" level="INFO">Clicking element 'xpath=//*[@id="root"]/div[1]/div[3]/button[1]'.</msg>
<status status="PASS" starttime="20231126 05:38:20.588" endtime="20231126 05:38:20.742"/>
</kw>
<kw name="Click Element" library="SeleniumLibrary">
<arg>id=identifier</arg>
<doc>Click the element identified by ``locator``.</doc>
<msg timestamp="20231126 05:38:20.743" level="INFO">Clicking element 'id=identifier'.</msg>
<status status="PASS" starttime="20231126 05:38:20.742" endtime="20231126 05:38:21.107"/>
</kw>
<kw name="Input Text" library="SeleniumLibrary">
<arg>id:identifier</arg>
<arg>${username}</arg>
<doc>Types the given ``text`` into the text field identified by ``locator``.</doc>
<msg timestamp="20231126 05:38:21.108" level="INFO">Typing text 'dispatcher@sagip.live' into text field 'id:identifier'.</msg>
<status status="PASS" starttime="20231126 05:38:21.107" endtime="20231126 05:38:21.234"/>
</kw>
<kw name="Click Element" library="SeleniumLibrary">
<arg>id=password</arg>
<doc>Click the element identified by ``locator``.</doc>
<msg timestamp="20231126 05:38:21.235" level="INFO">Clicking element 'id=password'.</msg>
<status status="PASS" starttime="20231126 05:38:21.234" endtime="20231126 05:38:21.299"/>
</kw>
<kw name="Input Text" library="SeleniumLibrary">
<arg>id:password</arg>
<arg>${password}</arg>
<doc>Types the given ``text`` into the text field identified by ``locator``.</doc>
<msg timestamp="20231126 05:38:21.299" level="INFO">Typing text 'Sagip.00' into text field 'id:password'.</msg>
<status status="PASS" starttime="20231126 05:38:21.299" endtime="20231126 05:38:21.384"/>
</kw>
<kw name="Click Element" library="SeleniumLibrary">
<arg>xpath=//*[@id="root"]/div[1]/div[1]/button</arg>
<doc>Click the element identified by ``locator``.</doc>
<msg timestamp="20231126 05:38:21.385" level="INFO">Clicking element 'xpath=//*[@id="root"]/div[1]/div[1]/button'.</msg>
<status status="PASS" starttime="20231126 05:38:21.384" endtime="20231126 05:38:21.450"/>
</kw>
<kw name="Wait Until Element Is Visible" library="SeleniumLibrary">
<arg>xpath=//*[@id="root"]/div[1]/div[2]/div/header/h1</arg>
<arg>60 seconds</arg>
<doc>Waits until the element ``locator`` is visible.</doc>
<status status="PASS" starttime="20231126 05:38:21.450" endtime="20231126 05:38:22.784"/>
</kw>
<kw name="Element Should Be Visible" library="SeleniumLibrary">
<arg>xpath=//*[@id="root"]/div[1]/div[2]/div/header/h1</arg>
<doc>Verifies that the element identified by ``locator`` is visible.</doc>
<msg timestamp="20231126 05:38:22.804" level="INFO">Element 'xpath=//*[@id="root"]/div[1]/div[2]/div/header/h1' is displayed.</msg>
<status status="PASS" starttime="20231126 05:38:22.784" endtime="20231126 05:38:22.804"/>
</kw>
<status status="PASS" starttime="20231126 05:38:19.871" endtime="20231126 05:38:22.804"/>
</kw>
<status status="PASS" starttime="20231126 05:38:16.459" endtime="20231126 05:38:22.805"/>
</kw>
<kw name="Go To" library="SeleniumLibrary">
<arg>https://sagip-automation.vercel.app/admin/hazard-reports</arg>
<doc>Navigates the current browser window to the provided ``url``.</doc>
<msg timestamp="20231126 05:38:22.805" level="INFO">Opening url 'https://sagip-automation.vercel.app/admin/hazard-reports'</msg>
<status status="PASS" starttime="20231126 05:38:22.805" endtime="20231126 05:38:23.325"/>
</kw>
<kw name="Wait Until Page Contains Element" library="SeleniumLibrary">
<arg>xpath=//*[@id="root"]/div[1]/div[2]/div/div[1]/div[3]/div[1]</arg>
<doc>Waits until the element ``locator`` appears on the current page.</doc>
<status status="PASS" starttime="20231126 05:38:23.325" endtime="20231126 05:38:24.177"/>
</kw>
<kw name="Get WebElement" library="SeleniumLibrary">
<var>${element}</var>
<arg>xpath=//div[contains(text(), 'unverified')]</arg>
<doc>Returns the first WebElement matching the given ``locator``.</doc>
<msg timestamp="20231126 05:38:24.215" level="INFO">${element} = &lt;selenium.webdriver.remote.webelement.WebElement (session="53e041a38775264f84b8622362c9d975", element="8686E294464CD528C3A87DDDA0D2DC29_element_60")&gt;</msg>
<status status="PASS" starttime="20231126 05:38:24.178" endtime="20231126 05:38:24.215"/>
</kw>
<kw name="Run Keyword Unless" library="BuiltIn">
<arg>'${element}'=='None'</arg>
<arg>Hazard Present</arg>
<doc>*DEPRECATED since RF 5.0. Use Native IF/ELSE or `Run Keyword If` instead.*</doc>
<msg timestamp="20231126 05:38:24.215" level="WARN">Keyword 'BuiltIn.Run Keyword Unless' is deprecated. </msg>
<kw name="Hazard Present">
<kw name="Click Element" library="SeleniumLibrary">
<arg>xpath=//div[contains(text(), 'unverified')]</arg>
<doc>Click the element identified by ``locator``.</doc>
<msg timestamp="20231126 05:38:24.219" level="INFO">Clicking element 'xpath=//div[contains(text(), 'unverified')]'.</msg>
<status status="PASS" starttime="20231126 05:38:24.218" endtime="20231126 05:38:24.371"/>
</kw>
<kw name="Wait Until Element Is Visible" library="SeleniumLibrary">
<arg>//*[@id="root"]/div[1]/div[2]/div/div[2]/div[1]/p</arg>
<doc>Waits until the element ``locator`` is visible.</doc>
<status status="PASS" starttime="20231126 05:38:24.372" endtime="20231126 05:38:24.464"/>
</kw>
<kw name="Element Should Be Visible" library="SeleniumLibrary">
<arg>//*[@id="root"]/div[1]/div[2]/div/div[2]/div[1]/p</arg>
<doc>Verifies that the element identified by ``locator`` is visible.</doc>
<msg timestamp="20231126 05:38:24.519" level="INFO">Element '//*[@id="root"]/div[1]/div[2]/div/div[2]/div[1]/p' is displayed.</msg>
<status status="PASS" starttime="20231126 05:38:24.464" endtime="20231126 05:38:24.520"/>
</kw>
<status status="PASS" starttime="20231126 05:38:24.217" endtime="20231126 05:38:24.521"/>
</kw>
<status status="PASS" starttime="20231126 05:38:24.215" endtime="20231126 05:38:24.521"/>
</kw>
<status status="PASS" starttime="20231126 05:38:16.459" endtime="20231126 05:38:24.521"/>
</kw>
<kw name="Wait Until Page Contains Element" library="SeleniumLibrary">
<arg>xpath=//button[contains(text(), 'Reject Hazard Report')]</arg>
<doc>Waits until the element ``locator`` appears on the current page.</doc>
<status status="PASS" starttime="20231126 05:38:24.521" endtime="20231126 05:38:24.772"/>
</kw>
<kw name="Click Element" library="SeleniumLibrary">
<arg>xpath=//button[contains(text(), 'Reject Hazard Report')]</arg>
<doc>Click the element identified by ``locator``.</doc>
<msg timestamp="20231126 05:38:24.773" level="INFO">Clicking element 'xpath=//button[contains(text(), 'Reject Hazard Report')]'.</msg>
<status status="PASS" starttime="20231126 05:38:24.772" endtime="20231126 05:38:24.955"/>
</kw>
<status status="PASS" starttime="20231126 05:38:16.458" endtime="20231126 05:38:24.955"/>
</kw>
<kw name="Element Should Be Visible" library="SeleniumLibrary">
<arg>id=radix-:r0:</arg>
<doc>Verifies that the element identified by ``locator`` is visible.</doc>
<msg timestamp="20231126 05:38:25.082" level="INFO">Element 'id=radix-:r0:' is displayed.</msg>
<status status="PASS" starttime="20231126 05:38:24.958" endtime="20231126 05:38:25.082"/>
</kw>
<kw name="Close Browser" library="SeleniumLibrary">
<doc>Closes the current browser.</doc>
<status status="PASS" starttime="20231126 05:38:25.083" endtime="20231126 05:38:27.386"/>
</kw>
<status status="PASS" starttime="20231126 05:38:16.458" endtime="20231126 05:38:27.387"/>
</test>
<test id="s1-t3" name="1_TS012_TC003" line="45">
<kw name="Input Rejection Reason">
<kw name="Reject Hazard Report">
<kw name="Click Hazard Report">
<kw name="Dispatcher Login" library="login">
<kw name="Open Browser and Maximize" library="login">
<kw name="Open Browser" library="SeleniumLibrary">
<arg>${URL}</arg>
<arg>${BROWSER}</arg>
<doc>Opens a new browser instance to the optional ``url``.</doc>
<msg timestamp="20231126 05:38:27.390" level="INFO">Opening browser 'Chrome' to base url 'https://sagip-automation.vercel.app/'.</msg>
<status status="PASS" starttime="20231126 05:38:27.390" endtime="20231126 05:38:30.997"/>
</kw>
<kw name="Maximize Browser Window" library="SeleniumLibrary">
<doc>Maximizes current browser window.</doc>
<status status="PASS" starttime="20231126 05:38:30.997" endtime="20231126 05:38:31.151"/>
</kw>
<status status="PASS" starttime="20231126 05:38:27.390" endtime="20231126 05:38:31.151"/>
</kw>
<kw name="Login" library="login">
<arg>dispatcher@sagip.live</arg>
<arg>Sagip.00</arg>
<kw name="Go To" library="SeleniumLibrary">
<arg>${URL}</arg>
<doc>Navigates the current browser window to the provided ``url``.</doc>
<msg timestamp="20231126 05:38:31.152" level="INFO">Opening url 'https://sagip-automation.vercel.app/'</msg>
<status status="PASS" starttime="20231126 05:38:31.152" endtime="20231126 05:38:31.716"/>
</kw>
<kw name="Wait Until Element Is Visible" library="SeleniumLibrary">
<arg>xpath=//*[@id="root"]/div[1]/div[3]/button[1]</arg>
<arg>10 seconds</arg>
<doc>Waits until the element ``locator`` is visible.</doc>
<status status="PASS" starttime="20231126 05:38:31.716" endtime="20231126 05:38:31.817"/>
</kw>
<kw name="Click Element" library="SeleniumLibrary">
<arg>xpath=//*[@id="root"]/div[1]/div[3]/button[1]</arg>
<doc>Click the element identified by ``locator``.</doc>
<msg timestamp="20231126 05:38:31.820" level="INFO">Clicking element 'xpath=//*[@id="root"]/div[1]/div[3]/button[1]'.</msg>
<status status="PASS" starttime="20231126 05:38:31.817" endtime="20231126 05:38:31.926"/>
</kw>
<kw name="Click Element" library="SeleniumLibrary">
<arg>id=identifier</arg>
<doc>Click the element identified by ``locator``.</doc>
<msg timestamp="20231126 05:38:31.928" level="INFO">Clicking element 'id=identifier'.</msg>
<status status="PASS" starttime="20231126 05:38:31.927" endtime="20231126 05:38:32.246"/>
</kw>
<kw name="Input Text" library="SeleniumLibrary">
<arg>id:identifier</arg>
<arg>${username}</arg>
<doc>Types the given ``text`` into the text field identified by ``locator``.</doc>
<msg timestamp="20231126 05:38:32.246" level="INFO">Typing text 'dispatcher@sagip.live' into text field 'id:identifier'.</msg>
<status status="PASS" starttime="20231126 05:38:32.246" endtime="20231126 05:38:32.366"/>
</kw>
<kw name="Click Element" library="SeleniumLibrary">
<arg>id=password</arg>
<doc>Click the element identified by ``locator``.</doc>
<msg timestamp="20231126 05:38:32.366" level="INFO">Clicking element 'id=password'.</msg>
<status status="PASS" starttime="20231126 05:38:32.366" endtime="20231126 05:38:32.420"/>
</kw>
<kw name="Input Text" library="SeleniumLibrary">
<arg>id:password</arg>
<arg>${password}</arg>
<doc>Types the given ``text`` into the text field identified by ``locator``.</doc>
<msg timestamp="20231126 05:38:32.421" level="INFO">Typing text 'Sagip.00' into text field 'id:password'.</msg>
<status status="PASS" starttime="20231126 05:38:32.420" endtime="20231126 05:38:32.504"/>
</kw>
<kw name="Click Element" library="SeleniumLibrary">
<arg>xpath=//*[@id="root"]/div[1]/div[1]/button</arg>
<doc>Click the element identified by ``locator``.</doc>
<msg timestamp="20231126 05:38:32.504" level="INFO">Clicking element 'xpath=//*[@id="root"]/div[1]/div[1]/button'.</msg>
<status status="PASS" starttime="20231126 05:38:32.504" endtime="20231126 05:38:32.564"/>
</kw>
<kw name="Wait Until Element Is Visible" library="SeleniumLibrary">
<arg>xpath=//*[@id="root"]/div[1]/div[2]/div/header/h1</arg>
<arg>60 seconds</arg>
<doc>Waits until the element ``locator`` is visible.</doc>
<status status="PASS" starttime="20231126 05:38:32.564" endtime="20231126 05:38:34.018"/>
</kw>
<kw name="Element Should Be Visible" library="SeleniumLibrary">
<arg>xpath=//*[@id="root"]/div[1]/div[2]/div/header/h1</arg>
<doc>Verifies that the element identified by ``locator`` is visible.</doc>
<msg timestamp="20231126 05:38:34.043" level="INFO">Element 'xpath=//*[@id="root"]/div[1]/div[2]/div/header/h1' is displayed.</msg>
<status status="PASS" starttime="20231126 05:38:34.018" endtime="20231126 05:38:34.043"/>
</kw>
<status status="PASS" starttime="20231126 05:38:31.151" endtime="20231126 05:38:34.043"/>
</kw>
<status status="PASS" starttime="20231126 05:38:27.389" endtime="20231126 05:38:34.043"/>
</kw>
<kw name="Go To" library="SeleniumLibrary">
<arg>https://sagip-automation.vercel.app/admin/hazard-reports</arg>
<doc>Navigates the current browser window to the provided ``url``.</doc>
<msg timestamp="20231126 05:38:34.044" level="INFO">Opening url 'https://sagip-automation.vercel.app/admin/hazard-reports'</msg>
<status status="PASS" starttime="20231126 05:38:34.044" endtime="20231126 05:38:34.633"/>
</kw>
<kw name="Wait Until Page Contains Element" library="SeleniumLibrary">
<arg>xpath=//*[@id="root"]/div[1]/div[2]/div/div[1]/div[3]/div[1]</arg>
<doc>Waits until the element ``locator`` appears on the current page.</doc>
<status status="PASS" starttime="20231126 05:38:34.634" endtime="20231126 05:38:35.444"/>
</kw>
<kw name="Get WebElement" library="SeleniumLibrary">
<var>${element}</var>
<arg>xpath=//div[contains(text(), 'unverified')]</arg>
<doc>Returns the first WebElement matching the given ``locator``.</doc>
<msg timestamp="20231126 05:38:35.477" level="INFO">${element} = &lt;selenium.webdriver.remote.webelement.WebElement (session="7e711d1e49b32685e6ffbbf0d31f5ba5", element="FEB70C04EA97A9F6E4C4B95D4FD86A41_element_59")&gt;</msg>
<status status="PASS" starttime="20231126 05:38:35.445" endtime="20231126 05:38:35.477"/>
</kw>
<kw name="Run Keyword Unless" library="BuiltIn">
<arg>'${element}'=='None'</arg>
<arg>Hazard Present</arg>
<doc>*DEPRECATED since RF 5.0. Use Native IF/ELSE or `Run Keyword If` instead.*</doc>
<msg timestamp="20231126 05:38:35.478" level="WARN">Keyword 'BuiltIn.Run Keyword Unless' is deprecated. </msg>
<kw name="Hazard Present">
<kw name="Click Element" library="SeleniumLibrary">
<arg>xpath=//div[contains(text(), 'unverified')]</arg>
<doc>Click the element identified by ``locator``.</doc>
<msg timestamp="20231126 05:38:35.483" level="INFO">Clicking element 'xpath=//div[contains(text(), 'unverified')]'.</msg>
<status status="PASS" starttime="20231126 05:38:35.482" endtime="20231126 05:38:35.641"/>
</kw>
<kw name="Wait Until Element Is Visible" library="SeleniumLibrary">
<arg>//*[@id="root"]/div[1]/div[2]/div/div[2]/div[1]/p</arg>
<doc>Waits until the element ``locator`` is visible.</doc>
<status status="PASS" starttime="20231126 05:38:35.641" endtime="20231126 05:38:35.721"/>
</kw>
<kw name="Element Should Be Visible" library="SeleniumLibrary">
<arg>//*[@id="root"]/div[1]/div[2]/div/div[2]/div[1]/p</arg>
<doc>Verifies that the element identified by ``locator`` is visible.</doc>
<msg timestamp="20231126 05:38:35.750" level="INFO">Element '//*[@id="root"]/div[1]/div[2]/div/div[2]/div[1]/p' is displayed.</msg>
<status status="PASS" starttime="20231126 05:38:35.721" endtime="20231126 05:38:35.750"/>
</kw>
<status status="PASS" starttime="20231126 05:38:35.482" endtime="20231126 05:38:35.750"/>
</kw>
<status status="PASS" starttime="20231126 05:38:35.477" endtime="20231126 05:38:35.750"/>
</kw>
<status status="PASS" starttime="20231126 05:38:27.389" endtime="20231126 05:38:35.750"/>
</kw>
<kw name="Wait Until Page Contains Element" library="SeleniumLibrary">
<arg>xpath=//button[contains(text(), 'Reject Hazard Report')]</arg>
<doc>Waits until the element ``locator`` appears on the current page.</doc>
<status status="PASS" starttime="20231126 05:38:35.751" endtime="20231126 05:38:35.793"/>
</kw>
<kw name="Click Element" library="SeleniumLibrary">
<arg>xpath=//button[contains(text(), 'Reject Hazard Report')]</arg>
<doc>Click the element identified by ``locator``.</doc>
<msg timestamp="20231126 05:38:35.794" level="INFO">Clicking element 'xpath=//button[contains(text(), 'Reject Hazard Report')]'.</msg>
<status status="PASS" starttime="20231126 05:38:35.793" endtime="20231126 05:38:36.283"/>
</kw>
<status status="PASS" starttime="20231126 05:38:27.389" endtime="20231126 05:38:36.283"/>
</kw>
<kw name="Click Element" library="SeleniumLibrary">
<arg>xpath=//div[@id='radix-:r0:']/form/div/div/div/div/div[2]</arg>
<doc>Click the element identified by ``locator``.</doc>
<msg timestamp="20231126 05:38:36.284" level="INFO">Clicking element 'xpath=//div[@id='radix-:r0:']/form/div/div/div/div/div[2]'.</msg>
<status status="PASS" starttime="20231126 05:38:36.283" endtime="20231126 05:38:36.427"/>
</kw>
<kw name="Click Element" library="SeleniumLibrary">
<arg>id=react-select-2-option-0</arg>
<doc>Click the element identified by ``locator``.</doc>
<msg timestamp="20231126 05:38:36.428" level="INFO">Clicking element 'id=react-select-2-option-0'.</msg>
<status status="PASS" starttime="20231126 05:38:36.427" endtime="20231126 05:38:36.730"/>
</kw>
<status status="PASS" starttime="20231126 05:38:27.389" endtime="20231126 05:38:36.730"/>
</kw>
<kw name="Input Text" library="SeleniumLibrary">
<arg>id=additionalNote</arg>
<arg>The department identified the report as false alarm.</arg>
<doc>Types the given ``text`` into the text field identified by ``locator``.</doc>
<msg timestamp="20231126 05:38:36.732" level="INFO">Typing text 'The department identified the report as false alarm.' into text field 'id=additionalNote'.</msg>
<status status="PASS" starttime="20231126 05:38:36.730" endtime="20231126 05:38:37.125"/>
</kw>
<kw name="Click Element" library="SeleniumLibrary">
<arg>xpath=//button[contains(text(), 'Reject Report')]</arg>
<doc>Click the element identified by ``locator``.</doc>
<msg timestamp="20231126 05:38:37.128" level="INFO">Clicking element 'xpath=//button[contains(text(), 'Reject Report')]'.</msg>
<status status="PASS" starttime="20231126 05:38:37.126" endtime="20231126 05:38:37.219"/>
</kw>
<kw name="Alert Should Be Present" library="SeleniumLibrary">
<arg>action=LEAVE</arg>
<doc>Verifies that an alert is present and by default, accepts it.</doc>
<msg timestamp="20231126 05:38:37.220" level="INFO">HANDLE::&lt;class 'NoneType'&gt;::None</msg>
<status status="PASS" starttime="20231126 05:38:37.220" endtime="20231126 05:38:37.223"/>
</kw>
<kw name="Close Browser" library="SeleniumLibrary">
<doc>Closes the current browser.</doc>
<status status="PASS" starttime="20231126 05:38:37.224" endtime="20231126 05:38:39.814"/>
</kw>
<status status="PASS" starttime="20231126 05:38:27.388" endtime="20231126 05:38:39.815"/>
</test>
<test id="s1-t4" name="1_TS012_TC004" line="52">
<kw name="Reject Hazard Report">
<kw name="Click Hazard Report">
<kw name="Dispatcher Login" library="login">
<kw name="Open Browser and Maximize" library="login">
<kw name="Open Browser" library="SeleniumLibrary">
<arg>${URL}</arg>
<arg>${BROWSER}</arg>
<doc>Opens a new browser instance to the optional ``url``.</doc>
<msg timestamp="20231126 05:38:39.818" level="INFO">Opening browser 'Chrome' to base url 'https://sagip-automation.vercel.app/'.</msg>
<status status="PASS" starttime="20231126 05:38:39.818" endtime="20231126 05:38:43.596"/>
</kw>
<kw name="Maximize Browser Window" library="SeleniumLibrary">
<doc>Maximizes current browser window.</doc>
<status status="PASS" starttime="20231126 05:38:43.596" endtime="20231126 05:38:43.773"/>
</kw>
<status status="PASS" starttime="20231126 05:38:39.818" endtime="20231126 05:38:43.773"/>
</kw>
<kw name="Login" library="login">
<arg>dispatcher@sagip.live</arg>
<arg>Sagip.00</arg>
<kw name="Go To" library="SeleniumLibrary">
<arg>${URL}</arg>
<doc>Navigates the current browser window to the provided ``url``.</doc>
<msg timestamp="20231126 05:38:43.774" level="INFO">Opening url 'https://sagip-automation.vercel.app/'</msg>
<status status="PASS" starttime="20231126 05:38:43.774" endtime="20231126 05:38:44.648"/>
</kw>
<kw name="Wait Until Element Is Visible" library="SeleniumLibrary">
<arg>xpath=//*[@id="root"]/div[1]/div[3]/button[1]</arg>
<arg>10 seconds</arg>
<doc>Waits until the element ``locator`` is visible.</doc>
<status status="PASS" starttime="20231126 05:38:44.648" endtime="20231126 05:38:44.815"/>
</kw>
<kw name="Click Element" library="SeleniumLibrary">
<arg>xpath=//*[@id="root"]/div[1]/div[3]/button[1]</arg>
<doc>Click the element identified by ``locator``.</doc>
<msg timestamp="20231126 05:38:44.816" level="INFO">Clicking element 'xpath=//*[@id="root"]/div[1]/div[3]/button[1]'.</msg>
<status status="PASS" starttime="20231126 05:38:44.815" endtime="20231126 05:38:45.150"/>
</kw>
<kw name="Click Element" library="SeleniumLibrary">
<arg>id=identifier</arg>
<doc>Click the element identified by ``locator``.</doc>
<msg timestamp="20231126 05:38:45.151" level="INFO">Clicking element 'id=identifier'.</msg>
<status status="PASS" starttime="20231126 05:38:45.150" endtime="20231126 05:38:45.219"/>
</kw>
<kw name="Input Text" library="SeleniumLibrary">
<arg>id:identifier</arg>
<arg>${username}</arg>
<doc>Types the given ``text`` into the text field identified by ``locator``.</doc>
<msg timestamp="20231126 05:38:45.220" level="INFO">Typing text 'dispatcher@sagip.live' into text field 'id:identifier'.</msg>
<status status="PASS" starttime="20231126 05:38:45.219" endtime="20231126 05:38:45.399"/>
</kw>
<kw name="Click Element" library="SeleniumLibrary">
<arg>id=password</arg>
<doc>Click the element identified by ``locator``.</doc>
<msg timestamp="20231126 05:38:45.400" level="INFO">Clicking element 'id=password'.</msg>
<status status="PASS" starttime="20231126 05:38:45.400" endtime="20231126 05:38:45.453"/>
</kw>
<kw name="Input Text" library="SeleniumLibrary">
<arg>id:password</arg>
<arg>${password}</arg>
<doc>Types the given ``text`` into the text field identified by ``locator``.</doc>
<msg timestamp="20231126 05:38:45.453" level="INFO">Typing text 'Sagip.00' into text field 'id:password'.</msg>
<status status="PASS" starttime="20231126 05:38:45.453" endtime="20231126 05:38:45.547"/>
</kw>
<kw name="Click Element" library="SeleniumLibrary">
<arg>xpath=//*[@id="root"]/div[1]/div[1]/button</arg>
<doc>Click the element identified by ``locator``.</doc>
<msg timestamp="20231126 05:38:45.547" level="INFO">Clicking element 'xpath=//*[@id="root"]/div[1]/div[1]/button'.</msg>
<status status="PASS" starttime="20231126 05:38:45.547" endtime="20231126 05:38:45.610"/>
</kw>
<kw name="Wait Until Element Is Visible" library="SeleniumLibrary">
<arg>xpath=//*[@id="root"]/div[1]/div[2]/div/header/h1</arg>
<arg>60 seconds</arg>
<doc>Waits until the element ``locator`` is visible.</doc>
<status status="PASS" starttime="20231126 05:38:45.610" endtime="20231126 05:38:47.052"/>
</kw>
<kw name="Element Should Be Visible" library="SeleniumLibrary">
<arg>xpath=//*[@id="root"]/div[1]/div[2]/div/header/h1</arg>
<doc>Verifies that the element identified by ``locator`` is visible.</doc>
<msg timestamp="20231126 05:38:47.070" level="INFO">Element 'xpath=//*[@id="root"]/div[1]/div[2]/div/header/h1' is displayed.</msg>
<status status="PASS" starttime="20231126 05:38:47.052" endtime="20231126 05:38:47.070"/>
</kw>
<status status="PASS" starttime="20231126 05:38:43.773" endtime="20231126 05:38:47.070"/>
</kw>
<status status="PASS" starttime="20231126 05:38:39.818" endtime="20231126 05:38:47.070"/>
</kw>
<kw name="Go To" library="SeleniumLibrary">
<arg>https://sagip-automation.vercel.app/admin/hazard-reports</arg>
<doc>Navigates the current browser window to the provided ``url``.</doc>
<msg timestamp="20231126 05:38:47.071" level="INFO">Opening url 'https://sagip-automation.vercel.app/admin/hazard-reports'</msg>
<status status="PASS" starttime="20231126 05:38:47.071" endtime="20231126 05:38:47.568"/>
</kw>
<kw name="Wait Until Page Contains Element" library="SeleniumLibrary">
<arg>xpath=//*[@id="root"]/div[1]/div[2]/div/div[1]/div[3]/div[1]</arg>
<doc>Waits until the element ``locator`` appears on the current page.</doc>
<status status="PASS" starttime="20231126 05:38:47.568" endtime="20231126 05:38:48.401"/>
</kw>
<kw name="Get WebElement" library="SeleniumLibrary">
<var>${element}</var>
<arg>xpath=//div[contains(text(), 'unverified')]</arg>
<doc>Returns the first WebElement matching the given ``locator``.</doc>
<msg timestamp="20231126 05:38:48.444" level="INFO">${element} = &lt;selenium.webdriver.remote.webelement.WebElement (session="58c58cc3a23da3aa28c336e7c6a9a519", element="1116819BF1C577E030913E3C4FF007E7_element_58")&gt;</msg>
<status status="PASS" starttime="20231126 05:38:48.401" endtime="20231126 05:38:48.444"/>
</kw>
<kw name="Run Keyword Unless" library="BuiltIn">
<arg>'${element}'=='None'</arg>
<arg>Hazard Present</arg>
<doc>*DEPRECATED since RF 5.0. Use Native IF/ELSE or `Run Keyword If` instead.*</doc>
<msg timestamp="20231126 05:38:48.444" level="WARN">Keyword 'BuiltIn.Run Keyword Unless' is deprecated. </msg>
<kw name="Hazard Present">
<kw name="Click Element" library="SeleniumLibrary">
<arg>xpath=//div[contains(text(), 'unverified')]</arg>
<doc>Click the element identified by ``locator``.</doc>
<msg timestamp="20231126 05:38:48.446" level="INFO">Clicking element 'xpath=//div[contains(text(), 'unverified')]'.</msg>
<status status="PASS" starttime="20231126 05:38:48.446" endtime="20231126 05:38:48.572"/>
</kw>
<kw name="Wait Until Element Is Visible" library="SeleniumLibrary">
<arg>//*[@id="root"]/div[1]/div[2]/div/div[2]/div[1]/p</arg>
<doc>Waits until the element ``locator`` is visible.</doc>
<status status="PASS" starttime="20231126 05:38:48.572" endtime="20231126 05:38:48.639"/>
</kw>
<kw name="Element Should Be Visible" library="SeleniumLibrary">
<arg>//*[@id="root"]/div[1]/div[2]/div/div[2]/div[1]/p</arg>
<doc>Verifies that the element identified by ``locator`` is visible.</doc>
<msg timestamp="20231126 05:38:48.699" level="INFO">Element '//*[@id="root"]/div[1]/div[2]/div/div[2]/div[1]/p' is displayed.</msg>
<status status="PASS" starttime="20231126 05:38:48.640" endtime="20231126 05:38:48.699"/>
</kw>
<status status="PASS" starttime="20231126 05:38:48.446" endtime="20231126 05:38:48.700"/>
</kw>
<status status="PASS" starttime="20231126 05:38:48.444" endtime="20231126 05:38:48.700"/>
</kw>
<status status="PASS" starttime="20231126 05:38:39.817" endtime="20231126 05:38:48.700"/>
</kw>
<kw name="Wait Until Page Contains Element" library="SeleniumLibrary">
<arg>xpath=//button[contains(text(), 'Reject Hazard Report')]</arg>
<doc>Waits until the element ``locator`` appears on the current page.</doc>
<status status="PASS" starttime="20231126 05:38:48.700" endtime="20231126 05:38:48.782"/>
</kw>
<kw name="Click Element" library="SeleniumLibrary">
<arg>xpath=//button[contains(text(), 'Reject Hazard Report')]</arg>
<doc>Click the element identified by ``locator``.</doc>
<msg timestamp="20231126 05:38:48.782" level="INFO">Clicking element 'xpath=//button[contains(text(), 'Reject Hazard Report')]'.</msg>
<status status="PASS" starttime="20231126 05:38:48.782" endtime="20231126 05:38:49.244"/>
</kw>
<status status="PASS" starttime="20231126 05:38:39.817" endtime="20231126 05:38:49.244"/>
</kw>
<kw name="Click Element" library="SeleniumLibrary">
<arg>xpath=//button[contains(text(), 'Reject Report')]</arg>
<doc>Click the element identified by ``locator``.</doc>
<msg timestamp="20231126 05:38:49.246" level="INFO">Clicking element 'xpath=//button[contains(text(), 'Reject Report')]'.</msg>
<status status="PASS" starttime="20231126 05:38:49.245" endtime="20231126 05:38:49.347"/>
</kw>
<kw name="Get Text" library="SeleniumLibrary">
<var>${error_text}</var>
<arg>css=.text-red-500</arg>
<doc>Returns the text value of the element identified by ``locator``.</doc>
<msg timestamp="20231126 05:38:49.390" level="INFO">${error_text} = Review Hazard Report</msg>
<status status="PASS" starttime="20231126 05:38:49.347" endtime="20231126 05:38:49.390"/>
</kw>
<kw name="Should Not Be Equal As Strings" library="BuiltIn">
<arg>${error_text}</arg>
<arg>This field is required</arg>
<doc>Fails if objects are equal after converting them to strings.</doc>
<status status="PASS" starttime="20231126 05:38:49.390" endtime="20231126 05:38:49.390"/>
</kw>
<kw name="Close Browser" library="SeleniumLibrary">
<doc>Closes the current browser.</doc>
<status status="PASS" starttime="20231126 05:38:49.392" endtime="20231126 05:38:51.555"/>
</kw>
<status status="PASS" starttime="20231126 05:38:39.816" endtime="20231126 05:38:51.555"/>
</test>
<test id="s1-t5" name="1_TS012_TC005" line="61">
<kw name="Reject Hazard Report">
<kw name="Click Hazard Report">
<kw name="Dispatcher Login" library="login">
<kw name="Open Browser and Maximize" library="login">
<kw name="Open Browser" library="SeleniumLibrary">
<arg>${URL}</arg>
<arg>${BROWSER}</arg>
<doc>Opens a new browser instance to the optional ``url``.</doc>
<msg timestamp="20231126 05:38:51.559" level="INFO">Opening browser 'Chrome' to base url 'https://sagip-automation.vercel.app/'.</msg>
<status status="PASS" starttime="20231126 05:38:51.558" endtime="20231126 05:38:54.842"/>
</kw>
<kw name="Maximize Browser Window" library="SeleniumLibrary">
<doc>Maximizes current browser window.</doc>
<status status="PASS" starttime="20231126 05:38:54.842" endtime="20231126 05:38:54.990"/>
</kw>
<status status="PASS" starttime="20231126 05:38:51.558" endtime="20231126 05:38:54.990"/>
</kw>
<kw name="Login" library="login">
<arg>dispatcher@sagip.live</arg>
<arg>Sagip.00</arg>
<kw name="Go To" library="SeleniumLibrary">
<arg>${URL}</arg>
<doc>Navigates the current browser window to the provided ``url``.</doc>
<msg timestamp="20231126 05:38:54.991" level="INFO">Opening url 'https://sagip-automation.vercel.app/'</msg>
<status status="PASS" starttime="20231126 05:38:54.990" endtime="20231126 05:38:55.780"/>
</kw>
<kw name="Wait Until Element Is Visible" library="SeleniumLibrary">
<arg>xpath=//*[@id="root"]/div[1]/div[3]/button[1]</arg>
<arg>10 seconds</arg>
<doc>Waits until the element ``locator`` is visible.</doc>
<status status="PASS" starttime="20231126 05:38:55.780" endtime="20231126 05:38:55.947"/>
</kw>
<kw name="Click Element" library="SeleniumLibrary">
<arg>xpath=//*[@id="root"]/div[1]/div[3]/button[1]</arg>
<doc>Click the element identified by ``locator``.</doc>
<msg timestamp="20231126 05:38:55.948" level="INFO">Clicking element 'xpath=//*[@id="root"]/div[1]/div[3]/button[1]'.</msg>
<status status="PASS" starttime="20231126 05:38:55.947" endtime="20231126 05:38:56.389"/>
</kw>
<kw name="Click Element" library="SeleniumLibrary">
<arg>id=identifier</arg>
<doc>Click the element identified by ``locator``.</doc>
<msg timestamp="20231126 05:38:56.390" level="INFO">Clicking element 'id=identifier'.</msg>
<status status="PASS" starttime="20231126 05:38:56.389" endtime="20231126 05:38:56.517"/>
</kw>
<kw name="Input Text" library="SeleniumLibrary">
<arg>id:identifier</arg>
<arg>${username}</arg>
<doc>Types the given ``text`` into the text field identified by ``locator``.</doc>
<msg timestamp="20231126 05:38:56.518" level="INFO">Typing text 'dispatcher@sagip.live' into text field 'id:identifier'.</msg>
<status status="PASS" starttime="20231126 05:38:56.517" endtime="20231126 05:38:56.662"/>
</kw>
<kw name="Click Element" library="SeleniumLibrary">
<arg>id=password</arg>
<doc>Click the element identified by ``locator``.</doc>
<msg timestamp="20231126 05:38:56.663" level="INFO">Clicking element 'id=password'.</msg>
<status status="PASS" starttime="20231126 05:38:56.663" endtime="20231126 05:38:56.725"/>
</kw>
<kw name="Input Text" library="SeleniumLibrary">
<arg>id:password</arg>
<arg>${password}</arg>
<doc>Types the given ``text`` into the text field identified by ``locator``.</doc>
<msg timestamp="20231126 05:38:56.726" level="INFO">Typing text 'Sagip.00' into text field 'id:password'.</msg>
<status status="PASS" starttime="20231126 05:38:56.725" endtime="20231126 05:38:56.848"/>
</kw>
<kw name="Click Element" library="SeleniumLibrary">
<arg>xpath=//*[@id="root"]/div[1]/div[1]/button</arg>
<doc>Click the element identified by ``locator``.</doc>
<msg timestamp="20231126 05:38:56.849" level="INFO">Clicking element 'xpath=//*[@id="root"]/div[1]/div[1]/button'.</msg>
<status status="PASS" starttime="20231126 05:38:56.848" endtime="20231126 05:38:56.906"/>
</kw>
<kw name="Wait Until Element Is Visible" library="SeleniumLibrary">
<arg>xpath=//*[@id="root"]/div[1]/div[2]/div/header/h1</arg>
<arg>60 seconds</arg>
<doc>Waits until the element ``locator`` is visible.</doc>
<status status="PASS" starttime="20231126 05:38:56.906" endtime="20231126 05:38:58.255"/>
</kw>
<kw name="Element Should Be Visible" library="SeleniumLibrary">
<arg>xpath=//*[@id="root"]/div[1]/div[2]/div/header/h1</arg>
<doc>Verifies that the element identified by ``locator`` is visible.</doc>
<msg timestamp="20231126 05:38:58.286" level="INFO">Element 'xpath=//*[@id="root"]/div[1]/div[2]/div/header/h1' is displayed.</msg>
<status status="PASS" starttime="20231126 05:38:58.255" endtime="20231126 05:38:58.286"/>
</kw>
<status status="PASS" starttime="20231126 05:38:54.990" endtime="20231126 05:38:58.286"/>
</kw>
<status status="PASS" starttime="20231126 05:38:51.558" endtime="20231126 05:38:58.286"/>
</kw>
<kw name="Go To" library="SeleniumLibrary">
<arg>https://sagip-automation.vercel.app/admin/hazard-reports</arg>
<doc>Navigates the current browser window to the provided ``url``.</doc>
<msg timestamp="20231126 05:38:58.287" level="INFO">Opening url 'https://sagip-automation.vercel.app/admin/hazard-reports'</msg>
<status status="PASS" starttime="20231126 05:38:58.287" endtime="20231126 05:38:58.801"/>
</kw>
<kw name="Wait Until Page Contains Element" library="SeleniumLibrary">
<arg>xpath=//*[@id="root"]/div[1]/div[2]/div/div[1]/div[3]/div[1]</arg>
<doc>Waits until the element ``locator`` appears on the current page.</doc>
<status status="PASS" starttime="20231126 05:38:58.801" endtime="20231126 05:38:59.740"/>
</kw>
<kw name="Get WebElement" library="SeleniumLibrary">
<var>${element}</var>
<arg>xpath=//div[contains(text(), 'unverified')]</arg>
<doc>Returns the first WebElement matching the given ``locator``.</doc>
<msg timestamp="20231126 05:38:59.753" level="INFO">${element} = &lt;selenium.webdriver.remote.webelement.WebElement (session="c6f5b6b470993056c955759364f0e64c", element="A540A52FDD14F41E9CFB5E60B37263FE_element_64")&gt;</msg>
<status status="PASS" starttime="20231126 05:38:59.740" endtime="20231126 05:38:59.753"/>
</kw>
<kw name="Run Keyword Unless" library="BuiltIn">
<arg>'${element}'=='None'</arg>
<arg>Hazard Present</arg>
<doc>*DEPRECATED since RF 5.0. Use Native IF/ELSE or `Run Keyword If` instead.*</doc>
<msg timestamp="20231126 05:38:59.753" level="WARN">Keyword 'BuiltIn.Run Keyword Unless' is deprecated. </msg>
<kw name="Hazard Present">
<kw name="Click Element" library="SeleniumLibrary">
<arg>xpath=//div[contains(text(), 'unverified')]</arg>
<doc>Click the element identified by ``locator``.</doc>
<msg timestamp="20231126 05:38:59.757" level="INFO">Clicking element 'xpath=//div[contains(text(), 'unverified')]'.</msg>
<status status="PASS" starttime="20231126 05:38:59.756" endtime="20231126 05:38:59.930"/>
</kw>
<kw name="Wait Until Element Is Visible" library="SeleniumLibrary">
<arg>//*[@id="root"]/div[1]/div[2]/div/div[2]/div[1]/p</arg>
<doc>Waits until the element ``locator`` is visible.</doc>
<status status="PASS" starttime="20231126 05:38:59.930" endtime="20231126 05:39:00.337"/>
</kw>
<kw name="Element Should Be Visible" library="SeleniumLibrary">
<arg>//*[@id="root"]/div[1]/div[2]/div/div[2]/div[1]/p</arg>
<doc>Verifies that the element identified by ``locator`` is visible.</doc>
<msg timestamp="20231126 05:39:00.549" level="INFO">Element '//*[@id="root"]/div[1]/div[2]/div/div[2]/div[1]/p' is displayed.</msg>
<status status="PASS" starttime="20231126 05:39:00.337" endtime="20231126 05:39:00.549"/>
</kw>
<status status="PASS" starttime="20231126 05:38:59.755" endtime="20231126 05:39:00.549"/>
</kw>
<status status="PASS" starttime="20231126 05:38:59.753" endtime="20231126 05:39:00.549"/>
</kw>
<status status="PASS" starttime="20231126 05:38:51.558" endtime="20231126 05:39:00.549"/>
</kw>
<kw name="Wait Until Page Contains Element" library="SeleniumLibrary">
<arg>xpath=//button[contains(text(), 'Reject Hazard Report')]</arg>
<doc>Waits until the element ``locator`` appears on the current page.</doc>
<status status="PASS" starttime="20231126 05:39:00.549" endtime="20231126 05:39:00.609"/>
</kw>
<kw name="Click Element" library="SeleniumLibrary">
<arg>xpath=//button[contains(text(), 'Reject Hazard Report')]</arg>
<doc>Click the element identified by ``locator``.</doc>
<msg timestamp="20231126 05:39:00.610" level="INFO">Clicking element 'xpath=//button[contains(text(), 'Reject Hazard Report')]'.</msg>
<status status="PASS" starttime="20231126 05:39:00.609" endtime="20231126 05:39:00.932"/>
</kw>
<status status="PASS" starttime="20231126 05:38:51.558" endtime="20231126 05:39:00.932"/>
</kw>
<kw name="Input Text" library="SeleniumLibrary">
<arg>id=additionalNote</arg>
<arg>The department identified the report as false alarm.</arg>
<doc>Types the given ``text`` into the text field identified by ``locator``.</doc>
<msg timestamp="20231126 05:39:00.934" level="INFO">Typing text 'The department identified the report as false alarm.' into text field 'id=additionalNote'.</msg>
<status status="PASS" starttime="20231126 05:39:00.933" endtime="20231126 05:39:01.294"/>
</kw>
<kw name="Click Element" library="SeleniumLibrary">
<arg>xpath=//button[contains(text(), 'Reject Report')]</arg>
<doc>Click the element identified by ``locator``.</doc>
<msg timestamp="20231126 05:39:01.296" level="INFO">Clicking element 'xpath=//button[contains(text(), 'Reject Report')]'.</msg>
<status status="PASS" starttime="20231126 05:39:01.295" endtime="20231126 05:39:01.425"/>
</kw>
<kw name="Wait Until Page Contains Element" library="SeleniumLibrary">
<arg>css=.text-red-500</arg>
<doc>Waits until the element ``locator`` appears on the current page.</doc>
<status status="PASS" starttime="20231126 05:39:01.425" endtime="20231126 05:39:01.439"/>
</kw>
<kw name="Element Should Be Visible" library="SeleniumLibrary">
<arg>css=.text-red-500</arg>
<doc>Verifies that the element identified by ``locator`` is visible.</doc>
<msg timestamp="20231126 05:39:01.459" level="INFO">Element 'css=.text-red-500' is displayed.</msg>
<status status="PASS" starttime="20231126 05:39:01.440" endtime="20231126 05:39:01.460"/>
</kw>
<kw name="Close Browser" library="SeleniumLibrary">
<doc>Closes the current browser.</doc>
<status status="PASS" starttime="20231126 05:39:01.460" endtime="20231126 05:39:03.626"/>
</kw>
<status status="PASS" starttime="20231126 05:38:51.557" endtime="20231126 05:39:03.627"/>
</test>
<test id="s1-t6" name="1_TS012_TC006" line="69">
<kw name="Input Rejection Reason">
<kw name="Reject Hazard Report">
<kw name="Click Hazard Report">
<kw name="Dispatcher Login" library="login">
<kw name="Open Browser and Maximize" library="login">
<kw name="Open Browser" library="SeleniumLibrary">
<arg>${URL}</arg>
<arg>${BROWSER}</arg>
<doc>Opens a new browser instance to the optional ``url``.</doc>
<msg timestamp="20231126 05:39:03.630" level="INFO">Opening browser 'Chrome' to base url 'https://sagip-automation.vercel.app/'.</msg>
<status status="PASS" starttime="20231126 05:39:03.629" endtime="20231126 05:39:06.976"/>
</kw>
<kw name="Maximize Browser Window" library="SeleniumLibrary">
<doc>Maximizes current browser window.</doc>
<status status="PASS" starttime="20231126 05:39:06.977" endtime="20231126 05:39:07.157"/>
</kw>
<status status="PASS" starttime="20231126 05:39:03.629" endtime="20231126 05:39:07.157"/>
</kw>
<kw name="Login" library="login">
<arg>dispatcher@sagip.live</arg>
<arg>Sagip.00</arg>
<kw name="Go To" library="SeleniumLibrary">
<arg>${URL}</arg>
<doc>Navigates the current browser window to the provided ``url``.</doc>
<msg timestamp="20231126 05:39:07.158" level="INFO">Opening url 'https://sagip-automation.vercel.app/'</msg>
<status status="PASS" starttime="20231126 05:39:07.158" endtime="20231126 05:39:07.889"/>
</kw>
<kw name="Wait Until Element Is Visible" library="SeleniumLibrary">
<arg>xpath=//*[@id="root"]/div[1]/div[3]/button[1]</arg>
<arg>10 seconds</arg>
<doc>Waits until the element ``locator`` is visible.</doc>
<status status="PASS" starttime="20231126 05:39:07.889" endtime="20231126 05:39:08.047"/>
</kw>
<kw name="Click Element" library="SeleniumLibrary">
<arg>xpath=//*[@id="root"]/div[1]/div[3]/button[1]</arg>
<doc>Click the element identified by ``locator``.</doc>
<msg timestamp="20231126 05:39:08.048" level="INFO">Clicking element 'xpath=//*[@id="root"]/div[1]/div[3]/button[1]'.</msg>
<status status="PASS" starttime="20231126 05:39:08.047" endtime="20231126 05:39:08.156"/>
</kw>
<kw name="Click Element" library="SeleniumLibrary">
<arg>id=identifier</arg>
<doc>Click the element identified by ``locator``.</doc>
<msg timestamp="20231126 05:39:08.157" level="INFO">Clicking element 'id=identifier'.</msg>
<status status="PASS" starttime="20231126 05:39:08.156" endtime="20231126 05:39:08.485"/>
</kw>
<kw name="Input Text" library="SeleniumLibrary">
<arg>id:identifier</arg>
<arg>${username}</arg>
<doc>Types the given ``text`` into the text field identified by ``locator``.</doc>
<msg timestamp="20231126 05:39:08.487" level="INFO">Typing text 'dispatcher@sagip.live' into text field 'id:identifier'.</msg>
<status status="PASS" starttime="20231126 05:39:08.486" endtime="20231126 05:39:08.609"/>
</kw>
<kw name="Click Element" library="SeleniumLibrary">
<arg>id=password</arg>
<doc>Click the element identified by ``locator``.</doc>
<msg timestamp="20231126 05:39:08.610" level="INFO">Clicking element 'id=password'.</msg>
<status status="PASS" starttime="20231126 05:39:08.609" endtime="20231126 05:39:08.680"/>
</kw>
<kw name="Input Text" library="SeleniumLibrary">
<arg>id:password</arg>
<arg>${password}</arg>
<doc>Types the given ``text`` into the text field identified by ``locator``.</doc>
<msg timestamp="20231126 05:39:08.680" level="INFO">Typing text 'Sagip.00' into text field 'id:password'.</msg>
<status status="PASS" starttime="20231126 05:39:08.680" endtime="20231126 05:39:08.763"/>
</kw>
<kw name="Click Element" library="SeleniumLibrary">
<arg>xpath=//*[@id="root"]/div[1]/div[1]/button</arg>
<doc>Click the element identified by ``locator``.</doc>
<msg timestamp="20231126 05:39:08.763" level="INFO">Clicking element 'xpath=//*[@id="root"]/div[1]/div[1]/button'.</msg>
<status status="PASS" starttime="20231126 05:39:08.763" endtime="20231126 05:39:08.821"/>
</kw>
<kw name="Wait Until Element Is Visible" library="SeleniumLibrary">
<arg>xpath=//*[@id="root"]/div[1]/div[2]/div/header/h1</arg>
<arg>60 seconds</arg>
<doc>Waits until the element ``locator`` is visible.</doc>
<status status="PASS" starttime="20231126 05:39:08.821" endtime="20231126 05:39:10.151"/>
</kw>
<kw name="Element Should Be Visible" library="SeleniumLibrary">
<arg>xpath=//*[@id="root"]/div[1]/div[2]/div/header/h1</arg>
<doc>Verifies that the element identified by ``locator`` is visible.</doc>
<msg timestamp="20231126 05:39:10.176" level="INFO">Element 'xpath=//*[@id="root"]/div[1]/div[2]/div/header/h1' is displayed.</msg>
<status status="PASS" starttime="20231126 05:39:10.151" endtime="20231126 05:39:10.176"/>
</kw>
<status status="PASS" starttime="20231126 05:39:07.157" endtime="20231126 05:39:10.176"/>
</kw>
<status status="PASS" starttime="20231126 05:39:03.629" endtime="20231126 05:39:10.176"/>
</kw>
<kw name="Go To" library="SeleniumLibrary">
<arg>https://sagip-automation.vercel.app/admin/hazard-reports</arg>
<doc>Navigates the current browser window to the provided ``url``.</doc>
<msg timestamp="20231126 05:39:10.176" level="INFO">Opening url 'https://sagip-automation.vercel.app/admin/hazard-reports'</msg>
<status status="PASS" starttime="20231126 05:39:10.176" endtime="20231126 05:39:10.685"/>
</kw>
<kw name="Wait Until Page Contains Element" library="SeleniumLibrary">
<arg>xpath=//*[@id="root"]/div[1]/div[2]/div/div[1]/div[3]/div[1]</arg>
<doc>Waits until the element ``locator`` appears on the current page.</doc>
<status status="PASS" starttime="20231126 05:39:10.685" endtime="20231126 05:39:11.511"/>
</kw>
<kw name="Get WebElement" library="SeleniumLibrary">
<var>${element}</var>
<arg>xpath=//div[contains(text(), 'unverified')]</arg>
<doc>Returns the first WebElement matching the given ``locator``.</doc>
<msg timestamp="20231126 05:39:11.545" level="INFO">${element} = &lt;selenium.webdriver.remote.webelement.WebElement (session="2448363714ec40f966257931e6ce5f08", element="CCA31C992B087B3F67C54762EA71F9CB_element_59")&gt;</msg>
<status status="PASS" starttime="20231126 05:39:11.511" endtime="20231126 05:39:11.545"/>
</kw>
<kw name="Run Keyword Unless" library="BuiltIn">
<arg>'${element}'=='None'</arg>
<arg>Hazard Present</arg>
<doc>*DEPRECATED since RF 5.0. Use Native IF/ELSE or `Run Keyword If` instead.*</doc>
<msg timestamp="20231126 05:39:11.545" level="WARN">Keyword 'BuiltIn.Run Keyword Unless' is deprecated. </msg>
<kw name="Hazard Present">
<kw name="Click Element" library="SeleniumLibrary">
<arg>xpath=//div[contains(text(), 'unverified')]</arg>
<doc>Click the element identified by ``locator``.</doc>
<msg timestamp="20231126 05:39:11.550" level="INFO">Clicking element 'xpath=//div[contains(text(), 'unverified')]'.</msg>
<status status="PASS" starttime="20231126 05:39:11.547" endtime="20231126 05:39:11.683"/>
</kw>
<kw name="Wait Until Element Is Visible" library="SeleniumLibrary">
<arg>//*[@id="root"]/div[1]/div[2]/div/div[2]/div[1]/p</arg>
<doc>Waits until the element ``locator`` is visible.</doc>
<status status="PASS" starttime="20231126 05:39:11.683" endtime="20231126 05:39:11.745"/>
</kw>
<kw name="Element Should Be Visible" library="SeleniumLibrary">
<arg>//*[@id="root"]/div[1]/div[2]/div/div[2]/div[1]/p</arg>
<doc>Verifies that the element identified by ``locator`` is visible.</doc>
<msg timestamp="20231126 05:39:11.791" level="INFO">Element '//*[@id="root"]/div[1]/div[2]/div/div[2]/div[1]/p' is displayed.</msg>
<status status="PASS" starttime="20231126 05:39:11.745" endtime="20231126 05:39:11.791"/>
</kw>
<status status="PASS" starttime="20231126 05:39:11.547" endtime="20231126 05:39:11.792"/>
</kw>
<status status="PASS" starttime="20231126 05:39:11.545" endtime="20231126 05:39:11.792"/>
</kw>
<status status="PASS" starttime="20231126 05:39:03.629" endtime="20231126 05:39:11.792"/>
</kw>
<kw name="Wait Until Page Contains Element" library="SeleniumLibrary">
<arg>xpath=//button[contains(text(), 'Reject Hazard Report')]</arg>
<doc>Waits until the element ``locator`` appears on the current page.</doc>
<status status="PASS" starttime="20231126 05:39:11.792" endtime="20231126 05:39:11.843"/>
</kw>
<kw name="Click Element" library="SeleniumLibrary">
<arg>xpath=//button[contains(text(), 'Reject Hazard Report')]</arg>
<doc>Click the element identified by ``locator``.</doc>
<msg timestamp="20231126 05:39:11.844" level="INFO">Clicking element 'xpath=//button[contains(text(), 'Reject Hazard Report')]'.</msg>
<status status="PASS" starttime="20231126 05:39:11.843" endtime="20231126 05:39:12.305"/>
</kw>
<status status="PASS" starttime="20231126 05:39:03.629" endtime="20231126 05:39:12.305"/>
</kw>
<kw name="Click Element" library="SeleniumLibrary">
<arg>xpath=//div[@id='radix-:r0:']/form/div/div/div/div/div[2]</arg>
<doc>Click the element identified by ``locator``.</doc>
<msg timestamp="20231126 05:39:12.306" level="INFO">Clicking element 'xpath=//div[@id='radix-:r0:']/form/div/div/div/div/div[2]'.</msg>
<status status="PASS" starttime="20231126 05:39:12.305" endtime="20231126 05:39:12.432"/>
</kw>
<kw name="Click Element" library="SeleniumLibrary">
<arg>id=react-select-2-option-0</arg>
<doc>Click the element identified by ``locator``.</doc>
<msg timestamp="20231126 05:39:12.433" level="INFO">Clicking element 'id=react-select-2-option-0'.</msg>
<status status="PASS" starttime="20231126 05:39:12.432" endtime="20231126 05:39:12.525"/>
</kw>
<status status="PASS" starttime="20231126 05:39:03.628" endtime="20231126 05:39:12.525"/>
</kw>
<kw name="Click Element" library="SeleniumLibrary">
<arg>xpath=//button[contains(text(), 'Reject Report')]</arg>
<doc>Click the element identified by ``locator``.</doc>
<msg timestamp="20231126 05:39:12.526" level="INFO">Clicking element 'xpath=//button[contains(text(), 'Reject Report')]'.</msg>
<status status="PASS" starttime="20231126 05:39:12.525" endtime="20231126 05:39:12.980"/>
</kw>
<kw name="Alert Should Be Present" library="SeleniumLibrary">
<arg>action=LEAVE</arg>
<doc>Verifies that an alert is present and by default, accepts it.</doc>
<msg timestamp="20231126 05:39:12.980" level="INFO">HANDLE::&lt;class 'NoneType'&gt;::None</msg>
<status status="PASS" starttime="20231126 05:39:12.980" endtime="20231126 05:39:12.982"/>
</kw>
<kw name="Close Browser" library="SeleniumLibrary">
<doc>Closes the current browser.</doc>
<status status="PASS" starttime="20231126 05:39:12.984" endtime="20231126 05:39:15.179"/>
</kw>
<status status="PASS" starttime="20231126 05:39:03.628" endtime="20231126 05:39:15.180"/>
</test>
<test id="s1-t7" name="1_TS012_TC007" line="75">
<kw name="Input Rejection Reason">
<kw name="Reject Hazard Report">
<kw name="Click Hazard Report">
<kw name="Dispatcher Login" library="login">
<kw name="Open Browser and Maximize" library="login">
<kw name="Open Browser" library="SeleniumLibrary">
<arg>${URL}</arg>
<arg>${BROWSER}</arg>
<doc>Opens a new browser instance to the optional ``url``.</doc>
<msg timestamp="20231126 05:39:15.184" level="INFO">Opening browser 'Chrome' to base url 'https://sagip-automation.vercel.app/'.</msg>
<status status="PASS" starttime="20231126 05:39:15.183" endtime="20231126 05:39:18.545"/>
</kw>
<kw name="Maximize Browser Window" library="SeleniumLibrary">
<doc>Maximizes current browser window.</doc>
<status status="PASS" starttime="20231126 05:39:18.545" endtime="20231126 05:39:18.681"/>
</kw>
<status status="PASS" starttime="20231126 05:39:15.183" endtime="20231126 05:39:18.681"/>
</kw>
<kw name="Login" library="login">
<arg>dispatcher@sagip.live</arg>
<arg>Sagip.00</arg>
<kw name="Go To" library="SeleniumLibrary">
<arg>${URL}</arg>
<doc>Navigates the current browser window to the provided ``url``.</doc>
<msg timestamp="20231126 05:39:18.681" level="INFO">Opening url 'https://sagip-automation.vercel.app/'</msg>
<status status="PASS" starttime="20231126 05:39:18.681" endtime="20231126 05:39:19.516"/>
</kw>
<kw name="Wait Until Element Is Visible" library="SeleniumLibrary">
<arg>xpath=//*[@id="root"]/div[1]/div[3]/button[1]</arg>
<arg>10 seconds</arg>
<doc>Waits until the element ``locator`` is visible.</doc>
<status status="PASS" starttime="20231126 05:39:19.516" endtime="20231126 05:39:19.559"/>
</kw>
<kw name="Click Element" library="SeleniumLibrary">
<arg>xpath=//*[@id="root"]/div[1]/div[3]/button[1]</arg>
<doc>Click the element identified by ``locator``.</doc>
<msg timestamp="20231126 05:39:19.559" level="INFO">Clicking element 'xpath=//*[@id="root"]/div[1]/div[3]/button[1]'.</msg>
<status status="PASS" starttime="20231126 05:39:19.559" endtime="20231126 05:39:19.682"/>
</kw>
<kw name="Click Element" library="SeleniumLibrary">
<arg>id=identifier</arg>
<doc>Click the element identified by ``locator``.</doc>
<msg timestamp="20231126 05:39:19.683" level="INFO">Clicking element 'id=identifier'.</msg>
<status status="PASS" starttime="20231126 05:39:19.682" endtime="20231126 05:39:19.802"/>
</kw>
<kw name="Input Text" library="SeleniumLibrary">
<arg>id:identifier</arg>
<arg>${username}</arg>
<doc>Types the given ``text`` into the text field identified by ``locator``.</doc>
<msg timestamp="20231126 05:39:19.802" level="INFO">Typing text 'dispatcher@sagip.live' into text field 'id:identifier'.</msg>
<status status="PASS" starttime="20231126 05:39:19.802" endtime="20231126 05:39:20.175"/>
</kw>
<kw name="Click Element" library="SeleniumLibrary">
<arg>id=password</arg>
<doc>Click the element identified by ``locator``.</doc>
<msg timestamp="20231126 05:39:20.175" level="INFO">Clicking element 'id=password'.</msg>
<status status="PASS" starttime="20231126 05:39:20.175" endtime="20231126 05:39:20.230"/>
</kw>
<kw name="Input Text" library="SeleniumLibrary">
<arg>id:password</arg>
<arg>${password}</arg>
<doc>Types the given ``text`` into the text field identified by ``locator``.</doc>
<msg timestamp="20231126 05:39:20.232" level="INFO">Typing text 'Sagip.00' into text field 'id:password'.</msg>
<status status="PASS" starttime="20231126 05:39:20.230" endtime="20231126 05:39:20.321"/>
</kw>
<kw name="Click Element" library="SeleniumLibrary">
<arg>xpath=//*[@id="root"]/div[1]/div[1]/button</arg>
<doc>Click the element identified by ``locator``.</doc>
<msg timestamp="20231126 05:39:20.322" level="INFO">Clicking element 'xpath=//*[@id="root"]/div[1]/div[1]/button'.</msg>
<status status="PASS" starttime="20231126 05:39:20.321" endtime="20231126 05:39:20.390"/>
</kw>
<kw name="Wait Until Element Is Visible" library="SeleniumLibrary">
<arg>xpath=//*[@id="root"]/div[1]/div[2]/div/header/h1</arg>
<arg>60 seconds</arg>
<doc>Waits until the element ``locator`` is visible.</doc>
<status status="PASS" starttime="20231126 05:39:20.390" endtime="20231126 05:39:21.765"/>
</kw>
<kw name="Element Should Be Visible" library="SeleniumLibrary">
<arg>xpath=//*[@id="root"]/div[1]/div[2]/div/header/h1</arg>
<doc>Verifies that the element identified by ``locator`` is visible.</doc>
<msg timestamp="20231126 05:39:21.789" level="INFO">Element 'xpath=//*[@id="root"]/div[1]/div[2]/div/header/h1' is displayed.</msg>
<status status="PASS" starttime="20231126 05:39:21.766" endtime="20231126 05:39:21.789"/>
</kw>
<status status="PASS" starttime="20231126 05:39:18.681" endtime="20231126 05:39:21.789"/>
</kw>
<status status="PASS" starttime="20231126 05:39:15.182" endtime="20231126 05:39:21.789"/>
</kw>
<kw name="Go To" library="SeleniumLibrary">
<arg>https://sagip-automation.vercel.app/admin/hazard-reports</arg>
<doc>Navigates the current browser window to the provided ``url``.</doc>
<msg timestamp="20231126 05:39:21.789" level="INFO">Opening url 'https://sagip-automation.vercel.app/admin/hazard-reports'</msg>
<status status="PASS" starttime="20231126 05:39:21.789" endtime="20231126 05:39:22.275"/>
</kw>
<kw name="Wait Until Page Contains Element" library="SeleniumLibrary">
<arg>xpath=//*[@id="root"]/div[1]/div[2]/div/div[1]/div[3]/div[1]</arg>
<doc>Waits until the element ``locator`` appears on the current page.</doc>
<status status="PASS" starttime="20231126 05:39:22.275" endtime="20231126 05:39:23.069"/>
</kw>
<kw name="Get WebElement" library="SeleniumLibrary">
<var>${element}</var>
<arg>xpath=//div[contains(text(), 'unverified')]</arg>
<doc>Returns the first WebElement matching the given ``locator``.</doc>
<msg timestamp="20231126 05:39:23.133" level="INFO">${element} = &lt;selenium.webdriver.remote.webelement.WebElement (session="821150c2e8c329dfbb05d77fc195be77", element="80CF040CF8543C0DD768B8E8749F4D56_element_60")&gt;</msg>
<status status="PASS" starttime="20231126 05:39:23.070" endtime="20231126 05:39:23.133"/>
</kw>
<kw name="Run Keyword Unless" library="BuiltIn">
<arg>'${element}'=='None'</arg>
<arg>Hazard Present</arg>
<doc>*DEPRECATED since RF 5.0. Use Native IF/ELSE or `Run Keyword If` instead.*</doc>
<msg timestamp="20231126 05:39:23.134" level="WARN">Keyword 'BuiltIn.Run Keyword Unless' is deprecated. </msg>
<kw name="Hazard Present">
<kw name="Click Element" library="SeleniumLibrary">
<arg>xpath=//div[contains(text(), 'unverified')]</arg>
<doc>Click the element identified by ``locator``.</doc>
<msg timestamp="20231126 05:39:23.137" level="INFO">Clicking element 'xpath=//div[contains(text(), 'unverified')]'.</msg>
<status status="PASS" starttime="20231126 05:39:23.136" endtime="20231126 05:39:23.279"/>
</kw>
<kw name="Wait Until Element Is Visible" library="SeleniumLibrary">
<arg>//*[@id="root"]/div[1]/div[2]/div/div[2]/div[1]/p</arg>
<doc>Waits until the element ``locator`` is visible.</doc>
<status status="PASS" starttime="20231126 05:39:23.280" endtime="20231126 05:39:23.387"/>
</kw>
<kw name="Element Should Be Visible" library="SeleniumLibrary">
<arg>//*[@id="root"]/div[1]/div[2]/div/div[2]/div[1]/p</arg>
<doc>Verifies that the element identified by ``locator`` is visible.</doc>
<msg timestamp="20231126 05:39:23.492" level="INFO">Element '//*[@id="root"]/div[1]/div[2]/div/div[2]/div[1]/p' is displayed.</msg>
<status status="PASS" starttime="20231126 05:39:23.387" endtime="20231126 05:39:23.492"/>
</kw>
<status status="PASS" starttime="20231126 05:39:23.136" endtime="20231126 05:39:23.492"/>
</kw>
<status status="PASS" starttime="20231126 05:39:23.134" endtime="20231126 05:39:23.492"/>
</kw>
<status status="PASS" starttime="20231126 05:39:15.182" endtime="20231126 05:39:23.492"/>
</kw>
<kw name="Wait Until Page Contains Element" library="SeleniumLibrary">
<arg>xpath=//button[contains(text(), 'Reject Hazard Report')]</arg>
<doc>Waits until the element ``locator`` appears on the current page.</doc>
<status status="PASS" starttime="20231126 05:39:23.493" endtime="20231126 05:39:23.546"/>
</kw>
<kw name="Click Element" library="SeleniumLibrary">
<arg>xpath=//button[contains(text(), 'Reject Hazard Report')]</arg>
<doc>Click the element identified by ``locator``.</doc>
<msg timestamp="20231126 05:39:23.548" level="INFO">Clicking element 'xpath=//button[contains(text(), 'Reject Hazard Report')]'.</msg>
<status status="PASS" starttime="20231126 05:39:23.547" endtime="20231126 05:39:24.072"/>
</kw>
<status status="PASS" starttime="20231126 05:39:15.182" endtime="20231126 05:39:24.072"/>
</kw>
<kw name="Click Element" library="SeleniumLibrary">
<arg>xpath=//div[@id='radix-:r0:']/form/div/div/div/div/div[2]</arg>
<doc>Click the element identified by ``locator``.</doc>
<msg timestamp="20231126 05:39:24.072" level="INFO">Clicking element 'xpath=//div[@id='radix-:r0:']/form/div/div/div/div/div[2]'.</msg>
<status status="PASS" starttime="20231126 05:39:24.072" endtime="20231126 05:39:24.191"/>
</kw>
<kw name="Click Element" library="SeleniumLibrary">
<arg>id=react-select-2-option-0</arg>
<doc>Click the element identified by ``locator``.</doc>
<msg timestamp="20231126 05:39:24.192" level="INFO">Clicking element 'id=react-select-2-option-0'.</msg>
<status status="PASS" starttime="20231126 05:39:24.191" endtime="20231126 05:39:24.281"/>
</kw>
<status status="PASS" starttime="20231126 05:39:15.181" endtime="20231126 05:39:24.281"/>
</kw>
<kw name="Click Element" library="SeleniumLibrary">
<arg>xpath=//button[contains(text(), 'Reject Report')]</arg>
<doc>Click the element identified by ``locator``.</doc>
<msg timestamp="20231126 05:39:24.282" level="INFO">Clicking element 'xpath=//button[contains(text(), 'Reject Report')]'.</msg>
<status status="PASS" starttime="20231126 05:39:24.281" endtime="20231126 05:39:24.503"/>
</kw>
<kw name="Alert Should Be Present" library="SeleniumLibrary">
<doc>Verifies that an alert is present and by default, accepts it.</doc>
<msg timestamp="20231126 05:39:24.505" level="INFO">HANDLE::&lt;class 'NoneType'&gt;::None</msg>
<status status="PASS" starttime="20231126 05:39:24.504" endtime="20231126 05:39:24.514"/>
</kw>
<kw name="Close Browser" library="SeleniumLibrary">
<doc>Closes the current browser.</doc>
<status status="PASS" starttime="20231126 05:39:24.514" endtime="20231126 05:39:26.749"/>
</kw>
<status status="PASS" starttime="20231126 05:39:15.181" endtime="20231126 05:39:26.750"/>
</test>
<test id="s1-t8" name="1_TS012_TC008" line="81">
<kw name="Input Rejection Reason">
<kw name="Reject Hazard Report">
<kw name="Click Hazard Report">
<kw name="Dispatcher Login" library="login">
<kw name="Open Browser and Maximize" library="login">
<kw name="Open Browser" library="SeleniumLibrary">
<arg>${URL}</arg>
<arg>${BROWSER}</arg>
<doc>Opens a new browser instance to the optional ``url``.</doc>
<msg timestamp="20231126 05:39:26.753" level="INFO">Opening browser 'Chrome' to base url 'https://sagip-automation.vercel.app/'.</msg>
<status status="PASS" starttime="20231126 05:39:26.752" endtime="20231126 05:39:30.029"/>
</kw>
<kw name="Maximize Browser Window" library="SeleniumLibrary">
<doc>Maximizes current browser window.</doc>
<status status="PASS" starttime="20231126 05:39:30.029" endtime="20231126 05:39:30.175"/>
</kw>
<status status="PASS" starttime="20231126 05:39:26.752" endtime="20231126 05:39:30.175"/>
</kw>
<kw name="Login" library="login">
<arg>dispatcher@sagip.live</arg>
<arg>Sagip.00</arg>
<kw name="Go To" library="SeleniumLibrary">
<arg>${URL}</arg>
<doc>Navigates the current browser window to the provided ``url``.</doc>
<msg timestamp="20231126 05:39:30.176" level="INFO">Opening url 'https://sagip-automation.vercel.app/'</msg>
<status status="PASS" starttime="20231126 05:39:30.175" endtime="20231126 05:39:31.389"/>
</kw>
<kw name="Wait Until Element Is Visible" library="SeleniumLibrary">
<arg>xpath=//*[@id="root"]/div[1]/div[3]/button[1]</arg>
<arg>10 seconds</arg>
<doc>Waits until the element ``locator`` is visible.</doc>
<status status="PASS" starttime="20231126 05:39:31.389" endtime="20231126 05:39:31.444"/>
</kw>
<kw name="Click Element" library="SeleniumLibrary">
<arg>xpath=//*[@id="root"]/div[1]/div[3]/button[1]</arg>
<doc>Click the element identified by ``locator``.</doc>
<msg timestamp="20231126 05:39:31.444" level="INFO">Clicking element 'xpath=//*[@id="root"]/div[1]/div[3]/button[1]'.</msg>
<status status="PASS" starttime="20231126 05:39:31.444" endtime="20231126 05:39:31.542"/>
</kw>
<kw name="Click Element" library="SeleniumLibrary">
<arg>id=identifier</arg>
<doc>Click the element identified by ``locator``.</doc>
<msg timestamp="20231126 05:39:31.544" level="INFO">Clicking element 'id=identifier'.</msg>
<status status="PASS" starttime="20231126 05:39:31.542" endtime="20231126 05:39:31.622"/>
</kw>
<kw name="Input Text" library="SeleniumLibrary">
<arg>id:identifier</arg>
<arg>${username}</arg>
<doc>Types the given ``text`` into the text field identified by ``locator``.</doc>
<msg timestamp="20231126 05:39:31.623" level="INFO">Typing text 'dispatcher@sagip.live' into text field 'id:identifier'.</msg>
<status status="PASS" starttime="20231126 05:39:31.622" endtime="20231126 05:39:31.732"/>
</kw>
<kw name="Click Element" library="SeleniumLibrary">
<arg>id=password</arg>
<doc>Click the element identified by ``locator``.</doc>
<msg timestamp="20231126 05:39:31.732" level="INFO">Clicking element 'id=password'.</msg>
<status status="PASS" starttime="20231126 05:39:31.732" endtime="20231126 05:39:31.786"/>
</kw>
<kw name="Input Text" library="SeleniumLibrary">
<arg>id:password</arg>
<arg>${password}</arg>
<doc>Types the given ``text`` into the text field identified by ``locator``.</doc>
<msg timestamp="20231126 05:39:31.787" level="INFO">Typing text 'Sagip.00' into text field 'id:password'.</msg>
<status status="PASS" starttime="20231126 05:39:31.787" endtime="20231126 05:39:31.864"/>
</kw>
<kw name="Click Element" library="SeleniumLibrary">
<arg>xpath=//*[@id="root"]/div[1]/div[1]/button</arg>
<doc>Click the element identified by ``locator``.</doc>
<msg timestamp="20231126 05:39:31.865" level="INFO">Clicking element 'xpath=//*[@id="root"]/div[1]/div[1]/button'.</msg>
<status status="PASS" starttime="20231126 05:39:31.864" endtime="20231126 05:39:31.932"/>
</kw>
<kw name="Wait Until Element Is Visible" library="SeleniumLibrary">
<arg>xpath=//*[@id="root"]/div[1]/div[2]/div/header/h1</arg>
<arg>60 seconds</arg>
<doc>Waits until the element ``locator`` is visible.</doc>
<status status="PASS" starttime="20231126 05:39:31.933" endtime="20231126 05:39:33.372"/>
</kw>
<kw name="Element Should Be Visible" library="SeleniumLibrary">
<arg>xpath=//*[@id="root"]/div[1]/div[2]/div/header/h1</arg>
<doc>Verifies that the element identified by ``locator`` is visible.</doc>
<msg timestamp="20231126 05:39:33.415" level="INFO">Element 'xpath=//*[@id="root"]/div[1]/div[2]/div/header/h1' is displayed.</msg>
<status status="PASS" starttime="20231126 05:39:33.373" endtime="20231126 05:39:33.415"/>
</kw>
<status status="PASS" starttime="20231126 05:39:30.175" endtime="20231126 05:39:33.415"/>
</kw>
<status status="PASS" starttime="20231126 05:39:26.752" endtime="20231126 05:39:33.415"/>
</kw>
<kw name="Go To" library="SeleniumLibrary">
<arg>https://sagip-automation.vercel.app/admin/hazard-reports</arg>
<doc>Navigates the current browser window to the provided ``url``.</doc>
<msg timestamp="20231126 05:39:33.415" level="INFO">Opening url 'https://sagip-automation.vercel.app/admin/hazard-reports'</msg>
<status status="PASS" starttime="20231126 05:39:33.415" endtime="20231126 05:39:34.080"/>
</kw>
<kw name="Wait Until Page Contains Element" library="SeleniumLibrary">
<arg>xpath=//*[@id="root"]/div[1]/div[2]/div/div[1]/div[3]/div[1]</arg>
<doc>Waits until the element ``locator`` appears on the current page.</doc>
<status status="PASS" starttime="20231126 05:39:34.080" endtime="20231126 05:39:35.103"/>
</kw>
<kw name="Get WebElement" library="SeleniumLibrary">
<var>${element}</var>
<arg>xpath=//div[contains(text(), 'unverified')]</arg>
<doc>Returns the first WebElement matching the given ``locator``.</doc>
<msg timestamp="20231126 05:39:35.953" level="INFO">${element} = &lt;selenium.webdriver.remote.webelement.WebElement (session="a148f657c9597e76ca236baa58c94763", element="3949A0EDD407D313FDE0912C13867747_element_62")&gt;</msg>
<status status="PASS" starttime="20231126 05:39:35.105" endtime="20231126 05:39:35.953"/>
</kw>
<kw name="Run Keyword Unless" library="BuiltIn">
<arg>'${element}'=='None'</arg>
<arg>Hazard Present</arg>
<doc>*DEPRECATED since RF 5.0. Use Native IF/ELSE or `Run Keyword If` instead.*</doc>
<msg timestamp="20231126 05:39:35.953" level="WARN">Keyword 'BuiltIn.Run Keyword Unless' is deprecated. </msg>
<kw name="Hazard Present">
<kw name="Click Element" library="SeleniumLibrary">
<arg>xpath=//div[contains(text(), 'unverified')]</arg>
<doc>Click the element identified by ``locator``.</doc>
<msg timestamp="20231126 05:39:35.956" level="INFO">Clicking element 'xpath=//div[contains(text(), 'unverified')]'.</msg>
<status status="PASS" starttime="20231126 05:39:35.955" endtime="20231126 05:39:36.254"/>
</kw>
<kw name="Wait Until Element Is Visible" library="SeleniumLibrary">
<arg>//*[@id="root"]/div[1]/div[2]/div/div[2]/div[1]/p</arg>
<doc>Waits until the element ``locator`` is visible.</doc>
<status status="PASS" starttime="20231126 05:39:36.254" endtime="20231126 05:39:36.711"/>
</kw>
<kw name="Element Should Be Visible" library="SeleniumLibrary">
<arg>//*[@id="root"]/div[1]/div[2]/div/div[2]/div[1]/p</arg>
<doc>Verifies that the element identified by ``locator`` is visible.</doc>
<msg timestamp="20231126 05:39:36.890" level="INFO">Element '//*[@id="root"]/div[1]/div[2]/div/div[2]/div[1]/p' is displayed.</msg>
<status status="PASS" starttime="20231126 05:39:36.711" endtime="20231126 05:39:36.891"/>
</kw>
<status status="PASS" starttime="20231126 05:39:35.954" endtime="20231126 05:39:36.891"/>
</kw>
<status status="PASS" starttime="20231126 05:39:35.953" endtime="20231126 05:39:36.891"/>
</kw>
<status status="PASS" starttime="20231126 05:39:26.752" endtime="20231126 05:39:36.891"/>
</kw>
<kw name="Wait Until Page Contains Element" library="SeleniumLibrary">
<arg>xpath=//button[contains(text(), 'Reject Hazard Report')]</arg>
<doc>Waits until the element ``locator`` appears on the current page.</doc>
<status status="PASS" starttime="20231126 05:39:36.891" endtime="20231126 05:39:36.962"/>
</kw>
<kw name="Click Element" library="SeleniumLibrary">
<arg>xpath=//button[contains(text(), 'Reject Hazard Report')]</arg>
<doc>Click the element identified by ``locator``.</doc>
<msg timestamp="20231126 05:39:36.964" level="INFO">Clicking element 'xpath=//button[contains(text(), 'Reject Hazard Report')]'.</msg>
<status status="PASS" starttime="20231126 05:39:36.963" endtime="20231126 05:39:37.218"/>
</kw>
<status status="PASS" starttime="20231126 05:39:26.752" endtime="20231126 05:39:37.218"/>
</kw>
<kw name="Click Element" library="SeleniumLibrary">
<arg>xpath=//div[@id='radix-:r0:']/form/div/div/div/div/div[2]</arg>
<doc>Click the element identified by ``locator``.</doc>
<msg timestamp="20231126 05:39:37.219" level="INFO">Clicking element 'xpath=//div[@id='radix-:r0:']/form/div/div/div/div/div[2]'.</msg>
<status status="PASS" starttime="20231126 05:39:37.219" endtime="20231126 05:39:37.356"/>
</kw>
<kw name="Click Element" library="SeleniumLibrary">
<arg>id=react-select-2-option-0</arg>
<doc>Click the element identified by ``locator``.</doc>
<msg timestamp="20231126 05:39:37.357" level="INFO">Clicking element 'id=react-select-2-option-0'.</msg>
<status status="PASS" starttime="20231126 05:39:37.356" endtime="20231126 05:39:37.492"/>
</kw>
<status status="PASS" starttime="20231126 05:39:26.751" endtime="20231126 05:39:37.492"/>
</kw>
<kw name="Click Element" library="SeleniumLibrary">
<arg>xpath=//button[contains(text(), 'Reject Report')]</arg>
<doc>Click the element identified by ``locator``.</doc>
<msg timestamp="20231126 05:39:37.496" level="INFO">Clicking element 'xpath=//button[contains(text(), 'Reject Report')]'.</msg>
<status status="PASS" starttime="20231126 05:39:37.493" endtime="20231126 05:39:37.915"/>
</kw>
<kw name="Alert Should Be Present" library="SeleniumLibrary">
<arg>action=LEAVE</arg>
<doc>Verifies that an alert is present and by default, accepts it.</doc>
<msg timestamp="20231126 05:39:37.915" level="INFO">HANDLE::&lt;class 'NoneType'&gt;::None</msg>
<status status="PASS" starttime="20231126 05:39:37.915" endtime="20231126 05:39:37.918"/>
</kw>
<kw name="Close Browser" library="SeleniumLibrary">
<doc>Closes the current browser.</doc>
<status status="PASS" starttime="20231126 05:39:37.918" endtime="20231126 05:39:40.145"/>
</kw>
<status status="PASS" starttime="20231126 05:39:26.751" endtime="20231126 05:39:40.146"/>
</test>
<status status="PASS" starttime="20231126 05:38:04.237" endtime="20231126 05:39:40.148"/>
</suite>
<statistics>
<total>
<stat pass="8" fail="0" skip="0">All Tests</stat>
</total>
<tag>
</tag>
<suite>
<stat pass="8" fail="0" skip="0" id="s1" name="001 TS012">001 TS012</stat>
</suite>
</statistics>
<errors>
<msg timestamp="20231126 05:38:13.913" level="WARN">Keyword 'BuiltIn.Run Keyword Unless' is deprecated. </msg>
<msg timestamp="20231126 05:38:24.215" level="WARN">Keyword 'BuiltIn.Run Keyword Unless' is deprecated. </msg>
<msg timestamp="20231126 05:38:35.478" level="WARN">Keyword 'BuiltIn.Run Keyword Unless' is deprecated. </msg>
<msg timestamp="20231126 05:38:48.444" level="WARN">Keyword 'BuiltIn.Run Keyword Unless' is deprecated. </msg>
<msg timestamp="20231126 05:38:59.753" level="WARN">Keyword 'BuiltIn.Run Keyword Unless' is deprecated. </msg>
<msg timestamp="20231126 05:39:11.545" level="WARN">Keyword 'BuiltIn.Run Keyword Unless' is deprecated. </msg>
<msg timestamp="20231126 05:39:23.134" level="WARN">Keyword 'BuiltIn.Run Keyword Unless' is deprecated. </msg>
<msg timestamp="20231126 05:39:35.953" level="WARN">Keyword 'BuiltIn.Run Keyword Unless' is deprecated. </msg>
</errors>
</robot>
