<?xml version="1.0" encoding="UTF-8"?>
<robot generator="Robot 6.1.1 (Python 3.11.4 on win32)" generated="20231202 20:51:21.103" rpa="false" schemaversion="4">
<suite id="s1" name="001 TS014" source="C:\Users\Darwin\Desktop\SAGIP Automation Testing\Robot Framework\test_suite\Hazard Report Management Module\001_TS014.robot">
<kw name="Dispatcher Login" library="login" type="SETUP">
<kw name="Login" library="login">
<arg>dispatcher@sagip.live</arg>
<arg>Sagip.00</arg>
<kw name="Open Browser" library="SeleniumLibrary">
<arg>${URL}</arg>
<arg>${BROWSER}</arg>
<doc>Opens a new browser instance to the optional ``url``.</doc>
<msg timestamp="20231202 20:51:21.424" level="INFO">Opening browser 'Chrome' to base url 'https://sagip-automation.vercel.app/'.</msg>
<status status="PASS" starttime="20231202 20:51:21.424" endtime="20231202 20:51:27.660"/>
</kw>
<kw name="Maximize Browser Window" library="SeleniumLibrary">
<doc>Maximizes current browser window.</doc>
<status status="PASS" starttime="20231202 20:51:27.661" endtime="20231202 20:51:27.891"/>
</kw>
<kw name="Go To" library="SeleniumLibrary">
<arg>${URL}</arg>
<doc>Navigates the current browser window to the provided ``url``.</doc>
<msg timestamp="20231202 20:51:27.892" level="INFO">Opening url 'https://sagip-automation.vercel.app/'</msg>
<status status="PASS" starttime="20231202 20:51:27.891" endtime="20231202 20:51:29.398"/>
</kw>
<kw name="Wait Until Element Is Visible" library="SeleniumLibrary">
<arg>xpath=//*[@id="root"]/div[1]/div[3]/button[1]</arg>
<arg>10 seconds</arg>
<doc>Waits until the element ``locator`` is visible.</doc>
<status status="PASS" starttime="20231202 20:51:29.398" endtime="20231202 20:51:29.551"/>
</kw>
<kw name="Click Element" library="SeleniumLibrary">
<arg>xpath=//*[@id="root"]/div[1]/div[3]/button[1]</arg>
<doc>Click the element identified by ``locator``.</doc>
<msg timestamp="20231202 20:51:29.552" level="INFO">Clicking element 'xpath=//*[@id="root"]/div[1]/div[3]/button[1]'.</msg>
<status status="PASS" starttime="20231202 20:51:29.551" endtime="20231202 20:51:29.648"/>
</kw>
<kw name="Click Element" library="SeleniumLibrary">
<arg>id=identifier</arg>
<doc>Click the element identified by ``locator``.</doc>
<msg timestamp="20231202 20:51:29.650" level="INFO">Clicking element 'id=identifier'.</msg>
<status status="PASS" starttime="20231202 20:51:29.649" endtime="20231202 20:51:29.743"/>
</kw>
<kw name="Input Text" library="SeleniumLibrary">
<arg>id:identifier</arg>
<arg>${username}</arg>
<doc>Types the given ``text`` into the text field identified by ``locator``.</doc>
<msg timestamp="20231202 20:51:29.744" level="INFO">Typing text 'dispatcher@sagip.live' into text field 'id:identifier'.</msg>
<status status="PASS" starttime="20231202 20:51:29.743" endtime="20231202 20:51:29.881"/>
</kw>
<kw name="Click Element" library="SeleniumLibrary">
<arg>id=password</arg>
<doc>Click the element identified by ``locator``.</doc>
<msg timestamp="20231202 20:51:29.882" level="INFO">Clicking element 'id=password'.</msg>
<status status="PASS" starttime="20231202 20:51:29.881" endtime="20231202 20:51:29.941"/>
</kw>
<kw name="Input Text" library="SeleniumLibrary">
<arg>id:password</arg>
<arg>${password}</arg>
<doc>Types the given ``text`` into the text field identified by ``locator``.</doc>
<msg timestamp="20231202 20:51:29.942" level="INFO">Typing text 'Sagip.00' into text field 'id:password'.</msg>
<status status="PASS" starttime="20231202 20:51:29.941" endtime="20231202 20:51:30.317"/>
</kw>
<kw name="Click Element" library="SeleniumLibrary">
<arg>xpath=//*[@id="root"]/div[1]/div[1]/button</arg>
<doc>Click the element identified by ``locator``.</doc>
<msg timestamp="20231202 20:51:30.317" level="INFO">Clicking element 'xpath=//*[@id="root"]/div[1]/div[1]/button'.</msg>
<status status="PASS" starttime="20231202 20:51:30.317" endtime="20231202 20:51:30.385"/>
</kw>
<kw name="Wait Until Element Is Visible" library="SeleniumLibrary">
<arg>xpath=//*[@id="root"]/div[1]/div[2]/div/header/h1</arg>
<arg>60 seconds</arg>
<doc>Waits until the element ``locator`` is visible.</doc>
<status status="PASS" starttime="20231202 20:51:30.385" endtime="20231202 20:51:32.039"/>
</kw>
<kw name="Element Should Be Visible" library="SeleniumLibrary">
<arg>xpath=//*[@id="root"]/div[1]/div[2]/div/header/h1</arg>
<doc>Verifies that the element identified by ``locator`` is visible.</doc>
<msg timestamp="20231202 20:51:32.067" level="INFO">Element 'xpath=//*[@id="root"]/div[1]/div[2]/div/header/h1' is displayed.</msg>
<status status="PASS" starttime="20231202 20:51:32.039" endtime="20231202 20:51:32.067"/>
</kw>
<status status="PASS" starttime="20231202 20:51:21.423" endtime="20231202 20:51:32.067"/>
</kw>
<status status="PASS" starttime="20231202 20:51:21.423" endtime="20231202 20:51:32.067"/>
</kw>
<test id="s1-t1" name="1_TS014_TC001" line="36">
<kw name="Given the user is on the hazard report page">
<kw name="Go To" library="SeleniumLibrary">
<arg>https://sagip-automation.vercel.app/admin/hazard-reports</arg>
<doc>Navigates the current browser window to the provided ``url``.</doc>
<msg timestamp="20231202 20:51:32.068" level="INFO">Opening url 'https://sagip-automation.vercel.app/admin/hazard-reports'</msg>
<status status="PASS" starttime="20231202 20:51:32.068" endtime="20231202 20:51:32.646"/>
</kw>
<kw name="Wait Until Page Contains Element" library="SeleniumLibrary">
<arg>xpath=//*[@id="root"]/div[1]/div[2]/div/div[1]/div[3]/div[1]</arg>
<doc>Waits until the element ``locator`` appears on the current page.</doc>
<status status="PASS" starttime="20231202 20:51:32.646" endtime="20231202 20:51:34.851"/>
</kw>
<status status="PASS" starttime="20231202 20:51:32.068" endtime="20231202 20:51:34.851"/>
</kw>
<kw name="When the user selects an ongoing hazard report">
<kw name="Get WebElement" library="SeleniumLibrary">
<var>${element}</var>
<arg>xpath=//div[contains(text(), 'ongoing')]</arg>
<doc>Returns the first WebElement matching the given ``locator``.</doc>
<msg timestamp="20231202 20:51:34.870" level="INFO">${element} = &lt;selenium.webdriver.remote.webelement.WebElement (session="c9f832c8117e4d0c4b0723c999bb1379", element="8041D8DF6BD1B01F440934E59921E938_element_62")&gt;</msg>
<status status="PASS" starttime="20231202 20:51:34.852" endtime="20231202 20:51:34.870"/>
</kw>
<kw name="Run Keyword Unless" library="BuiltIn">
<arg>'${element}'=='None'</arg>
<arg>Hazard Present</arg>
<doc>*DEPRECATED since RF 5.0. Use Native IF/ELSE or `Run Keyword If` instead.*</doc>
<msg timestamp="20231202 20:51:34.871" level="WARN">Keyword 'BuiltIn.Run Keyword Unless' is deprecated. </msg>
<kw name="Hazard Present">
<kw name="Click Element" library="SeleniumLibrary">
<arg>xpath=//div[contains(text(), 'ongoing')]</arg>
<doc>Click the element identified by ``locator``.</doc>
<msg timestamp="20231202 20:51:34.873" level="INFO">Clicking element 'xpath=//div[contains(text(), 'ongoing')]'.</msg>
<status status="PASS" starttime="20231202 20:51:34.872" endtime="20231202 20:51:35.098"/>
</kw>
<kw name="Wait Until Element Is Visible" library="SeleniumLibrary">
<arg>xpath=//*[@id="root"]/div[1]/div[2]/div/div[2]/div[1]/p</arg>
<doc>Waits until the element ``locator`` is visible.</doc>
<status status="PASS" starttime="20231202 20:51:35.098" endtime="20231202 20:51:35.268"/>
</kw>
<kw name="Element Should Be Visible" library="SeleniumLibrary">
<arg>xpath=//*[@id="root"]/div[1]/div[2]/div/div[2]/div[1]/p</arg>
<doc>Verifies that the element identified by ``locator`` is visible.</doc>
<msg timestamp="20231202 20:51:35.306" level="INFO">Element 'xpath=//*[@id="root"]/div[1]/div[2]/div/div[2]/div[1]/p' is displayed.</msg>
<status status="PASS" starttime="20231202 20:51:35.268" endtime="20231202 20:51:35.306"/>
</kw>
<status status="PASS" starttime="20231202 20:51:34.872" endtime="20231202 20:51:35.306"/>
</kw>
<status status="PASS" starttime="20231202 20:51:34.871" endtime="20231202 20:51:35.306"/>
</kw>
<status status="PASS" starttime="20231202 20:51:34.851" endtime="20231202 20:51:35.306"/>
</kw>
<kw name="Then the review hazard report should appear">
<kw name="Click Element" library="SeleniumLibrary">
<arg>xpath=//div[contains(text(), 'ongoing')]</arg>
<doc>Click the element identified by ``locator``.</doc>
<msg timestamp="20231202 20:51:35.308" level="INFO">Clicking element 'xpath=//div[contains(text(), 'ongoing')]'.</msg>
<status status="PASS" starttime="20231202 20:51:35.308" endtime="20231202 20:51:35.437"/>
</kw>
<kw name="Wait Until Element Is Visible" library="SeleniumLibrary">
<arg>xpath=//*[@id="root"]/div[1]/div[2]/div/div[2]/div[1]/p</arg>
<doc>Waits until the element ``locator`` is visible.</doc>
<status status="PASS" starttime="20231202 20:51:35.437" endtime="20231202 20:51:35.496"/>
</kw>
<kw name="Element Should Be Visible" library="SeleniumLibrary">
<arg>xpath=//*[@id="root"]/div[1]/div[2]/div/div[2]/div[1]/p</arg>
<doc>Verifies that the element identified by ``locator`` is visible.</doc>
<msg timestamp="20231202 20:51:35.556" level="INFO">Element 'xpath=//*[@id="root"]/div[1]/div[2]/div/div[2]/div[1]/p' is displayed.</msg>
<status status="PASS" starttime="20231202 20:51:35.496" endtime="20231202 20:51:35.556"/>
</kw>
<status status="PASS" starttime="20231202 20:51:35.307" endtime="20231202 20:51:35.556"/>
</kw>
<status status="PASS" starttime="20231202 20:51:32.067" endtime="20231202 20:51:35.557"/>
</test>
<test id="s1-t2" name="1_TS014_TC002" line="41">
<kw name="Given the user is on the hazard report page">
<kw name="Go To" library="SeleniumLibrary">
<arg>https://sagip-automation.vercel.app/admin/hazard-reports</arg>
<doc>Navigates the current browser window to the provided ``url``.</doc>
<msg timestamp="20231202 20:51:35.559" level="INFO">Opening url 'https://sagip-automation.vercel.app/admin/hazard-reports'</msg>
<status status="PASS" starttime="20231202 20:51:35.558" endtime="20231202 20:51:36.688"/>
</kw>
<kw name="Wait Until Page Contains Element" library="SeleniumLibrary">
<arg>xpath=//*[@id="root"]/div[1]/div[2]/div/div[1]/div[3]/div[1]</arg>
<doc>Waits until the element ``locator`` appears on the current page.</doc>
<status status="PASS" starttime="20231202 20:51:36.689" endtime="20231202 20:51:37.535"/>
</kw>
<status status="PASS" starttime="20231202 20:51:35.558" endtime="20231202 20:51:37.536"/>
</kw>
<kw name="When the user selects an ongoing hazard report">
<kw name="Get WebElement" library="SeleniumLibrary">
<var>${element}</var>
<arg>xpath=//div[contains(text(), 'ongoing')]</arg>
<doc>Returns the first WebElement matching the given ``locator``.</doc>
<msg timestamp="20231202 20:51:37.579" level="INFO">${element} = &lt;selenium.webdriver.remote.webelement.WebElement (session="c9f832c8117e4d0c4b0723c999bb1379", element="F4C5AF02C893B7A120A1632D66D8AF29_element_97")&gt;</msg>
<status status="PASS" starttime="20231202 20:51:37.536" endtime="20231202 20:51:37.579"/>
</kw>
<kw name="Run Keyword Unless" library="BuiltIn">
<arg>'${element}'=='None'</arg>
<arg>Hazard Present</arg>
<doc>*DEPRECATED since RF 5.0. Use Native IF/ELSE or `Run Keyword If` instead.*</doc>
<msg timestamp="20231202 20:51:37.579" level="WARN">Keyword 'BuiltIn.Run Keyword Unless' is deprecated. </msg>
<kw name="Hazard Present">
<kw name="Click Element" library="SeleniumLibrary">
<arg>xpath=//div[contains(text(), 'ongoing')]</arg>
<doc>Click the element identified by ``locator``.</doc>
<msg timestamp="20231202 20:51:37.582" level="INFO">Clicking element 'xpath=//div[contains(text(), 'ongoing')]'.</msg>
<status status="PASS" starttime="20231202 20:51:37.581" endtime="20231202 20:51:37.755"/>
</kw>
<kw name="Wait Until Element Is Visible" library="SeleniumLibrary">
<arg>xpath=//*[@id="root"]/div[1]/div[2]/div/div[2]/div[1]/p</arg>
<doc>Waits until the element ``locator`` is visible.</doc>
<status status="PASS" starttime="20231202 20:51:37.755" endtime="20231202 20:51:37.893"/>
</kw>
<kw name="Element Should Be Visible" library="SeleniumLibrary">
<arg>xpath=//*[@id="root"]/div[1]/div[2]/div/div[2]/div[1]/p</arg>
<doc>Verifies that the element identified by ``locator`` is visible.</doc>
<msg timestamp="20231202 20:51:37.978" level="INFO">Element 'xpath=//*[@id="root"]/div[1]/div[2]/div/div[2]/div[1]/p' is displayed.</msg>
<status status="PASS" starttime="20231202 20:51:37.893" endtime="20231202 20:51:37.978"/>
</kw>
<status status="PASS" starttime="20231202 20:51:37.581" endtime="20231202 20:51:37.978"/>
</kw>
<status status="PASS" starttime="20231202 20:51:37.579" endtime="20231202 20:51:37.978"/>
</kw>
<status status="PASS" starttime="20231202 20:51:37.536" endtime="20231202 20:51:37.978"/>
</kw>
<kw name="And the user clicks the mark as resolved button">
<kw name="Click Element" library="SeleniumLibrary">
<arg>xpath=//button[contains(text(), 'Mark as Resolved')]</arg>
<doc>Click the element identified by ``locator``.</doc>
<msg timestamp="20231202 20:51:37.981" level="INFO">Clicking element 'xpath=//button[contains(text(), 'Mark as Resolved')]'.</msg>
<status status="PASS" starttime="20231202 20:51:37.980" endtime="20231202 20:51:38.255"/>
</kw>
<status status="PASS" starttime="20231202 20:51:37.978" endtime="20231202 20:51:38.255"/>
</kw>
<kw name="Then the hazard report should be resolved">
<kw name="Wait Until Element Is Visible" library="SeleniumLibrary">
<arg>css=.Toastify__toast--success</arg>
<doc>Waits until the element ``locator`` is visible.</doc>
<status status="PASS" starttime="20231202 20:51:38.256" endtime="20231202 20:51:39.221"/>
</kw>
<kw name="Element Should Be Visible" library="SeleniumLibrary">
<arg>css=.Toastify__toast--success</arg>
<doc>Verifies that the element identified by ``locator`` is visible.</doc>
<msg timestamp="20231202 20:51:39.243" level="INFO">Element 'css=.Toastify__toast--success' is displayed.</msg>
<status status="PASS" starttime="20231202 20:51:39.221" endtime="20231202 20:51:39.243"/>
</kw>
<status status="PASS" starttime="20231202 20:51:38.256" endtime="20231202 20:51:39.243"/>
</kw>
<status status="PASS" starttime="20231202 20:51:35.558" endtime="20231202 20:51:39.243"/>
</test>
<status status="PASS" starttime="20231202 20:51:21.106" endtime="20231202 20:51:39.244"/>
</suite>
<statistics>
<total>
<stat pass="2" fail="0" skip="0">All Tests</stat>
</total>
<tag>
</tag>
<suite>
<stat pass="2" fail="0" skip="0" id="s1" name="001 TS014">001 TS014</stat>
</suite>
</statistics>
<errors>
<msg timestamp="20231202 20:51:34.871" level="WARN">Keyword 'BuiltIn.Run Keyword Unless' is deprecated. </msg>
<msg timestamp="20231202 20:51:37.579" level="WARN">Keyword 'BuiltIn.Run Keyword Unless' is deprecated. </msg>
</errors>
</robot>
