<?xml version="1.0" encoding="UTF-8"?>
<robot generator="Robot 6.1.1 (Python 3.11.4 on win32)" generated="20231203 00:54:06.383" rpa="false" schemaversion="4">
<suite id="s1" name="001 TS014" source="C:\Users\Darwin\Desktop\SAGIP Automation Testing\Robot Framework\test_suite\Hazard Report Management Module\001_TS014.robot">
<kw name="Dispatcher Login" library="login" type="SETUP">
<kw name="Login" library="login">
<arg>dispatcher@sagip.live</arg>
<arg>Sagip.00</arg>
<kw name="Open Browser" library="SeleniumLibrary">
<arg>${URL}</arg>
<arg>${BROWSER}</arg>
<doc>Opens a new browser instance to the optional ``url``.</doc>
<msg timestamp="20231203 00:54:06.727" level="INFO">Opening browser 'Chrome' to base url 'https://sagip-automation.vercel.app/'.</msg>
<status status="PASS" starttime="20231203 00:54:06.726" endtime="20231203 00:54:12.358"/>
</kw>
<kw name="Maximize Browser Window" library="SeleniumLibrary">
<doc>Maximizes current browser window.</doc>
<status status="PASS" starttime="20231203 00:54:12.359" endtime="20231203 00:54:12.759"/>
</kw>
<kw name="Go To" library="SeleniumLibrary">
<arg>${URL}</arg>
<doc>Navigates the current browser window to the provided ``url``.</doc>
<msg timestamp="20231203 00:54:12.760" level="INFO">Opening url 'https://sagip-automation.vercel.app/'</msg>
<status status="PASS" starttime="20231203 00:54:12.759" endtime="20231203 00:54:20.326"/>
</kw>
<kw name="Wait Until Element Is Visible" library="SeleniumLibrary">
<arg>xpath=//*[@id="root"]/div[1]/div[3]/button[1]</arg>
<arg>10 seconds</arg>
<doc>Waits until the element ``locator`` is visible.</doc>
<status status="PASS" starttime="20231203 00:54:20.326" endtime="20231203 00:54:20.448"/>
</kw>
<kw name="Click Element" library="SeleniumLibrary">
<arg>xpath=//*[@id="root"]/div[1]/div[3]/button[1]</arg>
<doc>Click the element identified by ``locator``.</doc>
<msg timestamp="20231203 00:54:20.449" level="INFO">Clicking element 'xpath=//*[@id="root"]/div[1]/div[3]/button[1]'.</msg>
<status status="PASS" starttime="20231203 00:54:20.449" endtime="20231203 00:54:20.584"/>
</kw>
<kw name="Click Element" library="SeleniumLibrary">
<arg>id=identifier</arg>
<doc>Click the element identified by ``locator``.</doc>
<msg timestamp="20231203 00:54:20.585" level="INFO">Clicking element 'id=identifier'.</msg>
<status status="PASS" starttime="20231203 00:54:20.584" endtime="20231203 00:54:20.683"/>
</kw>
<kw name="Input Text" library="SeleniumLibrary">
<arg>id:identifier</arg>
<arg>${username}</arg>
<doc>Types the given ``text`` into the text field identified by ``locator``.</doc>
<msg timestamp="20231203 00:54:20.685" level="INFO">Typing text 'dispatcher@sagip.live' into text field 'id:identifier'.</msg>
<status status="PASS" starttime="20231203 00:54:20.684" endtime="20231203 00:54:20.816"/>
</kw>
<kw name="Click Element" library="SeleniumLibrary">
<arg>id=password</arg>
<doc>Click the element identified by ``locator``.</doc>
<msg timestamp="20231203 00:54:20.817" level="INFO">Clicking element 'id=password'.</msg>
<status status="PASS" starttime="20231203 00:54:20.816" endtime="20231203 00:54:20.884"/>
</kw>
<kw name="Input Text" library="SeleniumLibrary">
<arg>id:password</arg>
<arg>${password}</arg>
<doc>Types the given ``text`` into the text field identified by ``locator``.</doc>
<msg timestamp="20231203 00:54:20.885" level="INFO">Typing text 'Sagip.00' into text field 'id:password'.</msg>
<status status="PASS" starttime="20231203 00:54:20.884" endtime="20231203 00:54:21.014"/>
</kw>
<kw name="Click Element" library="SeleniumLibrary">
<arg>xpath=//*[@id="root"]/div[1]/div[1]/button</arg>
<doc>Click the element identified by ``locator``.</doc>
<msg timestamp="20231203 00:54:21.015" level="INFO">Clicking element 'xpath=//*[@id="root"]/div[1]/div[1]/button'.</msg>
<status status="PASS" starttime="20231203 00:54:21.014" endtime="20231203 00:54:21.083"/>
</kw>
<kw name="Wait Until Element Is Visible" library="SeleniumLibrary">
<arg>xpath=//*[@id="root"]/div[1]/div[2]/div/header/h1</arg>
<arg>60 seconds</arg>
<doc>Waits until the element ``locator`` is visible.</doc>
<status status="PASS" starttime="20231203 00:54:21.083" endtime="20231203 00:54:22.542"/>
</kw>
<kw name="Element Should Be Visible" library="SeleniumLibrary">
<arg>xpath=//*[@id="root"]/div[1]/div[2]/div/header/h1</arg>
<doc>Verifies that the element identified by ``locator`` is visible.</doc>
<msg timestamp="20231203 00:54:22.573" level="INFO">Element 'xpath=//*[@id="root"]/div[1]/div[2]/div/header/h1' is displayed.</msg>
<status status="PASS" starttime="20231203 00:54:22.542" endtime="20231203 00:54:22.573"/>
</kw>
<status status="PASS" starttime="20231203 00:54:06.725" endtime="20231203 00:54:22.573"/>
</kw>
<status status="PASS" starttime="20231203 00:54:06.725" endtime="20231203 00:54:22.573"/>
</kw>
<test id="s1-t1" name="1_TS014_TC001" line="36">
<kw name="Given the user is on the hazard report page">
<kw name="Go To" library="SeleniumLibrary">
<arg>https://sagip-automation.vercel.app/admin/hazard-reports</arg>
<doc>Navigates the current browser window to the provided ``url``.</doc>
<msg timestamp="20231203 00:54:22.577" level="INFO">Opening url 'https://sagip-automation.vercel.app/admin/hazard-reports'</msg>
<status status="PASS" starttime="20231203 00:54:22.576" endtime="20231203 00:54:25.498"/>
</kw>
<kw name="Wait Until Page Contains Element" library="SeleniumLibrary">
<arg>xpath=//*[@id="root"]/div[1]/div[2]/div/div[1]/div[3]/div[1]</arg>
<doc>Waits until the element ``locator`` appears on the current page.</doc>
<status status="PASS" starttime="20231203 00:54:25.503" endtime="20231203 00:54:26.458"/>
</kw>
<status status="PASS" starttime="20231203 00:54:22.575" endtime="20231203 00:54:26.458"/>
</kw>
<kw name="When the user selects an ongoing hazard report">
<kw name="Get WebElement" library="SeleniumLibrary">
<var>${element}</var>
<arg>xpath=//div[contains(text(), 'ongoing')]</arg>
<doc>Returns the first WebElement matching the given ``locator``.</doc>
<msg timestamp="20231203 00:54:26.543" level="INFO">${element} = &lt;selenium.webdriver.remote.webelement.WebElement (session="200e68d8d9dd95f2dd35aa9288d141fb", element="E008EA870361674B84DB3B5013C8A5BC_element_65")&gt;</msg>
<status status="PASS" starttime="20231203 00:54:26.460" endtime="20231203 00:54:26.543"/>
</kw>
<kw name="Run Keyword If" library="BuiltIn">
<arg>${element}</arg>
<arg>Hazard Present</arg>
<doc>Runs the given keyword with the given arguments, if ``condition`` is true.</doc>
<kw name="Hazard Present">
<kw name="Click Element" library="SeleniumLibrary">
<arg>xpath=//div[contains(text(), 'ongoing')]</arg>
<doc>Click the element identified by ``locator``.</doc>
<msg timestamp="20231203 00:54:26.546" level="INFO">Clicking element 'xpath=//div[contains(text(), 'ongoing')]'.</msg>
<status status="PASS" starttime="20231203 00:54:26.544" endtime="20231203 00:54:26.749"/>
</kw>
<kw name="Wait Until Element Is Visible" library="SeleniumLibrary">
<arg>xpath=//*[@id="root"]/div[1]/div[2]/div/div[2]/div[1]/p</arg>
<doc>Waits until the element ``locator`` is visible.</doc>
<status status="PASS" starttime="20231203 00:54:26.750" endtime="20231203 00:54:27.418"/>
</kw>
<kw name="Element Should Be Visible" library="SeleniumLibrary">
<arg>xpath=//*[@id="root"]/div[1]/div[2]/div/div[2]/div[1]/p</arg>
<doc>Verifies that the element identified by ``locator`` is visible.</doc>
<msg timestamp="20231203 00:54:27.471" level="INFO">Element 'xpath=//*[@id="root"]/div[1]/div[2]/div/div[2]/div[1]/p' is displayed.</msg>
<status status="PASS" starttime="20231203 00:54:27.419" endtime="20231203 00:54:27.471"/>
</kw>
<status status="PASS" starttime="20231203 00:54:26.543" endtime="20231203 00:54:27.471"/>
</kw>
<status status="PASS" starttime="20231203 00:54:26.543" endtime="20231203 00:54:27.471"/>
</kw>
<status status="PASS" starttime="20231203 00:54:26.459" endtime="20231203 00:54:27.471"/>
</kw>
<kw name="Then the review hazard report should appear">
<kw name="Click Element" library="SeleniumLibrary">
<arg>xpath=//div[contains(text(), 'ongoing')]</arg>
<doc>Click the element identified by ``locator``.</doc>
<msg timestamp="20231203 00:54:27.473" level="INFO">Clicking element 'xpath=//div[contains(text(), 'ongoing')]'.</msg>
<status status="PASS" starttime="20231203 00:54:27.472" endtime="20231203 00:54:27.659"/>
</kw>
<kw name="Wait Until Element Is Visible" library="SeleniumLibrary">
<arg>xpath=//*[@id="root"]/div[1]/div[2]/div/div[2]/div[1]/p</arg>
<doc>Waits until the element ``locator`` is visible.</doc>
<status status="PASS" starttime="20231203 00:54:27.659" endtime="20231203 00:54:27.747"/>
</kw>
<kw name="Element Should Be Visible" library="SeleniumLibrary">
<arg>xpath=//*[@id="root"]/div[1]/div[2]/div/div[2]/div[1]/p</arg>
<doc>Verifies that the element identified by ``locator`` is visible.</doc>
<msg timestamp="20231203 00:54:27.811" level="INFO">Element 'xpath=//*[@id="root"]/div[1]/div[2]/div/div[2]/div[1]/p' is displayed.</msg>
<status status="PASS" starttime="20231203 00:54:27.748" endtime="20231203 00:54:27.811"/>
</kw>
<status status="PASS" starttime="20231203 00:54:27.472" endtime="20231203 00:54:27.812"/>
</kw>
<status status="PASS" starttime="20231203 00:54:22.573" endtime="20231203 00:54:27.812"/>
</test>
<test id="s1-t2" name="1_TS014_TC002" line="41">
<kw name="Given the user is on the hazard report page">
<kw name="Go To" library="SeleniumLibrary">
<arg>https://sagip-automation.vercel.app/admin/hazard-reports</arg>
<doc>Navigates the current browser window to the provided ``url``.</doc>
<msg timestamp="20231203 00:54:27.821" level="INFO">Opening url 'https://sagip-automation.vercel.app/admin/hazard-reports'</msg>
<status status="PASS" starttime="20231203 00:54:27.820" endtime="20231203 00:54:28.660"/>
</kw>
<kw name="Wait Until Page Contains Element" library="SeleniumLibrary">
<arg>xpath=//*[@id="root"]/div[1]/div[2]/div/div[1]/div[3]/div[1]</arg>
<doc>Waits until the element ``locator`` appears on the current page.</doc>
<status status="PASS" starttime="20231203 00:54:28.660" endtime="20231203 00:54:29.379"/>
</kw>
<status status="PASS" starttime="20231203 00:54:27.819" endtime="20231203 00:54:29.379"/>
</kw>
<kw name="When the user selects an ongoing hazard report">
<kw name="Get WebElement" library="SeleniumLibrary">
<var>${element}</var>
<arg>xpath=//div[contains(text(), 'ongoing')]</arg>
<doc>Returns the first WebElement matching the given ``locator``.</doc>
<msg timestamp="20231203 00:54:29.393" level="INFO">${element} = &lt;selenium.webdriver.remote.webelement.WebElement (session="200e68d8d9dd95f2dd35aa9288d141fb", element="779B2FB24D059AE7E55D6535E7FE2BA0_element_103")&gt;</msg>
<status status="PASS" starttime="20231203 00:54:29.380" endtime="20231203 00:54:29.393"/>
</kw>
<kw name="Run Keyword If" library="BuiltIn">
<arg>${element}</arg>
<arg>Hazard Present</arg>
<doc>Runs the given keyword with the given arguments, if ``condition`` is true.</doc>
<kw name="Hazard Present">
<kw name="Click Element" library="SeleniumLibrary">
<arg>xpath=//div[contains(text(), 'ongoing')]</arg>
<doc>Click the element identified by ``locator``.</doc>
<msg timestamp="20231203 00:54:29.394" level="INFO">Clicking element 'xpath=//div[contains(text(), 'ongoing')]'.</msg>
<status status="PASS" starttime="20231203 00:54:29.394" endtime="20231203 00:54:29.560"/>
</kw>
<kw name="Wait Until Element Is Visible" library="SeleniumLibrary">
<arg>xpath=//*[@id="root"]/div[1]/div[2]/div/div[2]/div[1]/p</arg>
<doc>Waits until the element ``locator`` is visible.</doc>
<status status="PASS" starttime="20231203 00:54:29.560" endtime="20231203 00:54:29.923"/>
</kw>
<kw name="Element Should Be Visible" library="SeleniumLibrary">
<arg>xpath=//*[@id="root"]/div[1]/div[2]/div/div[2]/div[1]/p</arg>
<doc>Verifies that the element identified by ``locator`` is visible.</doc>
<msg timestamp="20231203 00:54:31.296" level="INFO">Element 'xpath=//*[@id="root"]/div[1]/div[2]/div/div[2]/div[1]/p' is displayed.</msg>
<status status="PASS" starttime="20231203 00:54:29.923" endtime="20231203 00:54:31.296"/>
</kw>
<status status="PASS" starttime="20231203 00:54:29.394" endtime="20231203 00:54:31.296"/>
</kw>
<status status="PASS" starttime="20231203 00:54:29.393" endtime="20231203 00:54:31.296"/>
</kw>
<status status="PASS" starttime="20231203 00:54:29.380" endtime="20231203 00:54:31.296"/>
</kw>
<kw name="And the user clicks the mark as resolved button">
<kw name="Click Element" library="SeleniumLibrary">
<arg>xpath=//button[contains(text(), 'Mark as Resolved')]</arg>
<doc>Click the element identified by ``locator``.</doc>
<msg timestamp="20231203 00:54:31.298" level="INFO">Clicking element 'xpath=//button[contains(text(), 'Mark as Resolved')]'.</msg>
<status status="PASS" starttime="20231203 00:54:31.297" endtime="20231203 00:54:31.447"/>
</kw>
<status status="PASS" starttime="20231203 00:54:31.297" endtime="20231203 00:54:31.447"/>
</kw>
<kw name="Then the hazard report should be resolved">
<kw name="Wait Until Element Is Visible" library="SeleniumLibrary">
<arg>css=.Toastify__toast--success</arg>
<doc>Waits until the element ``locator`` is visible.</doc>
<status status="PASS" starttime="20231203 00:54:31.447" endtime="20231203 00:54:32.460"/>
</kw>
<kw name="Element Should Be Visible" library="SeleniumLibrary">
<arg>css=.Toastify__toast--success</arg>
<doc>Verifies that the element identified by ``locator`` is visible.</doc>
<msg timestamp="20231203 00:54:32.492" level="INFO">Element 'css=.Toastify__toast--success' is displayed.</msg>
<status status="PASS" starttime="20231203 00:54:32.460" endtime="20231203 00:54:32.492"/>
</kw>
<status status="PASS" starttime="20231203 00:54:31.447" endtime="20231203 00:54:32.493"/>
</kw>
<status status="PASS" starttime="20231203 00:54:27.818" endtime="20231203 00:54:32.494"/>
</test>
<status status="PASS" starttime="20231203 00:54:06.385" endtime="20231203 00:54:32.495"/>
</suite>
<statistics>
<total>
<stat pass="2" fail="0" skip="0">All Tests</stat>
</total>
<tag>
</tag>
<suite>
<stat pass="2" fail="0" skip="0" id="s1" name="001 TS014">001 TS014</stat>
</suite>
</statistics>
<errors>
</errors>
</robot>
