<?xml version="1.0" encoding="UTF-8"?>
<robot generator="Robot 6.1.1 (Python 3.11.4 on win32)" generated="20231203 01:02:50.787" rpa="false" schemaversion="4">
<suite id="s1" name="001 TS044" source="C:\Users\Darwin\Desktop\SAGIP Automation Testing\Robot Framework\test_suite\Wellness Check Survey Module\001_TS044.robot">
<kw name="Employee Login" library="login" type="SETUP">
<kw name="Open Browser and Maximize" library="login">
<kw name="Open Browser" library="SeleniumLibrary">
<arg>${URL}</arg>
<arg>${BROWSER}</arg>
<doc>Opens a new browser instance to the optional ``url``.</doc>
<msg timestamp="20231203 01:02:51.248" level="INFO">Opening browser 'chrome' to base url 'https://sagip-automation.vercel.app/'.</msg>
<status status="PASS" starttime="20231203 01:02:51.248" endtime="20231203 01:02:58.945"/>
</kw>
<kw name="Maximize Browser Window" library="SeleniumLibrary">
<doc>Maximizes current browser window.</doc>
<status status="PASS" starttime="20231203 01:02:58.946" endtime="20231203 01:02:59.122"/>
</kw>
<status status="PASS" starttime="20231203 01:02:51.247" endtime="20231203 01:02:59.122"/>
</kw>
<kw name="Login" library="login">
<arg>employee@sagip.live</arg>
<arg>Sagip.00</arg>
<kw name="Go To" library="SeleniumLibrary">
<arg>${URL}</arg>
<doc>Navigates the current browser window to the provided ``url``.</doc>
<msg timestamp="20231203 01:02:59.123" level="INFO">Opening url 'https://sagip-automation.vercel.app/'</msg>
<status status="PASS" starttime="20231203 01:02:59.123" endtime="20231203 01:03:00.978"/>
</kw>
<kw name="Wait Until Element Is Visible" library="SeleniumLibrary">
<arg>xpath=//*[@id="root"]/div[1]/div[3]/button[1]</arg>
<arg>10 seconds</arg>
<doc>Waits until the element ``locator`` is visible.</doc>
<status status="PASS" starttime="20231203 01:03:00.978" endtime="20231203 01:03:01.232"/>
</kw>
<kw name="Click Element" library="SeleniumLibrary">
<arg>xpath=//*[@id="root"]/div[1]/div[3]/button[1]</arg>
<doc>Click the element identified by ``locator``.</doc>
<msg timestamp="20231203 01:03:01.234" level="INFO">Clicking element 'xpath=//*[@id="root"]/div[1]/div[3]/button[1]'.</msg>
<status status="PASS" starttime="20231203 01:03:01.233" endtime="20231203 01:03:01.408"/>
</kw>
<kw name="Click Element" library="SeleniumLibrary">
<arg>id=identifier</arg>
<doc>Click the element identified by ``locator``.</doc>
<msg timestamp="20231203 01:03:01.409" level="INFO">Clicking element 'id=identifier'.</msg>
<status status="PASS" starttime="20231203 01:03:01.408" endtime="20231203 01:03:03.007"/>
</kw>
<kw name="Input Text" library="SeleniumLibrary">
<arg>id:identifier</arg>
<arg>${username}</arg>
<doc>Types the given ``text`` into the text field identified by ``locator``.</doc>
<msg timestamp="20231203 01:03:03.009" level="INFO">Typing text 'employee@sagip.live' into text field 'id:identifier'.</msg>
<status status="PASS" starttime="20231203 01:03:03.007" endtime="20231203 01:03:03.260"/>
</kw>
<kw name="Click Element" library="SeleniumLibrary">
<arg>id=password</arg>
<doc>Click the element identified by ``locator``.</doc>
<msg timestamp="20231203 01:03:03.262" level="INFO">Clicking element 'id=password'.</msg>
<status status="PASS" starttime="20231203 01:03:03.261" endtime="20231203 01:03:03.356"/>
</kw>
<kw name="Input Text" library="SeleniumLibrary">
<arg>id:password</arg>
<arg>${password}</arg>
<doc>Types the given ``text`` into the text field identified by ``locator``.</doc>
<msg timestamp="20231203 01:03:03.357" level="INFO">Typing text 'Sagip.00' into text field 'id:password'.</msg>
<status status="PASS" starttime="20231203 01:03:03.357" endtime="20231203 01:03:03.478"/>
</kw>
<kw name="Click Element" library="SeleniumLibrary">
<arg>xpath=//*[@id="root"]/div[1]/div[1]/button</arg>
<doc>Click the element identified by ``locator``.</doc>
<msg timestamp="20231203 01:03:03.478" level="INFO">Clicking element 'xpath=//*[@id="root"]/div[1]/div[1]/button'.</msg>
<status status="PASS" starttime="20231203 01:03:03.478" endtime="20231203 01:03:03.558"/>
</kw>
<kw name="Wait Until Element Is Visible" library="SeleniumLibrary">
<arg>xpath=//*[@id="root"]/div[1]/div[2]/div/header/h1</arg>
<arg>60 seconds</arg>
<doc>Waits until the element ``locator`` is visible.</doc>
<status status="PASS" starttime="20231203 01:03:03.558" endtime="20231203 01:03:05.073"/>
</kw>
<kw name="Element Should Be Visible" library="SeleniumLibrary">
<arg>xpath=//*[@id="root"]/div[1]/div[2]/div/header/h1</arg>
<doc>Verifies that the element identified by ``locator`` is visible.</doc>
<msg timestamp="20231203 01:03:05.108" level="INFO">Element 'xpath=//*[@id="root"]/div[1]/div[2]/div/header/h1' is displayed.</msg>
<status status="PASS" starttime="20231203 01:03:05.073" endtime="20231203 01:03:05.108"/>
</kw>
<status status="PASS" starttime="20231203 01:02:59.122" endtime="20231203 01:03:05.108"/>
</kw>
<status status="PASS" starttime="20231203 01:02:51.247" endtime="20231203 01:03:05.109"/>
</kw>
<test id="s1-t1" name="1_TS044_TC001" line="30">
<kw name="Click Wellness Check">
<kw name="Go To" library="SeleniumLibrary">
<arg>https://sagip-automation.vercel.app/admin/wellness-check</arg>
<doc>Navigates the current browser window to the provided ``url``.</doc>
<msg timestamp="20231203 01:03:05.110" level="INFO">Opening url 'https://sagip-automation.vercel.app/admin/wellness-check'</msg>
<status status="PASS" starttime="20231203 01:03:05.110" endtime="20231203 01:03:06.108"/>
</kw>
<kw name="Wait Until Page Contains Element" library="SeleniumLibrary">
<arg>xpath=//*[@id="root"]/div[1]/div[2]/div</arg>
<doc>Waits until the element ``locator`` appears on the current page.</doc>
<status status="PASS" starttime="20231203 01:03:06.108" endtime="20231203 01:03:06.145"/>
</kw>
<kw name="Get WebElement" library="SeleniumLibrary">
<var>${element}</var>
<arg>xpath=//*[@id="root"]/div[1]/div[2]/div</arg>
<doc>Returns the first WebElement matching the given ``locator``.</doc>
<msg timestamp="20231203 01:03:06.162" level="INFO">${element} = &lt;selenium.webdriver.remote.webelement.WebElement (session="9d6c0c0ea08cd2a1968fdbc7183a5f0e", element="526DE83362997A9DB4F815F74519CA19_element_50")&gt;</msg>
<status status="PASS" starttime="20231203 01:03:06.145" endtime="20231203 01:03:06.162"/>
</kw>
<kw name="Run Keyword Unless" library="BuiltIn">
<arg>'${element}'=='None'</arg>
<arg>Wellness Check Present</arg>
<doc>*DEPRECATED since RF 5.0. Use Native IF/ELSE or `Run Keyword If` instead.*</doc>
<msg timestamp="20231203 01:03:06.163" level="WARN">Keyword 'BuiltIn.Run Keyword Unless' is deprecated. </msg>
<kw name="Wellness Check Present">
<kw name="Click Element" library="SeleniumLibrary">
<arg>xpath=//*[@id="root"]/div[1]/div[2]/div</arg>
<doc>Click the element identified by ``locator``.</doc>
<msg timestamp="20231203 01:03:06.166" level="INFO">Clicking element 'xpath=//*[@id="root"]/div[1]/div[2]/div'.</msg>
<status status="PASS" starttime="20231203 01:03:06.165" endtime="20231203 01:03:06.276"/>
</kw>
<kw name="Wait Until Element Is Visible" library="SeleniumLibrary">
<arg>//*[@id="root"]/div[1]/div[2]/div</arg>
<doc>Waits until the element ``locator`` is visible.</doc>
<status status="PASS" starttime="20231203 01:03:06.276" endtime="20231203 01:03:06.323"/>
</kw>
<kw name="Element Should Be Visible" library="SeleniumLibrary">
<arg>//*[@id="root"]/div[1]/div[2]/div</arg>
<doc>Verifies that the element identified by ``locator`` is visible.</doc>
<msg timestamp="20231203 01:03:06.351" level="INFO">Element '//*[@id="root"]/div[1]/div[2]/div' is displayed.</msg>
<status status="PASS" starttime="20231203 01:03:06.323" endtime="20231203 01:03:06.351"/>
</kw>
<status status="PASS" starttime="20231203 01:03:06.164" endtime="20231203 01:03:06.352"/>
</kw>
<status status="PASS" starttime="20231203 01:03:06.163" endtime="20231203 01:03:06.352"/>
</kw>
<status status="PASS" starttime="20231203 01:03:05.110" endtime="20231203 01:03:06.352"/>
</kw>
<kw name="Wait Until Page Contains Element" library="SeleniumLibrary">
<arg>css=.border-b:nth-child(1) .ant-dropdown-trigger</arg>
<doc>Waits until the element ``locator`` appears on the current page.</doc>
<status status="PASS" starttime="20231203 01:03:06.352" endtime="20231203 01:03:07.526"/>
</kw>
<kw name="Click Element" library="SeleniumLibrary">
<arg>css=.border-b:nth-child(1) .ant-dropdown-trigger</arg>
<doc>Click the element identified by ``locator``.</doc>
<msg timestamp="20231203 01:03:07.528" level="INFO">Clicking element 'css=.border-b:nth-child(1) .ant-dropdown-trigger'.</msg>
<status status="PASS" starttime="20231203 01:03:07.527" endtime="20231203 01:03:07.675"/>
</kw>
<kw name="Wait Until Page Contains Element" library="SeleniumLibrary">
<arg>xpath=/html/body/div[3]/div/ul/li[5]/span/div</arg>
<doc>Waits until the element ``locator`` appears on the current page.</doc>
<status status="PASS" starttime="20231203 01:03:07.676" endtime="20231203 01:03:07.694"/>
</kw>
<kw name="Click Element" library="SeleniumLibrary">
<arg>xpath=/html/body/div[3]/div/ul/li[3]</arg>
<doc>Click the element identified by ``locator``.</doc>
<msg timestamp="20231203 01:03:07.695" level="INFO">Clicking element 'xpath=/html/body/div[3]/div/ul/li[3]'.</msg>
<status status="PASS" starttime="20231203 01:03:07.695" endtime="20231203 01:03:07.814"/>
</kw>
<kw name="Wait Until Element Is Visible" library="SeleniumLibrary">
<arg>xpath=//h2[contains(text(), 'Responses')]</arg>
<doc>Waits until the element ``locator`` is visible.</doc>
<status status="PASS" starttime="20231203 01:03:07.815" endtime="20231203 01:03:08.283"/>
</kw>
<kw name="Element Should Be Visible" library="SeleniumLibrary">
<arg>xpath=//h2[contains(text(), 'Responses')]</arg>
<doc>Verifies that the element identified by ``locator`` is visible.</doc>
<msg timestamp="20231203 01:03:08.318" level="INFO">Element 'xpath=//h2[contains(text(), 'Responses')]' is displayed.</msg>
<status status="PASS" starttime="20231203 01:03:08.284" endtime="20231203 01:03:08.318"/>
</kw>
<kw name="Click Element" library="SeleniumLibrary">
<arg>xpath=//*[@id="root"]/div[1]/div[2]/div/div[1]/div[2]/div[2]/button[3]</arg>
<doc>Click the element identified by ``locator``.</doc>
<msg timestamp="20231203 01:03:08.320" level="INFO">Clicking element 'xpath=//*[@id="root"]/div[1]/div[2]/div/div[1]/div[2]/div[2]/button[3]'.</msg>
<status status="PASS" starttime="20231203 01:03:08.319" endtime="20231203 01:03:08.534"/>
</kw>
<kw name="Wait Until Element Is Visible" library="SeleniumLibrary">
<arg>xpath=//h2[contains(text(), 'Publish Wellness Check')]</arg>
<doc>Waits until the element ``locator`` is visible.</doc>
<status status="PASS" starttime="20231203 01:03:08.534" endtime="20231203 01:03:08.581"/>
</kw>
<kw name="Element Should Be Visible" library="SeleniumLibrary">
<arg>xpath=//h2[contains(text(), 'Publish Wellness Check')]</arg>
<doc>Verifies that the element identified by ``locator`` is visible.</doc>
<msg timestamp="20231203 01:03:08.620" level="INFO">Element 'xpath=//h2[contains(text(), 'Publish Wellness Check')]' is displayed.</msg>
<status status="PASS" starttime="20231203 01:03:08.582" endtime="20231203 01:03:08.620"/>
</kw>
<status status="PASS" starttime="20231203 01:03:05.109" endtime="20231203 01:03:08.623"/>
</test>
<test id="s1-t2" name="1_TS044_TC002" line="43">
<kw name="Click Wellness Check">
<kw name="Go To" library="SeleniumLibrary">
<arg>https://sagip-automation.vercel.app/admin/wellness-check</arg>
<doc>Navigates the current browser window to the provided ``url``.</doc>
<msg timestamp="20231203 01:03:08.627" level="INFO">Opening url 'https://sagip-automation.vercel.app/admin/wellness-check'</msg>
<status status="PASS" starttime="20231203 01:03:08.626" endtime="20231203 01:03:09.207"/>
</kw>
<kw name="Wait Until Page Contains Element" library="SeleniumLibrary">
<arg>xpath=//*[@id="root"]/div[1]/div[2]/div</arg>
<doc>Waits until the element ``locator`` appears on the current page.</doc>
<status status="PASS" starttime="20231203 01:03:09.207" endtime="20231203 01:03:09.246"/>
</kw>
<kw name="Get WebElement" library="SeleniumLibrary">
<var>${element}</var>
<arg>xpath=//*[@id="root"]/div[1]/div[2]/div</arg>
<doc>Returns the first WebElement matching the given ``locator``.</doc>
<msg timestamp="20231203 01:03:09.262" level="INFO">${element} = &lt;selenium.webdriver.remote.webelement.WebElement (session="9d6c0c0ea08cd2a1968fdbc7183a5f0e", element="7519AE0E0FC1E54976A982C0A8640588_element_76")&gt;</msg>
<status status="PASS" starttime="20231203 01:03:09.246" endtime="20231203 01:03:09.262"/>
</kw>
<kw name="Run Keyword Unless" library="BuiltIn">
<arg>'${element}'=='None'</arg>
<arg>Wellness Check Present</arg>
<doc>*DEPRECATED since RF 5.0. Use Native IF/ELSE or `Run Keyword If` instead.*</doc>
<msg timestamp="20231203 01:03:09.262" level="WARN">Keyword 'BuiltIn.Run Keyword Unless' is deprecated. </msg>
<kw name="Wellness Check Present">
<kw name="Click Element" library="SeleniumLibrary">
<arg>xpath=//*[@id="root"]/div[1]/div[2]/div</arg>
<doc>Click the element identified by ``locator``.</doc>
<msg timestamp="20231203 01:03:09.265" level="INFO">Clicking element 'xpath=//*[@id="root"]/div[1]/div[2]/div'.</msg>
<status status="PASS" starttime="20231203 01:03:09.264" endtime="20231203 01:03:09.361"/>
</kw>
<kw name="Wait Until Element Is Visible" library="SeleniumLibrary">
<arg>//*[@id="root"]/div[1]/div[2]/div</arg>
<doc>Waits until the element ``locator`` is visible.</doc>
<status status="PASS" starttime="20231203 01:03:09.362" endtime="20231203 01:03:09.398"/>
</kw>
<kw name="Element Should Be Visible" library="SeleniumLibrary">
<arg>//*[@id="root"]/div[1]/div[2]/div</arg>
<doc>Verifies that the element identified by ``locator`` is visible.</doc>
<msg timestamp="20231203 01:03:09.430" level="INFO">Element '//*[@id="root"]/div[1]/div[2]/div' is displayed.</msg>
<status status="PASS" starttime="20231203 01:03:09.398" endtime="20231203 01:03:09.430"/>
</kw>
<status status="PASS" starttime="20231203 01:03:09.264" endtime="20231203 01:03:09.430"/>
</kw>
<status status="PASS" starttime="20231203 01:03:09.262" endtime="20231203 01:03:09.431"/>
</kw>
<status status="PASS" starttime="20231203 01:03:08.626" endtime="20231203 01:03:09.431"/>
</kw>
<kw name="Wait Until Page Contains Element" library="SeleniumLibrary">
<arg>css=.border-b:nth-child(1) .ant-dropdown-trigger</arg>
<doc>Waits until the element ``locator`` appears on the current page.</doc>
<status status="PASS" starttime="20231203 01:03:09.431" endtime="20231203 01:03:09.877"/>
</kw>
<kw name="Click Element" library="SeleniumLibrary">
<arg>css=.border-b:nth-child(1) .ant-dropdown-trigger</arg>
<doc>Click the element identified by ``locator``.</doc>
<msg timestamp="20231203 01:03:09.878" level="INFO">Clicking element 'css=.border-b:nth-child(1) .ant-dropdown-trigger'.</msg>
<status status="PASS" starttime="20231203 01:03:09.877" endtime="20231203 01:03:10.001"/>
</kw>
<kw name="Wait Until Page Contains Element" library="SeleniumLibrary">
<arg>xpath=/html/body/div[3]/div/ul/li[5]/span/div</arg>
<doc>Waits until the element ``locator`` appears on the current page.</doc>
<status status="PASS" starttime="20231203 01:03:10.002" endtime="20231203 01:03:10.017"/>
</kw>
<kw name="Click Element" library="SeleniumLibrary">
<arg>xpath=/html/body/div[3]/div/ul/li[3]</arg>
<doc>Click the element identified by ``locator``.</doc>
<msg timestamp="20231203 01:03:10.018" level="INFO">Clicking element 'xpath=/html/body/div[3]/div/ul/li[3]'.</msg>
<status status="PASS" starttime="20231203 01:03:10.017" endtime="20231203 01:03:10.131"/>
</kw>
<kw name="Wait Until Element Is Visible" library="SeleniumLibrary">
<arg>xpath=//h2[contains(text(), 'Responses')]</arg>
<doc>Waits until the element ``locator`` is visible.</doc>
<status status="PASS" starttime="20231203 01:03:10.131" endtime="20231203 01:03:10.714"/>
</kw>
<kw name="Element Should Be Visible" library="SeleniumLibrary">
<arg>xpath=//h2[contains(text(), 'Responses')]</arg>
<doc>Verifies that the element identified by ``locator`` is visible.</doc>
<msg timestamp="20231203 01:03:10.844" level="INFO">Element 'xpath=//h2[contains(text(), 'Responses')]' is displayed.</msg>
<status status="PASS" starttime="20231203 01:03:10.715" endtime="20231203 01:03:10.846"/>
</kw>
<kw name="Click Element" library="SeleniumLibrary">
<arg>xpath=//*[@id="root"]/div[1]/div[2]/div/div[1]/div[2]/div[2]/button[3]</arg>
<doc>Click the element identified by ``locator``.</doc>
<msg timestamp="20231203 01:03:10.851" level="INFO">Clicking element 'xpath=//*[@id="root"]/div[1]/div[2]/div/div[1]/div[2]/div[2]/button[3]'.</msg>
<status status="PASS" starttime="20231203 01:03:10.848" endtime="20231203 01:03:11.473"/>
</kw>
<kw name="Wait Until Element Is Visible" library="SeleniumLibrary">
<arg>xpath=//h2[contains(text(), 'Publish Wellness Check')]</arg>
<doc>Waits until the element ``locator`` is visible.</doc>
<status status="PASS" starttime="20231203 01:03:11.484" endtime="20231203 01:03:11.580"/>
</kw>
<kw name="Element Should Be Visible" library="SeleniumLibrary">
<arg>xpath=//h2[contains(text(), 'Publish Wellness Check')]</arg>
<doc>Verifies that the element identified by ``locator`` is visible.</doc>
<msg timestamp="20231203 01:03:11.635" level="INFO">Element 'xpath=//h2[contains(text(), 'Publish Wellness Check')]' is displayed.</msg>
<status status="PASS" starttime="20231203 01:03:11.582" endtime="20231203 01:03:11.635"/>
</kw>
<kw name="Input Text" library="SeleniumLibrary">
<arg>xpath=//*[@id="title"]</arg>
<arg>${EMPTY}</arg>
<doc>Types the given ``text`` into the text field identified by ``locator``.</doc>
<msg timestamp="20231203 01:03:11.638" level="INFO">Typing text '' into text field 'xpath=//*[@id="title"]'.</msg>
<status status="PASS" starttime="20231203 01:03:11.636" endtime="20231203 01:03:11.794"/>
</kw>
<kw name="Click Element" library="SeleniumLibrary">
<arg>xpath=//button[@class='btn-primary float-right']</arg>
<doc>Click the element identified by ``locator``.</doc>
<msg timestamp="20231203 01:03:11.796" level="INFO">Clicking element 'xpath=//button[@class='btn-primary float-right']'.</msg>
<status status="PASS" starttime="20231203 01:03:11.795" endtime="20231203 01:03:11.877"/>
</kw>
<kw name="Wait Until Element Is Visible" library="SeleniumLibrary">
<arg>css=span.text-red-500</arg>
<doc>Waits until the element ``locator`` is visible.</doc>
<status status="PASS" starttime="20231203 01:03:11.878" endtime="20231203 01:03:11.918"/>
</kw>
<kw name="Get Text" library="SeleniumLibrary">
<var>${error_text}</var>
<arg>css=span.text-red-500</arg>
<doc>Returns the text value of the element identified by ``locator``.</doc>
<msg timestamp="20231203 01:03:11.955" level="INFO">${error_text} = Title is required</msg>
<status status="PASS" starttime="20231203 01:03:11.918" endtime="20231203 01:03:11.955"/>
</kw>
<kw name="Should Be Equal As Strings" library="BuiltIn">
<arg>${error_text}</arg>
<arg>Title is required</arg>
<doc>Fails if objects are unequal after converting them to strings.</doc>
<status status="PASS" starttime="20231203 01:03:11.956" endtime="20231203 01:03:11.956"/>
</kw>
<status status="PASS" starttime="20231203 01:03:08.625" endtime="20231203 01:03:11.957"/>
</test>
<test id="s1-t3" name="1_TS044_TC003" line="61">
<kw name="Click Wellness Check">
<kw name="Go To" library="SeleniumLibrary">
<arg>https://sagip-automation.vercel.app/admin/wellness-check</arg>
<doc>Navigates the current browser window to the provided ``url``.</doc>
<msg timestamp="20231203 01:03:11.960" level="INFO">Opening url 'https://sagip-automation.vercel.app/admin/wellness-check'</msg>
<status status="PASS" starttime="20231203 01:03:11.960" endtime="20231203 01:03:12.650"/>
</kw>
<kw name="Wait Until Page Contains Element" library="SeleniumLibrary">
<arg>xpath=//*[@id="root"]/div[1]/div[2]/div</arg>
<doc>Waits until the element ``locator`` appears on the current page.</doc>
<status status="PASS" starttime="20231203 01:03:12.651" endtime="20231203 01:03:12.707"/>
</kw>
<kw name="Get WebElement" library="SeleniumLibrary">
<var>${element}</var>
<arg>xpath=//*[@id="root"]/div[1]/div[2]/div</arg>
<doc>Returns the first WebElement matching the given ``locator``.</doc>
<msg timestamp="20231203 01:03:12.725" level="INFO">${element} = &lt;selenium.webdriver.remote.webelement.WebElement (session="9d6c0c0ea08cd2a1968fdbc7183a5f0e", element="DD232BE8EBF377882869E8F6DAE0F4B4_element_109")&gt;</msg>
<status status="PASS" starttime="20231203 01:03:12.707" endtime="20231203 01:03:12.725"/>
</kw>
<kw name="Run Keyword Unless" library="BuiltIn">
<arg>'${element}'=='None'</arg>
<arg>Wellness Check Present</arg>
<doc>*DEPRECATED since RF 5.0. Use Native IF/ELSE or `Run Keyword If` instead.*</doc>
<msg timestamp="20231203 01:03:12.725" level="WARN">Keyword 'BuiltIn.Run Keyword Unless' is deprecated. </msg>
<kw name="Wellness Check Present">
<kw name="Click Element" library="SeleniumLibrary">
<arg>xpath=//*[@id="root"]/div[1]/div[2]/div</arg>
<doc>Click the element identified by ``locator``.</doc>
<msg timestamp="20231203 01:03:12.729" level="INFO">Clicking element 'xpath=//*[@id="root"]/div[1]/div[2]/div'.</msg>
<status status="PASS" starttime="20231203 01:03:12.728" endtime="20231203 01:03:12.831"/>
</kw>
<kw name="Wait Until Element Is Visible" library="SeleniumLibrary">
<arg>//*[@id="root"]/div[1]/div[2]/div</arg>
<doc>Waits until the element ``locator`` is visible.</doc>
<status status="PASS" starttime="20231203 01:03:12.831" endtime="20231203 01:03:12.863"/>
</kw>
<kw name="Element Should Be Visible" library="SeleniumLibrary">
<arg>//*[@id="root"]/div[1]/div[2]/div</arg>
<doc>Verifies that the element identified by ``locator`` is visible.</doc>
<msg timestamp="20231203 01:03:12.897" level="INFO">Element '//*[@id="root"]/div[1]/div[2]/div' is displayed.</msg>
<status status="PASS" starttime="20231203 01:03:12.863" endtime="20231203 01:03:12.897"/>
</kw>
<status status="PASS" starttime="20231203 01:03:12.728" endtime="20231203 01:03:12.897"/>
</kw>
<status status="PASS" starttime="20231203 01:03:12.725" endtime="20231203 01:03:12.898"/>
</kw>
<status status="PASS" starttime="20231203 01:03:11.959" endtime="20231203 01:03:12.898"/>
</kw>
<kw name="Wait Until Page Contains Element" library="SeleniumLibrary">
<arg>css=.border-b:nth-child(1) .ant-dropdown-trigger</arg>
<doc>Waits until the element ``locator`` appears on the current page.</doc>
<status status="PASS" starttime="20231203 01:03:12.898" endtime="20231203 01:03:13.345"/>
</kw>
<kw name="Click Element" library="SeleniumLibrary">
<arg>css=.border-b:nth-child(1) .ant-dropdown-trigger</arg>
<doc>Click the element identified by ``locator``.</doc>
<msg timestamp="20231203 01:03:13.347" level="INFO">Clicking element 'css=.border-b:nth-child(1) .ant-dropdown-trigger'.</msg>
<status status="PASS" starttime="20231203 01:03:13.346" endtime="20231203 01:03:13.467"/>
</kw>
<kw name="Wait Until Page Contains Element" library="SeleniumLibrary">
<arg>xpath=/html/body/div[3]/div/ul/li[5]/span/div</arg>
<doc>Waits until the element ``locator`` appears on the current page.</doc>
<status status="PASS" starttime="20231203 01:03:13.467" endtime="20231203 01:03:13.481"/>
</kw>
<kw name="Click Element" library="SeleniumLibrary">
<arg>xpath=/html/body/div[3]/div/ul/li[3]</arg>
<doc>Click the element identified by ``locator``.</doc>
<msg timestamp="20231203 01:03:13.482" level="INFO">Clicking element 'xpath=/html/body/div[3]/div/ul/li[3]'.</msg>
<status status="PASS" starttime="20231203 01:03:13.481" endtime="20231203 01:03:13.567"/>
</kw>
<kw name="Wait Until Element Is Visible" library="SeleniumLibrary">
<arg>xpath=//h2[contains(text(), 'Responses')]</arg>
<doc>Waits until the element ``locator`` is visible.</doc>
<status status="PASS" starttime="20231203 01:03:13.568" endtime="20231203 01:03:14.027"/>
</kw>
<kw name="Element Should Be Visible" library="SeleniumLibrary">
<arg>xpath=//h2[contains(text(), 'Responses')]</arg>
<doc>Verifies that the element identified by ``locator`` is visible.</doc>
<msg timestamp="20231203 01:03:14.063" level="INFO">Element 'xpath=//h2[contains(text(), 'Responses')]' is displayed.</msg>
<status status="PASS" starttime="20231203 01:03:14.028" endtime="20231203 01:03:14.063"/>
</kw>
<kw name="Click Element" library="SeleniumLibrary">
<arg>xpath=//*[@id="root"]/div[1]/div[2]/div/div[1]/div[2]/div[2]/button[3]</arg>
<doc>Click the element identified by ``locator``.</doc>
<msg timestamp="20231203 01:03:14.064" level="INFO">Clicking element 'xpath=//*[@id="root"]/div[1]/div[2]/div/div[1]/div[2]/div[2]/button[3]'.</msg>
<status status="PASS" starttime="20231203 01:03:14.063" endtime="20231203 01:03:14.168"/>
</kw>
<kw name="Wait Until Element Is Visible" library="SeleniumLibrary">
<arg>xpath=//h2[contains(text(), 'Publish Wellness Check')]</arg>
<doc>Waits until the element ``locator`` is visible.</doc>
<status status="PASS" starttime="20231203 01:03:14.168" endtime="20231203 01:03:14.202"/>
</kw>
<kw name="Element Should Be Visible" library="SeleniumLibrary">
<arg>xpath=//h2[contains(text(), 'Publish Wellness Check')]</arg>
<doc>Verifies that the element identified by ``locator`` is visible.</doc>
<msg timestamp="20231203 01:03:14.236" level="INFO">Element 'xpath=//h2[contains(text(), 'Publish Wellness Check')]' is displayed.</msg>
<status status="PASS" starttime="20231203 01:03:14.203" endtime="20231203 01:03:14.236"/>
</kw>
<kw name="Input Text" library="SeleniumLibrary">
<arg>xpath=//*[@id="title"]</arg>
<arg>Magnitude 5</arg>
<doc>Types the given ``text`` into the text field identified by ``locator``.</doc>
<msg timestamp="20231203 01:03:14.238" level="INFO">Typing text 'Magnitude 5' into text field 'xpath=//*[@id="title"]'.</msg>
<status status="PASS" starttime="20231203 01:03:14.237" endtime="20231203 01:03:14.496"/>
</kw>
<kw name="Input Text" library="SeleniumLibrary">
<arg>xpath=//*[@id="endDate"]</arg>
<arg>10/12/2023</arg>
<doc>Types the given ``text`` into the text field identified by ``locator``.</doc>
<msg timestamp="20231203 01:03:14.497" level="INFO">Typing text '10/12/2023' into text field 'xpath=//*[@id="endDate"]'.</msg>
<status status="PASS" starttime="20231203 01:03:14.496" endtime="20231203 01:03:14.936"/>
</kw>
<kw name="Select From List By Value" library="SeleniumLibrary">
<arg>${DROPDOWN}</arg>
<arg>${OPTION}</arg>
<arg>Earthquake</arg>
<doc>Selects options from selection list ``locator`` by ``values``.</doc>
<msg timestamp="20231203 01:03:14.941" level="INFO">Selecting options from selection list 'name=category' by values Earthquake, Earthquake.</msg>
<status status="PASS" starttime="20231203 01:03:14.938" endtime="20231203 01:03:15.624"/>
</kw>
<kw name="Click Element" library="SeleniumLibrary">
<arg>xpath=//button[@class='btn-primary float-right']</arg>
<doc>Click the element identified by ``locator``.</doc>
<msg timestamp="20231203 01:03:15.626" level="INFO">Clicking element 'xpath=//button[@class='btn-primary float-right']'.</msg>
<status status="PASS" starttime="20231203 01:03:15.624" endtime="20231203 01:03:15.720"/>
</kw>
<kw name="Wait Until Element Is Visible" library="SeleniumLibrary">
<arg>css=.Toastify__toast--success</arg>
<doc>Waits until the element ``locator`` is visible.</doc>
<status status="PASS" starttime="20231203 01:03:15.720" endtime="20231203 01:03:16.649"/>
</kw>
<kw name="Element Should Be Visible" library="SeleniumLibrary">
<arg>css=.Toastify__toast--success</arg>
<doc>Verifies that the element identified by ``locator`` is visible.</doc>
<msg timestamp="20231203 01:03:16.679" level="INFO">Element 'css=.Toastify__toast--success' is displayed.</msg>
<status status="PASS" starttime="20231203 01:03:16.649" endtime="20231203 01:03:16.679"/>
</kw>
<status status="PASS" starttime="20231203 01:03:11.958" endtime="20231203 01:03:16.680"/>
</test>
<status status="PASS" starttime="20231203 01:02:50.790" endtime="20231203 01:03:16.682"/>
</suite>
<statistics>
<total>
<stat pass="3" fail="0" skip="0">All Tests</stat>
</total>
<tag>
</tag>
<suite>
<stat pass="3" fail="0" skip="0" id="s1" name="001 TS044">001 TS044</stat>
</suite>
</statistics>
<errors>
<msg timestamp="20231203 01:03:06.163" level="WARN">Keyword 'BuiltIn.Run Keyword Unless' is deprecated. </msg>
<msg timestamp="20231203 01:03:09.262" level="WARN">Keyword 'BuiltIn.Run Keyword Unless' is deprecated. </msg>
<msg timestamp="20231203 01:03:12.725" level="WARN">Keyword 'BuiltIn.Run Keyword Unless' is deprecated. </msg>
</errors>
</robot>
