<?xml version="1.0" encoding="UTF-8"?>
<robot generator="Robot 6.1.1 (Python 3.11.4 on win32)" generated="20231203 00:24:13.416" rpa="false" schemaversion="4">
<suite id="s1" name="001 TS043" source="C:\Users\Darwin\Desktop\SAGIP Automation Testing\Robot Framework\test_suite\Wellness Check Survey Module\001_TS043.robot">
<kw name="Employee Login" library="login" type="SETUP">
<kw name="Open Browser and Maximize" library="login">
<kw name="Open Browser" library="SeleniumLibrary">
<arg>${URL}</arg>
<arg>${BROWSER}</arg>
<doc>Opens a new browser instance to the optional ``url``.</doc>
<msg timestamp="20231203 00:24:13.868" level="INFO">Opening browser 'chrome' to base url 'https://sagip-automation.vercel.app/'.</msg>
<msg timestamp="20231203 00:24:18.776" level="WARN">Keyword 'Capture Page Screenshot' could not be run on failure: Message: no such window: target window already closed
from unknown error: web view not found
  (Session info: chrome=119.0.6045.200)
Stacktrace:
	GetHandleVerifier [0x00007FF6425182B2+55298]
	(No symbol) [0x00007FF642485E02]
	(No symbol) [0x00007FF6423405AB]
	(No symbol) [0x00007FF642320038]
	(No symbol) [0x00007FF6423A6BC7]
	(No symbol) [0x00007FF6423BA15F]
	(No symbol) [0x00007FF6423A1E83]
	(No symbol) [0x00007FF64237670A]
	(No symbol) [0x00007FF642377964]
	GetHandleVerifier [0x00007FF642890AAB+3694587]
	GetHandleVerifier [0x00007FF6428E728E+4048862]
	GetHandleVerifier [0x00007FF6428DF173+4015811]
	GetHandleVerifier [0x00007FF6425B47D6+695590]
	(No symbol) [0x00007FF642490CE8]
	(No symbol) [0x00007FF64248CF34]
	(No symbol) [0x00007FF64248D062]
	(No symbol) [0x00007FF64247D3A3]
	BaseThreadInitThunk [0x00007FFE8154257D+29]
	RtlUserThreadStart [0x00007FFE8294AA58+40]
</msg>
<msg timestamp="20231203 00:24:18.840" level="FAIL">WebDriverException: Message: disconnected: received Inspector.detached event
  (failed to check if window was closed: disconnected: Unable to receive message from renderer)
  (Session info: chrome=119.0.6045.200)
Stacktrace:
	GetHandleVerifier [0x00007FF6425182B2+55298]
	(No symbol) [0x00007FF642485E02]
	(No symbol) [0x00007FF6423405AB]
	(No symbol) [0x00007FF64232FF52]
	(No symbol) [0x00007FF64232F905]
	(No symbol) [0x00007FF64232E803]
	(No symbol) [0x00007FF64232E7A8]
	(No symbol) [0x00007FF64232DF71]
	(No symbol) [0x00007FF64234B1E3]
	(No symbol) [0x00007FF6423BAB0B]
	(No symbol) [0x00007FF6423A1E83]
	(No symbol) [0x00007FF64237670A]
	(No symbol) [0x00007FF642377964]
	GetHandleVerifier [0x00007FF642890AAB+3694587]
	GetHandleVerifier [0x00007FF6428E728E+4048862]
	GetHandleVerifier [0x00007FF6428DF173+4015811]
	GetHandleVerifier [0x00007FF6425B47D6+695590]
	(No symbol) [0x00007FF642490CE8]
	(No symbol) [0x00007FF64248CF34]
	(No symbol) [0x00007FF64248D062]
	(No symbol) [0x00007FF64247D3A3]
	BaseThreadInitThunk [0x00007FFE8154257D+29]
	RtlUserThreadStart [0x00007FFE8294AA58+40]
</msg>
<status status="FAIL" starttime="20231203 00:24:13.866" endtime="20231203 00:24:18.875"/>
</kw>
<kw name="Maximize Browser Window" library="SeleniumLibrary">
<doc>Maximizes current browser window.</doc>
<status status="NOT RUN" starttime="20231203 00:24:18.876" endtime="20231203 00:24:18.876"/>
</kw>
<status status="FAIL" starttime="20231203 00:24:13.865" endtime="20231203 00:24:18.876"/>
</kw>
<kw name="Login" library="login">
<arg>employee@sagip.live</arg>
<arg>Sagip.00</arg>
<status status="NOT RUN" starttime="20231203 00:24:18.877" endtime="20231203 00:24:18.877"/>
</kw>
<status status="FAIL" starttime="20231203 00:24:13.863" endtime="20231203 00:24:18.877"/>
</kw>
<test id="s1-t1" name="1_TS043_TC001" line="26">
<status status="FAIL" starttime="20231203 00:24:18.877" endtime="20231203 00:24:18.878">Parent suite setup failed:
WebDriverException: Message: disconnected: received Inspector.detached event
  (failed to check if window was closed: disconnected: Unable to receive message from renderer)
  (Session info: chrome=119.0.6045.200)
Stacktrace:
	GetHandleVerifier [0x00007FF6425182B2+55298]
	(No symbol) [0x00007FF642485E02]
	(No symbol) [0x00007FF6423405AB]
	(No symbol) [0x00007FF64232FF52]
	(No symbol) [0x00007FF64232F905]
	(No symbol) [0x00007FF64232E803]
	(No symbol) [0x00007FF64232E7A8]
	(No symbol) [0x00007FF64232DF71]
	(No symbol) [0x00007FF64234B1E3]
	(No symbol) [0x00007FF6423BAB0B]
	(No symbol) [0x00007FF6423A1E83]
	(No symbol) [0x00007FF64237670A]
	(No symbol) [0x00007FF642377964]
	GetHandleVerifier [0x00007FF642890AAB+3694587]
	GetHandleVerifier [0x00007FF6428E728E+4048862]
	GetHandleVerifier [0x00007FF6428DF173+4015811]
	GetHandleVerifier [0x00007FF6425B47D6+695590]
	(No symbol) [0x00007FF642490CE8]
	(No symbol) [0x00007FF64248CF34]
	(No symbol) [0x00007FF64248D062]
	(No symbol) [0x00007FF64247D3A3]
	BaseThreadInitThunk [0x00007FFE8154257D+29]
	RtlUserThreadStart [0x00007FFE8294AA58+40]
</status>
</test>
<test id="s1-t2" name="1_TS043_TC002" line="35">
<status status="FAIL" starttime="20231203 00:24:18.892" endtime="20231203 00:24:18.892">Parent suite setup failed:
WebDriverException: Message: disconnected: received Inspector.detached event
  (failed to check if window was closed: disconnected: Unable to receive message from renderer)
  (Session info: chrome=119.0.6045.200)
Stacktrace:
	GetHandleVerifier [0x00007FF6425182B2+55298]
	(No symbol) [0x00007FF642485E02]
	(No symbol) [0x00007FF6423405AB]
	(No symbol) [0x00007FF64232FF52]
	(No symbol) [0x00007FF64232F905]
	(No symbol) [0x00007FF64232E803]
	(No symbol) [0x00007FF64232E7A8]
	(No symbol) [0x00007FF64232DF71]
	(No symbol) [0x00007FF64234B1E3]
	(No symbol) [0x00007FF6423BAB0B]
	(No symbol) [0x00007FF6423A1E83]
	(No symbol) [0x00007FF64237670A]
	(No symbol) [0x00007FF642377964]
	GetHandleVerifier [0x00007FF642890AAB+3694587]
	GetHandleVerifier [0x00007FF6428E728E+4048862]
	GetHandleVerifier [0x00007FF6428DF173+4015811]
	GetHandleVerifier [0x00007FF6425B47D6+695590]
	(No symbol) [0x00007FF642490CE8]
	(No symbol) [0x00007FF64248CF34]
	(No symbol) [0x00007FF64248D062]
	(No symbol) [0x00007FF64247D3A3]
	BaseThreadInitThunk [0x00007FFE8154257D+29]
	RtlUserThreadStart [0x00007FFE8294AA58+40]
</status>
</test>
<test id="s1-t3" name="1_TS043_TC003" line="44">
<status status="FAIL" starttime="20231203 00:24:18.900" endtime="20231203 00:24:18.902">Parent suite setup failed:
WebDriverException: Message: disconnected: received Inspector.detached event
  (failed to check if window was closed: disconnected: Unable to receive message from renderer)
  (Session info: chrome=119.0.6045.200)
Stacktrace:
	GetHandleVerifier [0x00007FF6425182B2+55298]
	(No symbol) [0x00007FF642485E02]
	(No symbol) [0x00007FF6423405AB]
	(No symbol) [0x00007FF64232FF52]
	(No symbol) [0x00007FF64232F905]
	(No symbol) [0x00007FF64232E803]
	(No symbol) [0x00007FF64232E7A8]
	(No symbol) [0x00007FF64232DF71]
	(No symbol) [0x00007FF64234B1E3]
	(No symbol) [0x00007FF6423BAB0B]
	(No symbol) [0x00007FF6423A1E83]
	(No symbol) [0x00007FF64237670A]
	(No symbol) [0x00007FF642377964]
	GetHandleVerifier [0x00007FF642890AAB+3694587]
	GetHandleVerifier [0x00007FF6428E728E+4048862]
	GetHandleVerifier [0x00007FF6428DF173+4015811]
	GetHandleVerifier [0x00007FF6425B47D6+695590]
	(No symbol) [0x00007FF642490CE8]
	(No symbol) [0x00007FF64248CF34]
	(No symbol) [0x00007FF64248D062]
	(No symbol) [0x00007FF64247D3A3]
	BaseThreadInitThunk [0x00007FFE8154257D+29]
	RtlUserThreadStart [0x00007FFE8294AA58+40]
</status>
</test>
<status status="FAIL" starttime="20231203 00:24:13.418" endtime="20231203 00:24:18.915">Suite setup failed:
WebDriverException: Message: disconnected: received Inspector.detached event
  (failed to check if window was closed: disconnected: Unable to receive message from renderer)
  (Session info: chrome=119.0.6045.200)
Stacktrace:
	GetHandleVerifier [0x00007FF6425182B2+55298]
	(No symbol) [0x00007FF642485E02]
	(No symbol) [0x00007FF6423405AB]
	(No symbol) [0x00007FF64232FF52]
	(No symbol) [0x00007FF64232F905]
	(No symbol) [0x00007FF64232E803]
	(No symbol) [0x00007FF64232E7A8]
	(No symbol) [0x00007FF64232DF71]
	(No symbol) [0x00007FF64234B1E3]
	(No symbol) [0x00007FF6423BAB0B]
	(No symbol) [0x00007FF6423A1E83]
	(No symbol) [0x00007FF64237670A]
	(No symbol) [0x00007FF642377964]
	GetHandleVerifier [0x00007FF642890AAB+3694587]
	GetHandleVerifier [0x00007FF6428E728E+4048862]
	GetHandleVerifier [0x00007FF6428DF173+4015811]
	GetHandleVerifier [0x00007FF6425B47D6+695590]
	(No symbol) [0x00007FF642490CE8]
	(No symbol) [0x00007FF64248CF34]
	(No symbol) [0x00007FF64248D062]
	(No symbol) [0x00007FF64247D3A3]
	BaseThreadInitThunk [0x00007FFE8154257D+29]
	RtlUserThreadStart [0x00007FFE8294AA58+40]
</status>
</suite>
<statistics>
<total>
<stat pass="0" fail="3" skip="0">All Tests</stat>
</total>
<tag>
</tag>
<suite>
<stat pass="0" fail="3" skip="0" id="s1" name="001 TS043">001 TS043</stat>
</suite>
</statistics>
<errors>
<msg timestamp="20231203 00:24:18.776" level="WARN">Keyword 'Capture Page Screenshot' could not be run on failure: Message: no such window: target window already closed
from unknown error: web view not found
  (Session info: chrome=119.0.6045.200)
Stacktrace:
	GetHandleVerifier [0x00007FF6425182B2+55298]
	(No symbol) [0x00007FF642485E02]
	(No symbol) [0x00007FF6423405AB]
	(No symbol) [0x00007FF642320038]
	(No symbol) [0x00007FF6423A6BC7]
	(No symbol) [0x00007FF6423BA15F]
	(No symbol) [0x00007FF6423A1E83]
	(No symbol) [0x00007FF64237670A]
	(No symbol) [0x00007FF642377964]
	GetHandleVerifier [0x00007FF642890AAB+3694587]
	GetHandleVerifier [0x00007FF6428E728E+4048862]
	GetHandleVerifier [0x00007FF6428DF173+4015811]
	GetHandleVerifier [0x00007FF6425B47D6+695590]
	(No symbol) [0x00007FF642490CE8]
	(No symbol) [0x00007FF64248CF34]
	(No symbol) [0x00007FF64248D062]
	(No symbol) [0x00007FF64247D3A3]
	BaseThreadInitThunk [0x00007FFE8154257D+29]
	RtlUserThreadStart [0x00007FFE8294AA58+40]
</msg>
</errors>
</robot>
