<?xml version="1.0" encoding="UTF-8"?>
<robot generator="Robot 6.1.1 (Python 3.11.4 on win32)" generated="20231203 00:00:11.475" rpa="false" schemaversion="4">
<suite id="s1" name="001 TS044" source="C:\Users\Darwin\Desktop\SAGIP Automation Testing\Robot Framework\test_suite\Wellness Check Survey Module\001_TS044.robot">
<kw name="Employee Login" library="login" type="SETUP">
<kw name="Open Browser and Maximize" library="login">
<kw name="Open Browser" library="SeleniumLibrary">
<arg>${URL}</arg>
<arg>${BROWSER}</arg>
<doc>Opens a new browser instance to the optional ``url``.</doc>
<msg timestamp="20231203 00:00:11.821" level="INFO">Opening browser 'chrome' to base url 'https://sagip-automation.vercel.app/'.</msg>
<status status="PASS" starttime="20231203 00:00:11.820" endtime="20231203 00:00:16.436"/>
</kw>
<kw name="Maximize Browser Window" library="SeleniumLibrary">
<doc>Maximizes current browser window.</doc>
<status status="PASS" starttime="20231203 00:00:16.436" endtime="20231203 00:00:16.624"/>
</kw>
<status status="PASS" starttime="20231203 00:00:11.819" endtime="20231203 00:00:16.624"/>
</kw>
<kw name="Login" library="login">
<arg>employee@sagip.live</arg>
<arg>Sagip.00</arg>
<kw name="Go To" library="SeleniumLibrary">
<arg>${URL}</arg>
<doc>Navigates the current browser window to the provided ``url``.</doc>
<msg timestamp="20231203 00:00:16.626" level="INFO">Opening url 'https://sagip-automation.vercel.app/'</msg>
<status status="PASS" starttime="20231203 00:00:16.625" endtime="20231203 00:00:18.118"/>
</kw>
<kw name="Wait Until Element Is Visible" library="SeleniumLibrary">
<arg>xpath=//*[@id="root"]/div[1]/div[3]/button[1]</arg>
<arg>10 seconds</arg>
<doc>Waits until the element ``locator`` is visible.</doc>
<status status="PASS" starttime="20231203 00:00:18.118" endtime="20231203 00:00:18.274"/>
</kw>
<kw name="Click Element" library="SeleniumLibrary">
<arg>xpath=//*[@id="root"]/div[1]/div[3]/button[1]</arg>
<doc>Click the element identified by ``locator``.</doc>
<msg timestamp="20231203 00:00:18.275" level="INFO">Clicking element 'xpath=//*[@id="root"]/div[1]/div[3]/button[1]'.</msg>
<status status="PASS" starttime="20231203 00:00:18.274" endtime="20231203 00:00:18.385"/>
</kw>
<kw name="Click Element" library="SeleniumLibrary">
<arg>id=identifier</arg>
<doc>Click the element identified by ``locator``.</doc>
<msg timestamp="20231203 00:00:18.386" level="INFO">Clicking element 'id=identifier'.</msg>
<status status="PASS" starttime="20231203 00:00:18.385" endtime="20231203 00:00:18.485"/>
</kw>
<kw name="Input Text" library="SeleniumLibrary">
<arg>id:identifier</arg>
<arg>${username}</arg>
<doc>Types the given ``text`` into the text field identified by ``locator``.</doc>
<msg timestamp="20231203 00:00:18.486" level="INFO">Typing text 'employee@sagip.live' into text field 'id:identifier'.</msg>
<status status="PASS" starttime="20231203 00:00:18.485" endtime="20231203 00:00:18.622"/>
</kw>
<kw name="Click Element" library="SeleniumLibrary">
<arg>id=password</arg>
<doc>Click the element identified by ``locator``.</doc>
<msg timestamp="20231203 00:00:18.623" level="INFO">Clicking element 'id=password'.</msg>
<status status="PASS" starttime="20231203 00:00:18.622" endtime="20231203 00:00:19.075"/>
</kw>
<kw name="Input Text" library="SeleniumLibrary">
<arg>id:password</arg>
<arg>${password}</arg>
<doc>Types the given ``text`` into the text field identified by ``locator``.</doc>
<msg timestamp="20231203 00:00:19.075" level="INFO">Typing text 'Sagip.00' into text field 'id:password'.</msg>
<status status="PASS" starttime="20231203 00:00:19.075" endtime="20231203 00:00:19.158"/>
</kw>
<kw name="Click Element" library="SeleniumLibrary">
<arg>xpath=//*[@id="root"]/div[1]/div[1]/button</arg>
<doc>Click the element identified by ``locator``.</doc>
<msg timestamp="20231203 00:00:19.158" level="INFO">Clicking element 'xpath=//*[@id="root"]/div[1]/div[1]/button'.</msg>
<status status="PASS" starttime="20231203 00:00:19.158" endtime="20231203 00:00:19.236"/>
</kw>
<kw name="Wait Until Element Is Visible" library="SeleniumLibrary">
<arg>xpath=//*[@id="root"]/div[1]/div[2]/div/header/h1</arg>
<arg>60 seconds</arg>
<doc>Waits until the element ``locator`` is visible.</doc>
<status status="PASS" starttime="20231203 00:00:19.236" endtime="20231203 00:00:20.723"/>
</kw>
<kw name="Element Should Be Visible" library="SeleniumLibrary">
<arg>xpath=//*[@id="root"]/div[1]/div[2]/div/header/h1</arg>
<doc>Verifies that the element identified by ``locator`` is visible.</doc>
<msg timestamp="20231203 00:00:20.773" level="INFO">Element 'xpath=//*[@id="root"]/div[1]/div[2]/div/header/h1' is displayed.</msg>
<status status="PASS" starttime="20231203 00:00:20.723" endtime="20231203 00:00:20.773"/>
</kw>
<status status="PASS" starttime="20231203 00:00:16.624" endtime="20231203 00:00:20.773"/>
</kw>
<status status="PASS" starttime="20231203 00:00:11.819" endtime="20231203 00:00:20.773"/>
</kw>
<test id="s1-t1" name="1_TS044_TC001" line="30">
<kw name="Click Wellness Check">
<kw name="Go To" library="SeleniumLibrary">
<arg>https://sagip-automation.vercel.app/admin/wellness-check</arg>
<doc>Navigates the current browser window to the provided ``url``.</doc>
<msg timestamp="20231203 00:00:20.775" level="INFO">Opening url 'https://sagip-automation.vercel.app/admin/wellness-check'</msg>
<status status="PASS" starttime="20231203 00:00:20.775" endtime="20231203 00:00:21.395"/>
</kw>
<kw name="Wait Until Page Contains Element" library="SeleniumLibrary">
<arg>xpath=//*[@id="root"]/div[1]/div[2]/div</arg>
<doc>Waits until the element ``locator`` appears on the current page.</doc>
<status status="PASS" starttime="20231203 00:00:21.395" endtime="20231203 00:00:21.425"/>
</kw>
<kw name="Get WebElement" library="SeleniumLibrary">
<var>${element}</var>
<arg>xpath=//*[@id="root"]/div[1]/div[2]/div</arg>
<doc>Returns the first WebElement matching the given ``locator``.</doc>
<msg timestamp="20231203 00:00:21.444" level="INFO">${element} = &lt;selenium.webdriver.remote.webelement.WebElement (session="43252dd10c700afbcbd3e55ee89ba5c1", element="06510492FA704002BF4F9EC84458AE5A_element_48")&gt;</msg>
<status status="PASS" starttime="20231203 00:00:21.426" endtime="20231203 00:00:21.444"/>
</kw>
<kw name="Run Keyword Unless" library="BuiltIn">
<arg>'${element}'=='None'</arg>
<arg>Wellness Check Present</arg>
<doc>*DEPRECATED since RF 5.0. Use Native IF/ELSE or `Run Keyword If` instead.*</doc>
<msg timestamp="20231203 00:00:21.444" level="WARN">Keyword 'BuiltIn.Run Keyword Unless' is deprecated. </msg>
<kw name="Wellness Check Present">
<kw name="Click Element" library="SeleniumLibrary">
<arg>xpath=//*[@id="root"]/div[1]/div[2]/div</arg>
<doc>Click the element identified by ``locator``.</doc>
<msg timestamp="20231203 00:00:21.447" level="INFO">Clicking element 'xpath=//*[@id="root"]/div[1]/div[2]/div'.</msg>
<status status="PASS" starttime="20231203 00:00:21.446" endtime="20231203 00:00:21.522"/>
</kw>
<kw name="Wait Until Element Is Visible" library="SeleniumLibrary">
<arg>//*[@id="root"]/div[1]/div[2]/div</arg>
<doc>Waits until the element ``locator`` is visible.</doc>
<status status="PASS" starttime="20231203 00:00:21.522" endtime="20231203 00:00:21.566"/>
</kw>
<kw name="Element Should Be Visible" library="SeleniumLibrary">
<arg>//*[@id="root"]/div[1]/div[2]/div</arg>
<doc>Verifies that the element identified by ``locator`` is visible.</doc>
<msg timestamp="20231203 00:00:21.589" level="INFO">Element '//*[@id="root"]/div[1]/div[2]/div' is displayed.</msg>
<status status="PASS" starttime="20231203 00:00:21.566" endtime="20231203 00:00:21.589"/>
</kw>
<status status="PASS" starttime="20231203 00:00:21.446" endtime="20231203 00:00:21.590"/>
</kw>
<status status="PASS" starttime="20231203 00:00:21.444" endtime="20231203 00:00:21.590"/>
</kw>
<status status="PASS" starttime="20231203 00:00:20.774" endtime="20231203 00:00:21.590"/>
</kw>
<kw name="Wait Until Page Contains Element" library="SeleniumLibrary">
<arg>xpath=//*[@id="root"]/div[1]/div[2]/div/div[4]/div/table/tbody/tr[1]/td[6]</arg>
<doc>Waits until the element ``locator`` appears on the current page.</doc>
<status status="PASS" starttime="20231203 00:00:21.590" endtime="20231203 00:00:22.091"/>
</kw>
<kw name="Click Element" library="SeleniumLibrary">
<arg>xpath=//*[@id="root"]/div[1]/div[2]/div/div[4]/div/table/tbody/tr[1]/td[6]</arg>
<doc>Click the element identified by ``locator``.</doc>
<msg timestamp="20231203 00:00:22.092" level="INFO">Clicking element 'xpath=//*[@id="root"]/div[1]/div[2]/div/div[4]/div/table/tbody/tr[1]/td[6]'.</msg>
<status status="PASS" starttime="20231203 00:00:22.092" endtime="20231203 00:00:22.162"/>
</kw>
<kw name="Wait Until Page Contains Element" library="SeleniumLibrary">
<arg>xpath=/html/body/div[3]/div/ul/li[5]/span/div</arg>
<doc>Waits until the element ``locator`` appears on the current page.</doc>
<msg timestamp="20231203 00:00:27.465" level="INFO" html="true">&lt;/td&gt;&lt;/tr&gt;&lt;tr&gt;&lt;td colspan="3"&gt;&lt;a href="selenium-screenshot-29.png"&gt;&lt;img src="selenium-screenshot-29.png" width="800px"&gt;&lt;/a&gt;</msg>
<msg timestamp="20231203 00:00:27.466" level="FAIL">Element 'xpath=/html/body/div[3]/div/ul/li[5]/span/div' did not appear in 5 seconds.</msg>
<status status="FAIL" starttime="20231203 00:00:22.162" endtime="20231203 00:00:27.469"/>
</kw>
<kw name="Click Element" library="SeleniumLibrary">
<arg>xpath=/html/body/div[3]/div/ul/li[3]</arg>
<doc>Click the element identified by ``locator``.</doc>
<status status="NOT RUN" starttime="20231203 00:00:27.469" endtime="20231203 00:00:27.469"/>
</kw>
<kw name="Wait Until Element Is Visible" library="SeleniumLibrary">
<arg>xpath=//h2[contains(text(), 'Responses')]</arg>
<doc>Waits until the element ``locator`` is visible.</doc>
<status status="NOT RUN" starttime="20231203 00:00:27.469" endtime="20231203 00:00:27.469"/>
</kw>
<kw name="Element Should Be Visible" library="SeleniumLibrary">
<arg>xpath=//h2[contains(text(), 'Responses')]</arg>
<doc>Verifies that the element identified by ``locator`` is visible.</doc>
<status status="NOT RUN" starttime="20231203 00:00:27.469" endtime="20231203 00:00:27.469"/>
</kw>
<kw name="Click Element" library="SeleniumLibrary">
<arg>xpath=//*[@id="root"]/div[1]/div[2]/div/div[1]/div[2]/div[2]/button[3]</arg>
<doc>Click the element identified by ``locator``.</doc>
<status status="NOT RUN" starttime="20231203 00:00:27.469" endtime="20231203 00:00:27.469"/>
</kw>
<kw name="Wait Until Element Is Visible" library="SeleniumLibrary">
<arg>xpath=//h2[contains(text(), 'Publish Wellness Check')]</arg>
<doc>Waits until the element ``locator`` is visible.</doc>
<status status="NOT RUN" starttime="20231203 00:00:27.471" endtime="20231203 00:00:27.471"/>
</kw>
<kw name="Element Should Be Visible" library="SeleniumLibrary">
<arg>xpath=//h2[contains(text(), 'Publish Wellness Check')]</arg>
<doc>Verifies that the element identified by ``locator`` is visible.</doc>
<status status="NOT RUN" starttime="20231203 00:00:27.471" endtime="20231203 00:00:27.471"/>
</kw>
<status status="FAIL" starttime="20231203 00:00:20.774" endtime="20231203 00:00:27.471">Element 'xpath=/html/body/div[3]/div/ul/li[5]/span/div' did not appear in 5 seconds.</status>
</test>
<test id="s1-t2" name="1_TS044_TC002" line="43">
<kw name="Click Wellness Check">
<kw name="Go To" library="SeleniumLibrary">
<arg>https://sagip-automation.vercel.app/admin/wellness-check</arg>
<doc>Navigates the current browser window to the provided ``url``.</doc>
<msg timestamp="20231203 00:00:27.474" level="INFO">Opening url 'https://sagip-automation.vercel.app/admin/wellness-check'</msg>
<status status="PASS" starttime="20231203 00:00:27.473" endtime="20231203 00:00:27.953"/>
</kw>
<kw name="Wait Until Page Contains Element" library="SeleniumLibrary">
<arg>xpath=//*[@id="root"]/div[1]/div[2]/div</arg>
<doc>Waits until the element ``locator`` appears on the current page.</doc>
<status status="PASS" starttime="20231203 00:00:27.954" endtime="20231203 00:00:27.969"/>
</kw>
<kw name="Get WebElement" library="SeleniumLibrary">
<var>${element}</var>
<arg>xpath=//*[@id="root"]/div[1]/div[2]/div</arg>
<doc>Returns the first WebElement matching the given ``locator``.</doc>
<msg timestamp="20231203 00:00:27.978" level="INFO">${element} = &lt;selenium.webdriver.remote.webelement.WebElement (session="43252dd10c700afbcbd3e55ee89ba5c1", element="5A4950E2316DCA536696AAA6C2EF60B7_element_64")&gt;</msg>
<status status="PASS" starttime="20231203 00:00:27.969" endtime="20231203 00:00:27.978"/>
</kw>
<kw name="Run Keyword Unless" library="BuiltIn">
<arg>'${element}'=='None'</arg>
<arg>Wellness Check Present</arg>
<doc>*DEPRECATED since RF 5.0. Use Native IF/ELSE or `Run Keyword If` instead.*</doc>
<msg timestamp="20231203 00:00:27.979" level="WARN">Keyword 'BuiltIn.Run Keyword Unless' is deprecated. </msg>
<kw name="Wellness Check Present">
<kw name="Click Element" library="SeleniumLibrary">
<arg>xpath=//*[@id="root"]/div[1]/div[2]/div</arg>
<doc>Click the element identified by ``locator``.</doc>
<msg timestamp="20231203 00:00:27.981" level="INFO">Clicking element 'xpath=//*[@id="root"]/div[1]/div[2]/div'.</msg>
<status status="PASS" starttime="20231203 00:00:27.980" endtime="20231203 00:00:28.035"/>
</kw>
<kw name="Wait Until Element Is Visible" library="SeleniumLibrary">
<arg>//*[@id="root"]/div[1]/div[2]/div</arg>
<doc>Waits until the element ``locator`` is visible.</doc>
<status status="PASS" starttime="20231203 00:00:28.036" endtime="20231203 00:00:28.095"/>
</kw>
<kw name="Element Should Be Visible" library="SeleniumLibrary">
<arg>//*[@id="root"]/div[1]/div[2]/div</arg>
<doc>Verifies that the element identified by ``locator`` is visible.</doc>
<msg timestamp="20231203 00:00:28.129" level="INFO">Element '//*[@id="root"]/div[1]/div[2]/div' is displayed.</msg>
<status status="PASS" starttime="20231203 00:00:28.096" endtime="20231203 00:00:28.129"/>
</kw>
<status status="PASS" starttime="20231203 00:00:27.980" endtime="20231203 00:00:28.129"/>
</kw>
<status status="PASS" starttime="20231203 00:00:27.979" endtime="20231203 00:00:28.129"/>
</kw>
<status status="PASS" starttime="20231203 00:00:27.473" endtime="20231203 00:00:28.131"/>
</kw>
<kw name="Wait Until Page Contains Element" library="SeleniumLibrary">
<arg>xpath=//*[@id="root"]/div[1]/div[2]/div/div[4]/div/table/tbody/tr[1]/td[6]</arg>
<doc>Waits until the element ``locator`` appears on the current page.</doc>
<status status="PASS" starttime="20231203 00:00:28.131" endtime="20231203 00:00:28.786"/>
</kw>
<kw name="Click Element" library="SeleniumLibrary">
<arg>xpath=//*[@id="root"]/div[1]/div[2]/div/div[4]/div/table/tbody/tr[1]/td[6]</arg>
<doc>Click the element identified by ``locator``.</doc>
<msg timestamp="20231203 00:00:28.788" level="INFO">Clicking element 'xpath=//*[@id="root"]/div[1]/div[2]/div/div[4]/div/table/tbody/tr[1]/td[6]'.</msg>
<status status="PASS" starttime="20231203 00:00:28.787" endtime="20231203 00:00:28.839"/>
</kw>
<kw name="Wait Until Page Contains Element" library="SeleniumLibrary">
<arg>xpath=/html/body/div[3]/div/ul/li[5]/span/div</arg>
<doc>Waits until the element ``locator`` appears on the current page.</doc>
<msg timestamp="20231203 00:00:34.117" level="INFO" html="true">&lt;/td&gt;&lt;/tr&gt;&lt;tr&gt;&lt;td colspan="3"&gt;&lt;a href="selenium-screenshot-30.png"&gt;&lt;img src="selenium-screenshot-30.png" width="800px"&gt;&lt;/a&gt;</msg>
<msg timestamp="20231203 00:00:34.117" level="FAIL">Element 'xpath=/html/body/div[3]/div/ul/li[5]/span/div' did not appear in 5 seconds.</msg>
<status status="FAIL" starttime="20231203 00:00:28.840" endtime="20231203 00:00:34.118"/>
</kw>
<kw name="Click Element" library="SeleniumLibrary">
<arg>xpath=/html/body/div[3]/div/ul/li[3]</arg>
<doc>Click the element identified by ``locator``.</doc>
<status status="NOT RUN" starttime="20231203 00:00:34.118" endtime="20231203 00:00:34.118"/>
</kw>
<kw name="Wait Until Element Is Visible" library="SeleniumLibrary">
<arg>xpath=//h2[contains(text(), 'Responses')]</arg>
<doc>Waits until the element ``locator`` is visible.</doc>
<status status="NOT RUN" starttime="20231203 00:00:34.119" endtime="20231203 00:00:34.119"/>
</kw>
<kw name="Element Should Be Visible" library="SeleniumLibrary">
<arg>xpath=//h2[contains(text(), 'Responses')]</arg>
<doc>Verifies that the element identified by ``locator`` is visible.</doc>
<status status="NOT RUN" starttime="20231203 00:00:34.119" endtime="20231203 00:00:34.119"/>
</kw>
<kw name="Click Element" library="SeleniumLibrary">
<arg>xpath=//*[@id="root"]/div[1]/div[2]/div/div[1]/div[2]/div[2]/button[3]</arg>
<doc>Click the element identified by ``locator``.</doc>
<status status="NOT RUN" starttime="20231203 00:00:34.120" endtime="20231203 00:00:34.120"/>
</kw>
<kw name="Wait Until Element Is Visible" library="SeleniumLibrary">
<arg>xpath=//h2[contains(text(), 'Publish Wellness Check')]</arg>
<doc>Waits until the element ``locator`` is visible.</doc>
<status status="NOT RUN" starttime="20231203 00:00:34.120" endtime="20231203 00:00:34.120"/>
</kw>
<kw name="Element Should Be Visible" library="SeleniumLibrary">
<arg>xpath=//h2[contains(text(), 'Publish Wellness Check')]</arg>
<doc>Verifies that the element identified by ``locator`` is visible.</doc>
<status status="NOT RUN" starttime="20231203 00:00:34.120" endtime="20231203 00:00:34.120"/>
</kw>
<kw name="Input Text" library="SeleniumLibrary">
<arg>xpath=//*[@id="title"]</arg>
<arg>${EMPTY}</arg>
<doc>Types the given ``text`` into the text field identified by ``locator``.</doc>
<status status="NOT RUN" starttime="20231203 00:00:34.121" endtime="20231203 00:00:34.121"/>
</kw>
<kw name="Click Element" library="SeleniumLibrary">
<arg>xpath=//button[@class='btn-primary float-right']</arg>
<doc>Click the element identified by ``locator``.</doc>
<status status="NOT RUN" starttime="20231203 00:00:34.121" endtime="20231203 00:00:34.121"/>
</kw>
<kw name="Wait Until Element Is Visible" library="SeleniumLibrary">
<arg>css=span.text-red-500</arg>
<doc>Waits until the element ``locator`` is visible.</doc>
<status status="NOT RUN" starttime="20231203 00:00:34.122" endtime="20231203 00:00:34.122"/>
</kw>
<kw name="Get Text" library="SeleniumLibrary">
<var>${error_text}</var>
<arg>css=span.text-red-500</arg>
<doc>Returns the text value of the element identified by ``locator``.</doc>
<status status="NOT RUN" starttime="20231203 00:00:34.122" endtime="20231203 00:00:34.122"/>
</kw>
<kw name="Should Be Equal As Strings" library="BuiltIn">
<arg>${error_text}</arg>
<arg>Title is required</arg>
<doc>Fails if objects are unequal after converting them to strings.</doc>
<status status="NOT RUN" starttime="20231203 00:00:34.122" endtime="20231203 00:00:34.122"/>
</kw>
<status status="FAIL" starttime="20231203 00:00:27.473" endtime="20231203 00:00:34.123">Element 'xpath=/html/body/div[3]/div/ul/li[5]/span/div' did not appear in 5 seconds.</status>
</test>
<test id="s1-t3" name="1_TS044_TC003" line="61">
<kw name="Click Wellness Check">
<kw name="Go To" library="SeleniumLibrary">
<arg>https://sagip-automation.vercel.app/admin/wellness-check</arg>
<doc>Navigates the current browser window to the provided ``url``.</doc>
<msg timestamp="20231203 00:00:34.125" level="INFO">Opening url 'https://sagip-automation.vercel.app/admin/wellness-check'</msg>
<status status="PASS" starttime="20231203 00:00:34.125" endtime="20231203 00:00:34.709"/>
</kw>
<kw name="Wait Until Page Contains Element" library="SeleniumLibrary">
<arg>xpath=//*[@id="root"]/div[1]/div[2]/div</arg>
<doc>Waits until the element ``locator`` appears on the current page.</doc>
<status status="PASS" starttime="20231203 00:00:34.710" endtime="20231203 00:00:34.731"/>
</kw>
<kw name="Get WebElement" library="SeleniumLibrary">
<var>${element}</var>
<arg>xpath=//*[@id="root"]/div[1]/div[2]/div</arg>
<doc>Returns the first WebElement matching the given ``locator``.</doc>
<msg timestamp="20231203 00:00:34.754" level="INFO">${element} = &lt;selenium.webdriver.remote.webelement.WebElement (session="43252dd10c700afbcbd3e55ee89ba5c1", element="566F6AB8293D71511CDC7749D2D86869_element_79")&gt;</msg>
<status status="PASS" starttime="20231203 00:00:34.732" endtime="20231203 00:00:34.754"/>
</kw>
<kw name="Run Keyword Unless" library="BuiltIn">
<arg>'${element}'=='None'</arg>
<arg>Wellness Check Present</arg>
<doc>*DEPRECATED since RF 5.0. Use Native IF/ELSE or `Run Keyword If` instead.*</doc>
<msg timestamp="20231203 00:00:34.754" level="WARN">Keyword 'BuiltIn.Run Keyword Unless' is deprecated. </msg>
<kw name="Wellness Check Present">
<kw name="Click Element" library="SeleniumLibrary">
<arg>xpath=//*[@id="root"]/div[1]/div[2]/div</arg>
<doc>Click the element identified by ``locator``.</doc>
<msg timestamp="20231203 00:00:34.756" level="INFO">Clicking element 'xpath=//*[@id="root"]/div[1]/div[2]/div'.</msg>
<status status="PASS" starttime="20231203 00:00:34.756" endtime="20231203 00:00:34.841"/>
</kw>
<kw name="Wait Until Element Is Visible" library="SeleniumLibrary">
<arg>//*[@id="root"]/div[1]/div[2]/div</arg>
<doc>Waits until the element ``locator`` is visible.</doc>
<status status="PASS" starttime="20231203 00:00:34.841" endtime="20231203 00:00:34.911"/>
</kw>
<kw name="Element Should Be Visible" library="SeleniumLibrary">
<arg>//*[@id="root"]/div[1]/div[2]/div</arg>
<doc>Verifies that the element identified by ``locator`` is visible.</doc>
<msg timestamp="20231203 00:00:34.956" level="INFO">Element '//*[@id="root"]/div[1]/div[2]/div' is displayed.</msg>
<status status="PASS" starttime="20231203 00:00:34.912" endtime="20231203 00:00:34.956"/>
</kw>
<status status="PASS" starttime="20231203 00:00:34.755" endtime="20231203 00:00:34.956"/>
</kw>
<status status="PASS" starttime="20231203 00:00:34.754" endtime="20231203 00:00:34.956"/>
</kw>
<status status="PASS" starttime="20231203 00:00:34.124" endtime="20231203 00:00:34.956"/>
</kw>
<kw name="Wait Until Page Contains Element" library="SeleniumLibrary">
<arg>xpath=//*[@id="root"]/div[1]/div[2]/div/div[4]/div/table/tbody/tr[1]/td[6]</arg>
<doc>Waits until the element ``locator`` appears on the current page.</doc>
<status status="PASS" starttime="20231203 00:00:34.957" endtime="20231203 00:00:35.426"/>
</kw>
<kw name="Click Element" library="SeleniumLibrary">
<arg>xpath=//*[@id="root"]/div[1]/div[2]/div/div[4]/div/table/tbody/tr[1]/td[6]</arg>
<doc>Click the element identified by ``locator``.</doc>
<msg timestamp="20231203 00:00:35.427" level="INFO">Clicking element 'xpath=//*[@id="root"]/div[1]/div[2]/div/div[4]/div/table/tbody/tr[1]/td[6]'.</msg>
<status status="PASS" starttime="20231203 00:00:35.426" endtime="20231203 00:00:35.521"/>
</kw>
<kw name="Wait Until Page Contains Element" library="SeleniumLibrary">
<arg>xpath=/html/body/div[3]/div/ul/li[5]/span/div</arg>
<doc>Waits until the element ``locator`` appears on the current page.</doc>
<msg timestamp="20231203 00:00:40.758" level="INFO" html="true">&lt;/td&gt;&lt;/tr&gt;&lt;tr&gt;&lt;td colspan="3"&gt;&lt;a href="selenium-screenshot-31.png"&gt;&lt;img src="selenium-screenshot-31.png" width="800px"&gt;&lt;/a&gt;</msg>
<msg timestamp="20231203 00:00:40.758" level="FAIL">Element 'xpath=/html/body/div[3]/div/ul/li[5]/span/div' did not appear in 5 seconds.</msg>
<status status="FAIL" starttime="20231203 00:00:35.522" endtime="20231203 00:00:40.759"/>
</kw>
<kw name="Click Element" library="SeleniumLibrary">
<arg>xpath=/html/body/div[3]/div/ul/li[3]</arg>
<doc>Click the element identified by ``locator``.</doc>
<status status="NOT RUN" starttime="20231203 00:00:40.760" endtime="20231203 00:00:40.760"/>
</kw>
<kw name="Wait Until Element Is Visible" library="SeleniumLibrary">
<arg>xpath=//h2[contains(text(), 'Responses')]</arg>
<doc>Waits until the element ``locator`` is visible.</doc>
<status status="NOT RUN" starttime="20231203 00:00:40.760" endtime="20231203 00:00:40.760"/>
</kw>
<kw name="Element Should Be Visible" library="SeleniumLibrary">
<arg>xpath=//h2[contains(text(), 'Responses')]</arg>
<doc>Verifies that the element identified by ``locator`` is visible.</doc>
<status status="NOT RUN" starttime="20231203 00:00:40.761" endtime="20231203 00:00:40.761"/>
</kw>
<kw name="Click Element" library="SeleniumLibrary">
<arg>xpath=//*[@id="root"]/div[1]/div[2]/div/div[1]/div[2]/div[2]/button[3]</arg>
<doc>Click the element identified by ``locator``.</doc>
<status status="NOT RUN" starttime="20231203 00:00:40.761" endtime="20231203 00:00:40.761"/>
</kw>
<kw name="Wait Until Element Is Visible" library="SeleniumLibrary">
<arg>xpath=//h2[contains(text(), 'Publish Wellness Check')]</arg>
<doc>Waits until the element ``locator`` is visible.</doc>
<status status="NOT RUN" starttime="20231203 00:00:40.761" endtime="20231203 00:00:40.761"/>
</kw>
<kw name="Element Should Be Visible" library="SeleniumLibrary">
<arg>xpath=//h2[contains(text(), 'Publish Wellness Check')]</arg>
<doc>Verifies that the element identified by ``locator`` is visible.</doc>
<status status="NOT RUN" starttime="20231203 00:00:40.762" endtime="20231203 00:00:40.762"/>
</kw>
<kw name="Input Text" library="SeleniumLibrary">
<arg>xpath=//*[@id="title"]</arg>
<arg>Magnitude 5</arg>
<doc>Types the given ``text`` into the text field identified by ``locator``.</doc>
<status status="NOT RUN" starttime="20231203 00:00:40.762" endtime="20231203 00:00:40.762"/>
</kw>
<kw name="Input Text" library="SeleniumLibrary">
<arg>xpath=//*[@id="endDate"]</arg>
<arg>10/12/2023</arg>
<doc>Types the given ``text`` into the text field identified by ``locator``.</doc>
<status status="NOT RUN" starttime="20231203 00:00:40.762" endtime="20231203 00:00:40.762"/>
</kw>
<kw name="Select From List By Value" library="SeleniumLibrary">
<arg>${DROPDOWN}</arg>
<arg>${OPTION}</arg>
<arg>Earthquake</arg>
<doc>Selects options from selection list ``locator`` by ``values``.</doc>
<status status="NOT RUN" starttime="20231203 00:00:40.763" endtime="20231203 00:00:40.763"/>
</kw>
<kw name="Click Element" library="SeleniumLibrary">
<arg>xpath=//button[@class='btn-primary float-right']</arg>
<doc>Click the element identified by ``locator``.</doc>
<status status="NOT RUN" starttime="20231203 00:00:40.763" endtime="20231203 00:00:40.763"/>
</kw>
<kw name="Wait Until Element Is Visible" library="SeleniumLibrary">
<arg>css=.Toastify__toast--success</arg>
<doc>Waits until the element ``locator`` is visible.</doc>
<status status="NOT RUN" starttime="20231203 00:00:40.763" endtime="20231203 00:00:40.763"/>
</kw>
<kw name="Element Should Be Visible" library="SeleniumLibrary">
<arg>css=.Toastify__toast--success</arg>
<doc>Verifies that the element identified by ``locator`` is visible.</doc>
<status status="NOT RUN" starttime="20231203 00:00:40.764" endtime="20231203 00:00:40.764"/>
</kw>
<status status="FAIL" starttime="20231203 00:00:34.124" endtime="20231203 00:00:40.764">Element 'xpath=/html/body/div[3]/div/ul/li[5]/span/div' did not appear in 5 seconds.</status>
</test>
<status status="FAIL" starttime="20231203 00:00:11.477" endtime="20231203 00:00:40.765"/>
</suite>
<statistics>
<total>
<stat pass="0" fail="3" skip="0">All Tests</stat>
</total>
<tag>
</tag>
<suite>
<stat pass="0" fail="3" skip="0" id="s1" name="001 TS044">001 TS044</stat>
</suite>
</statistics>
<errors>
<msg timestamp="20231203 00:00:21.444" level="WARN">Keyword 'BuiltIn.Run Keyword Unless' is deprecated. </msg>
<msg timestamp="20231203 00:00:27.979" level="WARN">Keyword 'BuiltIn.Run Keyword Unless' is deprecated. </msg>
<msg timestamp="20231203 00:00:34.754" level="WARN">Keyword 'BuiltIn.Run Keyword Unless' is deprecated. </msg>
</errors>
</robot>
