<?xml version="1.0" encoding="UTF-8"?>
<robot generator="Robot 6.1.1 (Python 3.11.4 on win32)" generated="20231202 22:18:44.694" rpa="false" schemaversion="4">
<suite id="s1" name="001 TS035" source="C:\Users\Darwin\Desktop\SAGIP Automation Testing\Robot Framework\test_suite\SMS Alerts Module\001_TS035.robot">
<test id="s1-t1" name="Log in to the site" line="14">
<kw name="Given I opened the browser">
<kw name="Open Browser" library="SeleniumLibrary">
<arg>${url}</arg>
<arg>chrome</arg>
<doc>Opens a new browser instance to the optional ``url``.</doc>
<msg timestamp="20231202 22:18:45.050" level="INFO">Opening browser 'chrome' to base url 'https://sagip-automation.vercel.app/'.</msg>
<status status="PASS" starttime="20231202 22:18:45.049" endtime="20231202 22:18:49.973"/>
</kw>
<status status="PASS" starttime="20231202 22:18:45.049" endtime="20231202 22:18:49.973"/>
</kw>
<kw name="And Navigate into login page">
<kw name="Wait Until Element Is Visible" library="SeleniumLibrary">
<arg>class:btn-primary</arg>
<doc>Waits until the element ``locator`` is visible.</doc>
<status status="PASS" starttime="20231202 22:18:49.974" endtime="20231202 22:18:50.054"/>
</kw>
<kw name="Click Element" library="SeleniumLibrary">
<arg>class:btn-primary</arg>
<doc>Click the element identified by ``locator``.</doc>
<msg timestamp="20231202 22:18:50.055" level="INFO">Clicking element 'class:btn-primary'.</msg>
<status status="PASS" starttime="20231202 22:18:50.054" endtime="20231202 22:18:50.340"/>
</kw>
<status status="PASS" starttime="20231202 22:18:49.973" endtime="20231202 22:18:50.340"/>
</kw>
<kw name="When I typed my account details">
<kw name="Input Text" library="SeleniumLibrary">
<arg>css:#identifier</arg>
<arg>${email}</arg>
<doc>Types the given ``text`` into the text field identified by ``locator``.</doc>
<msg timestamp="20231202 22:18:50.345" level="INFO">Typing text 'employee@sagip.live' into text field 'css:#identifier'.</msg>
<status status="PASS" starttime="20231202 22:18:50.343" endtime="20231202 22:18:50.589"/>
</kw>
<kw name="Input Text" library="SeleniumLibrary">
<arg>css:#password</arg>
<arg>${password}</arg>
<doc>Types the given ``text`` into the text field identified by ``locator``.</doc>
<msg timestamp="20231202 22:18:50.590" level="INFO">Typing text 'Sagip.00' into text field 'css:#password'.</msg>
<status status="PASS" starttime="20231202 22:18:50.589" endtime="20231202 22:18:50.748"/>
</kw>
<status status="PASS" starttime="20231202 22:18:50.341" endtime="20231202 22:18:50.748"/>
</kw>
<kw name="And I clicked the login button">
<kw name="Click Element" library="SeleniumLibrary">
<arg>xpath://button[contains(@class,'btn-primary') and text()='Login']</arg>
<doc>Click the element identified by ``locator``.</doc>
<msg timestamp="20231202 22:18:50.750" level="INFO">Clicking element 'xpath://button[contains(@class,'btn-primary') and text()='Login']'.</msg>
<status status="PASS" starttime="20231202 22:18:50.749" endtime="20231202 22:18:50.833"/>
</kw>
<status status="PASS" starttime="20231202 22:18:50.749" endtime="20231202 22:18:50.833"/>
</kw>
<kw name="Then I should see the dashboard">
<kw name="Wait Until Element Is Visible" library="SeleniumLibrary">
<arg>xpath://*[@id="root"]/div[1]/div[2]/div/header/h1</arg>
<doc>Waits until the element ``locator`` is visible.</doc>
<status status="PASS" starttime="20231202 22:18:50.834" endtime="20231202 22:18:52.918"/>
</kw>
<kw name="Element Should Contain" library="SeleniumLibrary">
<arg>${CONTENT_BODY_DIV}</arg>
<arg>Dashboard</arg>
<doc>Verifies that element ``locator`` contains text ``expected``.</doc>
<msg timestamp="20231202 22:18:52.987" level="INFO">Element 'xpath://*[@id="root"]/div[1]/div[2]' contains text 'Dashboard'.</msg>
<status status="PASS" starttime="20231202 22:18:52.918" endtime="20231202 22:18:52.987"/>
</kw>
<status status="PASS" starttime="20231202 22:18:50.833" endtime="20231202 22:18:52.987"/>
</kw>
<status status="PASS" starttime="20231202 22:18:45.048" endtime="20231202 22:18:52.987"/>
</test>
<test id="s1-t2" name="1_TS035_TC001" line="21">
<kw name="Given I navigate to the alert management page">
<kw name="Wait Until Element Is Visible" library="SeleniumLibrary">
<arg>css:a[href='/admin/alert-management']</arg>
<arg>timeout=10s</arg>
<doc>Waits until the element ``locator`` is visible.</doc>
<status status="PASS" starttime="20231202 22:18:52.990" endtime="20231202 22:18:53.025"/>
</kw>
<kw name="Click Element" library="SeleniumLibrary">
<arg>css:a[href='/admin/alert-management']</arg>
<doc>Click the element identified by ``locator``.</doc>
<msg timestamp="20231202 22:18:53.026" level="INFO">Clicking element 'css:a[href='/admin/alert-management']'.</msg>
<status status="PASS" starttime="20231202 22:18:53.025" endtime="20231202 22:18:53.192"/>
</kw>
<kw name="Element Should Contain" library="SeleniumLibrary">
<arg>${CONTENT_BODY_DIV}</arg>
<arg>Message Templates</arg>
<doc>Verifies that element ``locator`` contains text ``expected``.</doc>
<msg timestamp="20231202 22:18:53.259" level="INFO">Element 'xpath://*[@id="root"]/div[1]/div[2]' contains text 'Message Templates'.</msg>
<status status="PASS" starttime="20231202 22:18:53.192" endtime="20231202 22:18:53.259"/>
</kw>
<status status="PASS" starttime="20231202 22:18:52.990" endtime="20231202 22:18:53.259"/>
</kw>
<kw name="When I click a Template">
<kw name="Wait Until Element Is Visible" library="SeleniumLibrary">
<arg>xpath://*[@id="root"]/div[1]/div[2]/div/div[2]/div/div[3]/div[1]/div[4]/button</arg>
<doc>Waits until the element ``locator`` is visible.</doc>
<status status="PASS" starttime="20231202 22:18:53.260" endtime="20231202 22:18:53.788"/>
</kw>
<kw name="Click Element" library="SeleniumLibrary">
<arg>xpath://*[@id="root"]/div[1]/div[2]/div/div[2]/div/div[3]/div[1]/div[4]/button</arg>
<doc>Click the element identified by ``locator``.</doc>
<msg timestamp="20231202 22:18:53.789" level="INFO">Clicking element 'xpath://*[@id="root"]/div[1]/div[2]/div/div[2]/div/div[3]/div[1]/div[4]/button'.</msg>
<status status="PASS" starttime="20231202 22:18:53.788" endtime="20231202 22:18:53.923"/>
</kw>
<status status="PASS" starttime="20231202 22:18:53.259" endtime="20231202 22:18:53.923"/>
</kw>
<kw name="Then I should see the template applied">
<kw name="Wait Until Element Is Visible" library="SeleniumLibrary">
<arg>xpath://*[@id="root"]/div[1]/div[2]/div/div[2]/form/div[1]/span</arg>
<doc>Waits until the element ``locator`` is visible.</doc>
<status status="PASS" starttime="20231202 22:18:53.924" endtime="20231202 22:18:54.061"/>
</kw>
<kw name="Element Should Contain" library="SeleniumLibrary">
<arg>xpath://*[@id="root"]/div[1]/div[2]/div/div[2]/form/div[1]/span</arg>
<arg>Using template:</arg>
<doc>Verifies that element ``locator`` contains text ``expected``.</doc>
<msg timestamp="20231202 22:18:54.091" level="INFO">Element 'xpath://*[@id="root"]/div[1]/div[2]/div/div[2]/form/div[1]/span' contains text 'Using template:'.</msg>
<status status="PASS" starttime="20231202 22:18:54.061" endtime="20231202 22:18:54.091"/>
</kw>
<kw name="Click Button" library="SeleniumLibrary">
<arg>xpath://*[@id="root"]/div[1]/div[2]/div/div[2]/form/div[1]/button</arg>
<doc>Clicks the button identified by ``locator``.</doc>
<msg timestamp="20231202 22:18:54.091" level="INFO">Clicking button 'xpath://*[@id="root"]/div[1]/div[2]/div/div[2]/form/div[1]/button'.</msg>
<status status="PASS" starttime="20231202 22:18:54.091" endtime="20231202 22:18:54.220"/>
</kw>
<status status="PASS" starttime="20231202 22:18:53.924" endtime="20231202 22:18:54.220"/>
</kw>
<status status="PASS" starttime="20231202 22:18:52.989" endtime="20231202 22:18:54.220"/>
</test>
<test id="s1-t3" name="1_TS035_TC002" line="26">
<kw name="Given I entered message title">
<kw name="Input Text" library="SeleniumLibrary">
<arg>css:input[id='alertTitle']</arg>
<arg>Flash Flood Alert</arg>
<doc>Types the given ``text`` into the text field identified by ``locator``.</doc>
<msg timestamp="20231202 22:18:54.224" level="INFO">Typing text 'Flash Flood Alert' into text field 'css:input[id='alertTitle']'.</msg>
<status status="PASS" starttime="20231202 22:18:54.223" endtime="20231202 22:18:54.561"/>
</kw>
<status status="PASS" starttime="20231202 22:18:54.223" endtime="20231202 22:18:54.561"/>
</kw>
<kw name="And I entered message body">
<kw name="Input Text" library="SeleniumLibrary">
<arg>css:textarea[id='alertMessage']</arg>
<arg>A flash flood warnings in effect for your area.</arg>
<doc>Types the given ``text`` into the text field identified by ``locator``.</doc>
<msg timestamp="20231202 22:18:54.562" level="INFO">Typing text 'A flash flood warnings in effect for your area.' into text field 'css:textarea[id='alertMessage']'.</msg>
<status status="PASS" starttime="20231202 22:18:54.561" endtime="20231202 22:18:54.865"/>
</kw>
<status status="PASS" starttime="20231202 22:18:54.561" endtime="20231202 22:18:54.865"/>
</kw>
<kw name="Then Values should be accepted">
<kw name="Element Should Not Be Visible" library="SeleniumLibrary">
<arg>css:span[class='input-error']</arg>
<doc>Verifies that the element identified by ``locator`` is NOT visible.</doc>
<msg timestamp="20231202 22:18:54.886" level="INFO">Element 'css:span[class='input-error']' did not exist.</msg>
<status status="PASS" starttime="20231202 22:18:54.866" endtime="20231202 22:18:54.886"/>
</kw>
<status status="PASS" starttime="20231202 22:18:54.866" endtime="20231202 22:18:54.887"/>
</kw>
<status status="PASS" starttime="20231202 22:18:54.222" endtime="20231202 22:18:54.887"/>
</test>
<status status="PASS" starttime="20231202 22:18:44.697" endtime="20231202 22:18:54.889"/>
</suite>
<statistics>
<total>
<stat pass="3" fail="0" skip="0">All Tests</stat>
</total>
<tag>
</tag>
<suite>
<stat pass="3" fail="0" skip="0" id="s1" name="001 TS035">001 TS035</stat>
</suite>
</statistics>
<errors>
</errors>
</robot>
