<?xml version="1.0" encoding="UTF-8"?>
<robot generator="Robot 6.1.1 (Python 3.11.4 on win32)" generated="20231126 04:07:51.550" rpa="false" schemaversion="4">
<suite id="s1" name="001 TS009" source="C:\Users\Darwin\Desktop\SAGIP Automation Testing\test_suite\Emergency Request Management Module\001_TS009.robot">
<test id="s1-t1" name="1_TS009_TC005" line="57">
<kw name="Accept Assistance Request">
<kw name="Click Assistance Request">
<kw name="Dispatcher Login" library="login">
<kw name="Open Browser and Maximize" library="login">
<kw name="Open Browser" library="SeleniumLibrary">
<arg>${URL}</arg>
<arg>${BROWSER}</arg>
<doc>Opens a new browser instance to the optional ``url``.</doc>
<msg timestamp="20231126 04:07:51.774" level="INFO">Opening browser 'Chrome' to base url 'https://sagip-automation.vercel.app/'.</msg>
<status status="PASS" starttime="20231126 04:07:51.772" endtime="20231126 04:07:55.209"/>
</kw>
<kw name="Maximize Browser Window" library="SeleniumLibrary">
<doc>Maximizes current browser window.</doc>
<status status="PASS" starttime="20231126 04:07:55.210" endtime="20231126 04:07:55.360"/>
</kw>
<status status="PASS" starttime="20231126 04:07:51.772" endtime="20231126 04:07:55.360"/>
</kw>
<kw name="Login" library="login">
<arg>dispatcher@sagip.live</arg>
<arg>Sagip.00</arg>
<kw name="Go To" library="SeleniumLibrary">
<arg>${URL}</arg>
<doc>Navigates the current browser window to the provided ``url``.</doc>
<msg timestamp="20231126 04:07:55.361" level="INFO">Opening url 'https://sagip-automation.vercel.app/'</msg>
<status status="PASS" starttime="20231126 04:07:55.360" endtime="20231126 04:07:56.173"/>
</kw>
<kw name="Wait Until Element Is Visible" library="SeleniumLibrary">
<arg>xpath=//*[@id="root"]/div[1]/div[3]/button[1]</arg>
<arg>10 seconds</arg>
<doc>Waits until the element ``locator`` is visible.</doc>
<status status="PASS" starttime="20231126 04:07:56.173" endtime="20231126 04:07:56.250"/>
</kw>
<kw name="Click Element" library="SeleniumLibrary">
<arg>xpath=//*[@id="root"]/div[1]/div[3]/button[1]</arg>
<doc>Click the element identified by ``locator``.</doc>
<msg timestamp="20231126 04:07:56.251" level="INFO">Clicking element 'xpath=//*[@id="root"]/div[1]/div[3]/button[1]'.</msg>
<status status="PASS" starttime="20231126 04:07:56.250" endtime="20231126 04:07:56.405"/>
</kw>
<kw name="Click Element" library="SeleniumLibrary">
<arg>id=identifier</arg>
<doc>Click the element identified by ``locator``.</doc>
<msg timestamp="20231126 04:07:56.407" level="INFO">Clicking element 'id=identifier'.</msg>
<status status="PASS" starttime="20231126 04:07:56.405" endtime="20231126 04:07:56.794"/>
</kw>
<kw name="Input Text" library="SeleniumLibrary">
<arg>id:identifier</arg>
<arg>${username}</arg>
<doc>Types the given ``text`` into the text field identified by ``locator``.</doc>
<msg timestamp="20231126 04:07:56.795" level="INFO">Typing text 'dispatcher@sagip.live' into text field 'id:identifier'.</msg>
<status status="PASS" starttime="20231126 04:07:56.794" endtime="20231126 04:07:56.968"/>
</kw>
<kw name="Click Element" library="SeleniumLibrary">
<arg>id=password</arg>
<doc>Click the element identified by ``locator``.</doc>
<msg timestamp="20231126 04:07:56.969" level="INFO">Clicking element 'id=password'.</msg>
<status status="PASS" starttime="20231126 04:07:56.968" endtime="20231126 04:07:57.023"/>
</kw>
<kw name="Input Text" library="SeleniumLibrary">
<arg>id:password</arg>
<arg>${password}</arg>
<doc>Types the given ``text`` into the text field identified by ``locator``.</doc>
<msg timestamp="20231126 04:07:57.025" level="INFO">Typing text 'Sagip.00' into text field 'id:password'.</msg>
<status status="PASS" starttime="20231126 04:07:57.024" endtime="20231126 04:07:57.121"/>
</kw>
<kw name="Click Element" library="SeleniumLibrary">
<arg>xpath=//*[@id="root"]/div[1]/div[1]/button</arg>
<doc>Click the element identified by ``locator``.</doc>
<msg timestamp="20231126 04:07:57.122" level="INFO">Clicking element 'xpath=//*[@id="root"]/div[1]/div[1]/button'.</msg>
<status status="PASS" starttime="20231126 04:07:57.121" endtime="20231126 04:07:57.181"/>
</kw>
<kw name="Wait Until Element Is Visible" library="SeleniumLibrary">
<arg>xpath=//*[@id="root"]/div[1]/div[2]/div/header/h1</arg>
<arg>60 seconds</arg>
<doc>Waits until the element ``locator`` is visible.</doc>
<status status="PASS" starttime="20231126 04:07:57.181" endtime="20231126 04:07:58.409"/>
</kw>
<kw name="Element Should Be Visible" library="SeleniumLibrary">
<arg>xpath=//*[@id="root"]/div[1]/div[2]/div/header/h1</arg>
<doc>Verifies that the element identified by ``locator`` is visible.</doc>
<msg timestamp="20231126 04:07:58.435" level="INFO">Element 'xpath=//*[@id="root"]/div[1]/div[2]/div/header/h1' is displayed.</msg>
<status status="PASS" starttime="20231126 04:07:58.410" endtime="20231126 04:07:58.435"/>
</kw>
<status status="PASS" starttime="20231126 04:07:55.360" endtime="20231126 04:07:58.435"/>
</kw>
<status status="PASS" starttime="20231126 04:07:51.771" endtime="20231126 04:07:58.435"/>
</kw>
<kw name="Go To" library="SeleniumLibrary">
<arg>https://sagip-automation.vercel.app/admin/emergency-reports</arg>
<doc>Navigates the current browser window to the provided ``url``.</doc>
<msg timestamp="20231126 04:07:58.435" level="INFO">Opening url 'https://sagip-automation.vercel.app/admin/emergency-reports'</msg>
<status status="PASS" starttime="20231126 04:07:58.435" endtime="20231126 04:07:58.932"/>
</kw>
<kw name="Wait Until Page Contains Element" library="SeleniumLibrary">
<arg>xpath=//*[@id="root"]/div[1]/div[2]/div/div[1]/div[3]/div[1]</arg>
<doc>Waits until the element ``locator`` appears on the current page.</doc>
<status status="PASS" starttime="20231126 04:07:58.932" endtime="20231126 04:07:59.796"/>
</kw>
<kw name="Get WebElement" library="SeleniumLibrary">
<var>${element}</var>
<arg>xpath=//div[contains(text(), 'unverified') or contains(text(), 'incomplete')]</arg>
<doc>Returns the first WebElement matching the given ``locator``.</doc>
<msg timestamp="20231126 04:07:59.811" level="INFO">${element} = &lt;selenium.webdriver.remote.webelement.WebElement (session="63a5dd21e06a2ac3af5cd6b0ed74ffde", element="AA7B0F9579B363ED5FBA45CA7DA8222E_element_58")&gt;</msg>
<status status="PASS" starttime="20231126 04:07:59.796" endtime="20231126 04:07:59.811"/>
</kw>
<kw name="Run Keyword Unless" library="BuiltIn">
<arg>'${element}'=='None'</arg>
<arg>Assistance Present</arg>
<doc>*DEPRECATED since RF 5.0. Use Native IF/ELSE or `Run Keyword If` instead.*</doc>
<msg timestamp="20231126 04:07:59.811" level="WARN">Keyword 'BuiltIn.Run Keyword Unless' is deprecated. </msg>
<kw name="Assistance Present">
<kw name="Click Element" library="SeleniumLibrary">
<arg>xpath=//div[contains(text(), 'unverified') or contains(text(), 'incomplete')]</arg>
<doc>Click the element identified by ``locator``.</doc>
<msg timestamp="20231126 04:07:59.814" level="INFO">Clicking element 'xpath=//div[contains(text(), 'unverified') or contains(text(), 'incomplete')]'.</msg>
<status status="PASS" starttime="20231126 04:07:59.813" endtime="20231126 04:07:59.909"/>
</kw>
<kw name="Wait Until Element Is Visible" library="SeleniumLibrary">
<arg>//*[@id="root"]/div[1]/div[2]/div/div[2]/div[1]/p</arg>
<doc>Waits until the element ``locator`` is visible.</doc>
<status status="PASS" starttime="20231126 04:07:59.910" endtime="20231126 04:08:00.052"/>
</kw>
<kw name="Element Should Be Visible" library="SeleniumLibrary">
<arg>//*[@id="root"]/div[1]/div[2]/div/div[2]/div[1]/p</arg>
<doc>Verifies that the element identified by ``locator`` is visible.</doc>
<msg timestamp="20231126 04:08:00.082" level="INFO">Element '//*[@id="root"]/div[1]/div[2]/div/div[2]/div[1]/p' is displayed.</msg>
<status status="PASS" starttime="20231126 04:08:00.052" endtime="20231126 04:08:00.082"/>
</kw>
<status status="PASS" starttime="20231126 04:07:59.812" endtime="20231126 04:08:00.082"/>
</kw>
<status status="PASS" starttime="20231126 04:07:59.811" endtime="20231126 04:08:00.082"/>
</kw>
<status status="PASS" starttime="20231126 04:07:51.771" endtime="20231126 04:08:00.083"/>
</kw>
<kw name="Wait Until Page Contains Element" library="SeleniumLibrary">
<arg>xpath=//button[contains(text(), 'Reject Request')]</arg>
<doc>Waits until the element ``locator`` appears on the current page.</doc>
<status status="PASS" starttime="20231126 04:08:00.083" endtime="20231126 04:08:00.101"/>
</kw>
<kw name="Click Element" library="SeleniumLibrary">
<arg>xpath=//button[contains(text(), 'Accept Request')]</arg>
<doc>Click the element identified by ``locator``.</doc>
<msg timestamp="20231126 04:08:00.102" level="INFO">Clicking element 'xpath=//button[contains(text(), 'Accept Request')]'.</msg>
<status status="PASS" starttime="20231126 04:08:00.101" endtime="20231126 04:08:00.297"/>
</kw>
<kw name="Wait Until Element Is Visible" library="SeleniumLibrary">
<arg>xpath=//button[contains(text(), 'Send Responders')]</arg>
<doc>Waits until the element ``locator`` is visible.</doc>
<status status="PASS" starttime="20231126 04:08:00.298" endtime="20231126 04:08:01.258"/>
</kw>
<status status="PASS" starttime="20231126 04:07:51.771" endtime="20231126 04:08:01.258"/>
</kw>
<kw name="Click Element" library="SeleniumLibrary">
<arg>css=.css-8mmkcg &gt; path</arg>
<doc>Click the element identified by ``locator``.</doc>
<msg timestamp="20231126 04:08:01.259" level="INFO">Clicking element 'css=.css-8mmkcg &gt; path'.</msg>
<status status="PASS" starttime="20231126 04:08:01.259" endtime="20231126 04:08:01.813"/>
</kw>
<kw name="Click Element" library="SeleniumLibrary">
<arg>id=react-select-2-option-1</arg>
<doc>Click the element identified by ``locator``.</doc>
<msg timestamp="20231126 04:08:01.814" level="INFO">Clicking element 'id=react-select-2-option-1'.</msg>
<status status="PASS" starttime="20231126 04:08:01.813" endtime="20231126 04:08:02.002"/>
</kw>
<kw name="Click Element" library="SeleniumLibrary">
<arg>xpath=//button[contains(text(), 'Send Responders')]</arg>
<doc>Click the element identified by ``locator``.</doc>
<msg timestamp="20231126 04:08:02.004" level="INFO">Clicking element 'xpath=//button[contains(text(), 'Send Responders')]'.</msg>
<status status="PASS" starttime="20231126 04:08:02.003" endtime="20231126 04:08:02.080"/>
</kw>
<kw name="Wait Until Element Is Visible" library="SeleniumLibrary">
<arg>css=.Toastify__toast--success</arg>
<doc>Waits until the element ``locator`` is visible.</doc>
<status status="PASS" starttime="20231126 04:08:02.081" endtime="20231126 04:08:04.445"/>
</kw>
<kw name="Element Should Be Visible" library="SeleniumLibrary">
<arg>css=.Toastify__toast--success</arg>
<doc>Verifies that the element identified by ``locator`` is visible.</doc>
<msg timestamp="20231126 04:08:04.469" level="INFO">Element 'css=.Toastify__toast--success' is displayed.</msg>
<status status="PASS" starttime="20231126 04:08:04.445" endtime="20231126 04:08:04.469"/>
</kw>
<status status="PASS" starttime="20231126 04:07:51.771" endtime="20231126 04:08:04.469"/>
</test>
<status status="PASS" starttime="20231126 04:07:51.552" endtime="20231126 04:08:04.472"/>
</suite>
<statistics>
<total>
<stat pass="1" fail="0" skip="0">All Tests</stat>
</total>
<tag>
</tag>
<suite>
<stat pass="1" fail="0" skip="0" id="s1" name="001 TS009">001 TS009</stat>
</suite>
</statistics>
<errors>
<msg timestamp="20231126 04:07:59.811" level="WARN">Keyword 'BuiltIn.Run Keyword Unless' is deprecated. </msg>
</errors>
</robot>
