<?xml version="1.0" encoding="UTF-8"?>
<robot generator="Robot 6.1.1 (Python 3.11.4 on win32)" generated="20231126 06:36:44.839" rpa="false" schemaversion="4">
<suite id="s1" name="001 TS009" source="C:\Users\Darwin\Desktop\SAGIP Automation Testing\test_suite\Emergency Request Management Module\001_TS009.robot">
<test id="s1-t1" name="1_TS009_TC001" line="31">
<kw name="Click Assistance Request">
<kw name="Dispatcher Login" library="login">
<kw name="Open Browser and Maximize" library="login">
<kw name="Open Browser" library="SeleniumLibrary">
<arg>${URL}</arg>
<arg>${BROWSER}</arg>
<doc>Opens a new browser instance to the optional ``url``.</doc>
<msg timestamp="20231126 06:36:45.088" level="INFO">Opening browser 'Chrome' to base url 'https://sagip-automation.vercel.app/'.</msg>
<status status="PASS" starttime="20231126 06:36:45.088" endtime="20231126 06:36:48.601"/>
</kw>
<kw name="Maximize Browser Window" library="SeleniumLibrary">
<doc>Maximizes current browser window.</doc>
<status status="PASS" starttime="20231126 06:36:48.603" endtime="20231126 06:36:48.741"/>
</kw>
<status status="PASS" starttime="20231126 06:36:45.087" endtime="20231126 06:36:48.741"/>
</kw>
<kw name="Login" library="login">
<arg>dispatcher@sagip.live</arg>
<arg>Sagip.00</arg>
<kw name="Go To" library="SeleniumLibrary">
<arg>${URL}</arg>
<doc>Navigates the current browser window to the provided ``url``.</doc>
<msg timestamp="20231126 06:36:48.743" level="INFO">Opening url 'https://sagip-automation.vercel.app/'</msg>
<status status="PASS" starttime="20231126 06:36:48.743" endtime="20231126 06:36:49.756"/>
</kw>
<kw name="Wait Until Element Is Visible" library="SeleniumLibrary">
<arg>xpath=//*[@id="root"]/div[1]/div[3]/button[1]</arg>
<arg>10 seconds</arg>
<doc>Waits until the element ``locator`` is visible.</doc>
<status status="PASS" starttime="20231126 06:36:49.756" endtime="20231126 06:36:49.827"/>
</kw>
<kw name="Click Element" library="SeleniumLibrary">
<arg>xpath=//*[@id="root"]/div[1]/div[3]/button[1]</arg>
<doc>Click the element identified by ``locator``.</doc>
<msg timestamp="20231126 06:36:49.829" level="INFO">Clicking element 'xpath=//*[@id="root"]/div[1]/div[3]/button[1]'.</msg>
<status status="PASS" starttime="20231126 06:36:49.827" endtime="20231126 06:36:49.966"/>
</kw>
<kw name="Click Element" library="SeleniumLibrary">
<arg>id=identifier</arg>
<doc>Click the element identified by ``locator``.</doc>
<msg timestamp="20231126 06:36:49.967" level="INFO">Clicking element 'id=identifier'.</msg>
<status status="PASS" starttime="20231126 06:36:49.966" endtime="20231126 06:36:50.046"/>
</kw>
<kw name="Input Text" library="SeleniumLibrary">
<arg>id:identifier</arg>
<arg>${username}</arg>
<doc>Types the given ``text`` into the text field identified by ``locator``.</doc>
<msg timestamp="20231126 06:36:50.046" level="INFO">Typing text 'dispatcher@sagip.live' into text field 'id:identifier'.</msg>
<status status="PASS" starttime="20231126 06:36:50.046" endtime="20231126 06:36:50.360"/>
</kw>
<kw name="Click Element" library="SeleniumLibrary">
<arg>id=password</arg>
<doc>Click the element identified by ``locator``.</doc>
<msg timestamp="20231126 06:36:50.361" level="INFO">Clicking element 'id=password'.</msg>
<status status="PASS" starttime="20231126 06:36:50.361" endtime="20231126 06:36:50.495"/>
</kw>
<kw name="Input Text" library="SeleniumLibrary">
<arg>id:password</arg>
<arg>${password}</arg>
<doc>Types the given ``text`` into the text field identified by ``locator``.</doc>
<msg timestamp="20231126 06:36:50.496" level="INFO">Typing text 'Sagip.00' into text field 'id:password'.</msg>
<status status="PASS" starttime="20231126 06:36:50.495" endtime="20231126 06:36:50.598"/>
</kw>
<kw name="Click Element" library="SeleniumLibrary">
<arg>xpath=//*[@id="root"]/div[1]/div[1]/button</arg>
<doc>Click the element identified by ``locator``.</doc>
<msg timestamp="20231126 06:36:50.598" level="INFO">Clicking element 'xpath=//*[@id="root"]/div[1]/div[1]/button'.</msg>
<status status="PASS" starttime="20231126 06:36:50.598" endtime="20231126 06:36:50.666"/>
</kw>
<kw name="Wait Until Element Is Visible" library="SeleniumLibrary">
<arg>xpath=//*[@id="root"]/div[1]/div[2]/div/header/h1</arg>
<arg>60 seconds</arg>
<doc>Waits until the element ``locator`` is visible.</doc>
<status status="PASS" starttime="20231126 06:36:50.666" endtime="20231126 06:36:52.168"/>
</kw>
<kw name="Element Should Be Visible" library="SeleniumLibrary">
<arg>xpath=//*[@id="root"]/div[1]/div[2]/div/header/h1</arg>
<doc>Verifies that the element identified by ``locator`` is visible.</doc>
<msg timestamp="20231126 06:36:52.191" level="INFO">Element 'xpath=//*[@id="root"]/div[1]/div[2]/div/header/h1' is displayed.</msg>
<status status="PASS" starttime="20231126 06:36:52.169" endtime="20231126 06:36:52.191"/>
</kw>
<status status="PASS" starttime="20231126 06:36:48.741" endtime="20231126 06:36:52.191"/>
</kw>
<status status="PASS" starttime="20231126 06:36:45.087" endtime="20231126 06:36:52.191"/>
</kw>
<kw name="Go To" library="SeleniumLibrary">
<arg>https://sagip-automation.vercel.app/admin/emergency-reports</arg>
<doc>Navigates the current browser window to the provided ``url``.</doc>
<msg timestamp="20231126 06:36:52.191" level="INFO">Opening url 'https://sagip-automation.vercel.app/admin/emergency-reports'</msg>
<status status="PASS" starttime="20231126 06:36:52.191" endtime="20231126 06:36:52.677"/>
</kw>
<kw name="Wait Until Page Contains Element" library="SeleniumLibrary">
<arg>xpath=//*[@id="root"]/div[1]/div[2]/div/div[1]/div[3]/div[1]</arg>
<doc>Waits until the element ``locator`` appears on the current page.</doc>
<status status="PASS" starttime="20231126 06:36:52.677" endtime="20231126 06:36:53.548"/>
</kw>
<kw name="Get WebElement" library="SeleniumLibrary">
<var>${element}</var>
<arg>xpath=//div[contains(text(), 'unverified') or contains(text(), 'incomplete')]</arg>
<doc>Returns the first WebElement matching the given ``locator``.</doc>
<msg timestamp="20231126 06:36:53.562" level="INFO">${element} = &lt;selenium.webdriver.remote.webelement.WebElement (session="53b0c53f3d38aeacba9bd1a2a2b7b112", element="E5B9BA58C01F3BFBDE86F1EEAB2791C8_element_58")&gt;</msg>
<status status="PASS" starttime="20231126 06:36:53.548" endtime="20231126 06:36:53.562"/>
</kw>
<kw name="Run Keyword Unless" library="BuiltIn">
<arg>'${element}'=='None'</arg>
<arg>Assistance Present</arg>
<doc>*DEPRECATED since RF 5.0. Use Native IF/ELSE or `Run Keyword If` instead.*</doc>
<msg timestamp="20231126 06:36:53.562" level="WARN">Keyword 'BuiltIn.Run Keyword Unless' is deprecated. </msg>
<kw name="Assistance Present">
<kw name="Click Element" library="SeleniumLibrary">
<arg>xpath=//div[contains(text(), 'unverified') or contains(text(), 'incomplete')]</arg>
<doc>Click the element identified by ``locator``.</doc>
<msg timestamp="20231126 06:36:53.564" level="INFO">Clicking element 'xpath=//div[contains(text(), 'unverified') or contains(text(), 'incomplete')]'.</msg>
<status status="PASS" starttime="20231126 06:36:53.563" endtime="20231126 06:36:53.668"/>
</kw>
<kw name="Wait Until Element Is Visible" library="SeleniumLibrary">
<arg>//*[@id="root"]/div[1]/div[2]/div/div[2]/div[1]/p</arg>
<doc>Waits until the element ``locator`` is visible.</doc>
<status status="PASS" starttime="20231126 06:36:53.668" endtime="20231126 06:36:53.704"/>
</kw>
<kw name="Element Should Be Visible" library="SeleniumLibrary">
<arg>//*[@id="root"]/div[1]/div[2]/div/div[2]/div[1]/p</arg>
<doc>Verifies that the element identified by ``locator`` is visible.</doc>
<msg timestamp="20231126 06:36:53.754" level="INFO">Element '//*[@id="root"]/div[1]/div[2]/div/div[2]/div[1]/p' is displayed.</msg>
<status status="PASS" starttime="20231126 06:36:53.704" endtime="20231126 06:36:53.754"/>
</kw>
<status status="PASS" starttime="20231126 06:36:53.563" endtime="20231126 06:36:53.754"/>
</kw>
<status status="PASS" starttime="20231126 06:36:53.562" endtime="20231126 06:36:53.754"/>
</kw>
<status status="PASS" starttime="20231126 06:36:45.087" endtime="20231126 06:36:53.754"/>
</kw>
<kw name="Element Should Be Visible" library="SeleniumLibrary">
<arg>xpath=//*[@id="root"]/div[1]/div[2]/div/div[2]/div[1]/p</arg>
<doc>Verifies that the element identified by ``locator`` is visible.</doc>
<msg timestamp="20231126 06:36:53.903" level="INFO">Element 'xpath=//*[@id="root"]/div[1]/div[2]/div/div[2]/div[1]/p' is displayed.</msg>
<status status="PASS" starttime="20231126 06:36:53.755" endtime="20231126 06:36:53.903"/>
</kw>
<kw name="Close Browser" library="SeleniumLibrary">
<doc>Closes the current browser.</doc>
<status status="PASS" starttime="20231126 06:36:53.903" endtime="20231126 06:36:56.136"/>
</kw>
<status status="PASS" starttime="20231126 06:36:45.086" endtime="20231126 06:36:56.137"/>
</test>
<test id="s1-t2" name="1_TS009_TC002" line="36">
<kw name="Accept Assistance Request">
<kw name="Click Assistance Request">
<kw name="Dispatcher Login" library="login">
<kw name="Open Browser and Maximize" library="login">
<kw name="Open Browser" library="SeleniumLibrary">
<arg>${URL}</arg>
<arg>${BROWSER}</arg>
<doc>Opens a new browser instance to the optional ``url``.</doc>
<msg timestamp="20231126 06:36:56.140" level="INFO">Opening browser 'Chrome' to base url 'https://sagip-automation.vercel.app/'.</msg>
<status status="PASS" starttime="20231126 06:36:56.140" endtime="20231126 06:36:59.275"/>
</kw>
<kw name="Maximize Browser Window" library="SeleniumLibrary">
<doc>Maximizes current browser window.</doc>
<status status="PASS" starttime="20231126 06:36:59.275" endtime="20231126 06:36:59.411"/>
</kw>
<status status="PASS" starttime="20231126 06:36:56.139" endtime="20231126 06:36:59.413"/>
</kw>
<kw name="Login" library="login">
<arg>dispatcher@sagip.live</arg>
<arg>Sagip.00</arg>
<kw name="Go To" library="SeleniumLibrary">
<arg>${URL}</arg>
<doc>Navigates the current browser window to the provided ``url``.</doc>
<msg timestamp="20231126 06:36:59.414" level="INFO">Opening url 'https://sagip-automation.vercel.app/'</msg>
<status status="PASS" starttime="20231126 06:36:59.413" endtime="20231126 06:37:00.109"/>
</kw>
<kw name="Wait Until Element Is Visible" library="SeleniumLibrary">
<arg>xpath=//*[@id="root"]/div[1]/div[3]/button[1]</arg>
<arg>10 seconds</arg>
<doc>Waits until the element ``locator`` is visible.</doc>
<status status="PASS" starttime="20231126 06:37:00.110" endtime="20231126 06:37:00.259"/>
</kw>
<kw name="Click Element" library="SeleniumLibrary">
<arg>xpath=//*[@id="root"]/div[1]/div[3]/button[1]</arg>
<doc>Click the element identified by ``locator``.</doc>
<msg timestamp="20231126 06:37:00.259" level="INFO">Clicking element 'xpath=//*[@id="root"]/div[1]/div[3]/button[1]'.</msg>
<status status="PASS" starttime="20231126 06:37:00.259" endtime="20231126 06:37:00.351"/>
</kw>
<kw name="Click Element" library="SeleniumLibrary">
<arg>id=identifier</arg>
<doc>Click the element identified by ``locator``.</doc>
<msg timestamp="20231126 06:37:00.351" level="INFO">Clicking element 'id=identifier'.</msg>
<status status="PASS" starttime="20231126 06:37:00.351" endtime="20231126 06:37:00.634"/>
</kw>
<kw name="Input Text" library="SeleniumLibrary">
<arg>id:identifier</arg>
<arg>${username}</arg>
<doc>Types the given ``text`` into the text field identified by ``locator``.</doc>
<msg timestamp="20231126 06:37:00.636" level="INFO">Typing text 'dispatcher@sagip.live' into text field 'id:identifier'.</msg>
<status status="PASS" starttime="20231126 06:37:00.635" endtime="20231126 06:37:00.857"/>
</kw>
<kw name="Click Element" library="SeleniumLibrary">
<arg>id=password</arg>
<doc>Click the element identified by ``locator``.</doc>
<msg timestamp="20231126 06:37:00.858" level="INFO">Clicking element 'id=password'.</msg>
<status status="PASS" starttime="20231126 06:37:00.857" endtime="20231126 06:37:00.909"/>
</kw>
<kw name="Input Text" library="SeleniumLibrary">
<arg>id:password</arg>
<arg>${password}</arg>
<doc>Types the given ``text`` into the text field identified by ``locator``.</doc>
<msg timestamp="20231126 06:37:00.910" level="INFO">Typing text 'Sagip.00' into text field 'id:password'.</msg>
<status status="PASS" starttime="20231126 06:37:00.909" endtime="20231126 06:37:01.004"/>
</kw>
<kw name="Click Element" library="SeleniumLibrary">
<arg>xpath=//*[@id="root"]/div[1]/div[1]/button</arg>
<doc>Click the element identified by ``locator``.</doc>
<msg timestamp="20231126 06:37:01.005" level="INFO">Clicking element 'xpath=//*[@id="root"]/div[1]/div[1]/button'.</msg>
<status status="PASS" starttime="20231126 06:37:01.005" endtime="20231126 06:37:01.068"/>
</kw>
<kw name="Wait Until Element Is Visible" library="SeleniumLibrary">
<arg>xpath=//*[@id="root"]/div[1]/div[2]/div/header/h1</arg>
<arg>60 seconds</arg>
<doc>Waits until the element ``locator`` is visible.</doc>
<status status="PASS" starttime="20231126 06:37:01.068" endtime="20231126 06:37:02.330"/>
</kw>
<kw name="Element Should Be Visible" library="SeleniumLibrary">
<arg>xpath=//*[@id="root"]/div[1]/div[2]/div/header/h1</arg>
<doc>Verifies that the element identified by ``locator`` is visible.</doc>
<msg timestamp="20231126 06:37:02.358" level="INFO">Element 'xpath=//*[@id="root"]/div[1]/div[2]/div/header/h1' is displayed.</msg>
<status status="PASS" starttime="20231126 06:37:02.330" endtime="20231126 06:37:02.358"/>
</kw>
<status status="PASS" starttime="20231126 06:36:59.413" endtime="20231126 06:37:02.358"/>
</kw>
<status status="PASS" starttime="20231126 06:36:56.139" endtime="20231126 06:37:02.358"/>
</kw>
<kw name="Go To" library="SeleniumLibrary">
<arg>https://sagip-automation.vercel.app/admin/emergency-reports</arg>
<doc>Navigates the current browser window to the provided ``url``.</doc>
<msg timestamp="20231126 06:37:02.358" level="INFO">Opening url 'https://sagip-automation.vercel.app/admin/emergency-reports'</msg>
<status status="PASS" starttime="20231126 06:37:02.358" endtime="20231126 06:37:02.839"/>
</kw>
<kw name="Wait Until Page Contains Element" library="SeleniumLibrary">
<arg>xpath=//*[@id="root"]/div[1]/div[2]/div/div[1]/div[3]/div[1]</arg>
<doc>Waits until the element ``locator`` appears on the current page.</doc>
<status status="PASS" starttime="20231126 06:37:02.839" endtime="20231126 06:37:03.716"/>
</kw>
<kw name="Get WebElement" library="SeleniumLibrary">
<var>${element}</var>
<arg>xpath=//div[contains(text(), 'unverified') or contains(text(), 'incomplete')]</arg>
<doc>Returns the first WebElement matching the given ``locator``.</doc>
<msg timestamp="20231126 06:37:03.731" level="INFO">${element} = &lt;selenium.webdriver.remote.webelement.WebElement (session="668430792a023ee4c97a66959a96bfab", element="6E0A153C1AD84D837A74FDE0B61DD4CC_element_57")&gt;</msg>
<status status="PASS" starttime="20231126 06:37:03.716" endtime="20231126 06:37:03.731"/>
</kw>
<kw name="Run Keyword Unless" library="BuiltIn">
<arg>'${element}'=='None'</arg>
<arg>Assistance Present</arg>
<doc>*DEPRECATED since RF 5.0. Use Native IF/ELSE or `Run Keyword If` instead.*</doc>
<msg timestamp="20231126 06:37:03.731" level="WARN">Keyword 'BuiltIn.Run Keyword Unless' is deprecated. </msg>
<kw name="Assistance Present">
<kw name="Click Element" library="SeleniumLibrary">
<arg>xpath=//div[contains(text(), 'unverified') or contains(text(), 'incomplete')]</arg>
<doc>Click the element identified by ``locator``.</doc>
<msg timestamp="20231126 06:37:03.732" level="INFO">Clicking element 'xpath=//div[contains(text(), 'unverified') or contains(text(), 'incomplete')]'.</msg>
<status status="PASS" starttime="20231126 06:37:03.732" endtime="20231126 06:37:03.822"/>
</kw>
<kw name="Wait Until Element Is Visible" library="SeleniumLibrary">
<arg>//*[@id="root"]/div[1]/div[2]/div/div[2]/div[1]/p</arg>
<doc>Waits until the element ``locator`` is visible.</doc>
<status status="PASS" starttime="20231126 06:37:03.822" endtime="20231126 06:37:03.908"/>
</kw>
<kw name="Element Should Be Visible" library="SeleniumLibrary">
<arg>//*[@id="root"]/div[1]/div[2]/div/div[2]/div[1]/p</arg>
<doc>Verifies that the element identified by ``locator`` is visible.</doc>
<msg timestamp="20231126 06:37:03.931" level="INFO">Element '//*[@id="root"]/div[1]/div[2]/div/div[2]/div[1]/p' is displayed.</msg>
<status status="PASS" starttime="20231126 06:37:03.908" endtime="20231126 06:37:03.931"/>
</kw>
<status status="PASS" starttime="20231126 06:37:03.732" endtime="20231126 06:37:03.931"/>
</kw>
<status status="PASS" starttime="20231126 06:37:03.731" endtime="20231126 06:37:03.931"/>
</kw>
<status status="PASS" starttime="20231126 06:36:56.139" endtime="20231126 06:37:03.931"/>
</kw>
<kw name="Wait Until Page Contains Element" library="SeleniumLibrary">
<arg>xpath=//button[contains(text(), 'Reject Request')]</arg>
<doc>Waits until the element ``locator`` appears on the current page.</doc>
<status status="PASS" starttime="20231126 06:37:03.931" endtime="20231126 06:37:03.944"/>
</kw>
<kw name="Click Element" library="SeleniumLibrary">
<arg>xpath=//button[contains(text(), 'Accept Request')]</arg>
<doc>Click the element identified by ``locator``.</doc>
<msg timestamp="20231126 06:37:03.945" level="INFO">Clicking element 'xpath=//button[contains(text(), 'Accept Request')]'.</msg>
<status status="PASS" starttime="20231126 06:37:03.944" endtime="20231126 06:37:04.148"/>
</kw>
<kw name="Wait Until Element Is Visible" library="SeleniumLibrary">
<arg>xpath=//button[contains(text(), 'Send Responders')]</arg>
<doc>Waits until the element ``locator`` is visible.</doc>
<status status="PASS" starttime="20231126 06:37:04.148" endtime="20231126 06:37:05.036"/>
</kw>
<status status="PASS" starttime="20231126 06:36:56.139" endtime="20231126 06:37:05.036"/>
</kw>
<kw name="Element Should Be Visible" library="SeleniumLibrary">
<arg>xpath=//button[contains(text(), 'Send Responders')]</arg>
<doc>Verifies that the element identified by ``locator`` is visible.</doc>
<msg timestamp="20231126 06:37:05.332" level="INFO">Element 'xpath=//button[contains(text(), 'Send Responders')]' is displayed.</msg>
<status status="PASS" starttime="20231126 06:37:05.036" endtime="20231126 06:37:05.333"/>
</kw>
<kw name="Close Browser" library="SeleniumLibrary">
<doc>Closes the current browser.</doc>
<status status="PASS" starttime="20231126 06:37:05.333" endtime="20231126 06:37:07.756"/>
</kw>
<status status="PASS" starttime="20231126 06:36:56.138" endtime="20231126 06:37:07.757"/>
</test>
<test id="s1-t3" name="1_TS009_TC003" line="41">
<kw name="Accept Assistance Request">
<kw name="Click Assistance Request">
<kw name="Dispatcher Login" library="login">
<kw name="Open Browser and Maximize" library="login">
<kw name="Open Browser" library="SeleniumLibrary">
<arg>${URL}</arg>
<arg>${BROWSER}</arg>
<doc>Opens a new browser instance to the optional ``url``.</doc>
<msg timestamp="20231126 06:37:07.760" level="INFO">Opening browser 'Chrome' to base url 'https://sagip-automation.vercel.app/'.</msg>
<status status="PASS" starttime="20231126 06:37:07.759" endtime="20231126 06:37:11.195"/>
</kw>
<kw name="Maximize Browser Window" library="SeleniumLibrary">
<doc>Maximizes current browser window.</doc>
<status status="PASS" starttime="20231126 06:37:11.195" endtime="20231126 06:37:11.366"/>
</kw>
<status status="PASS" starttime="20231126 06:37:07.759" endtime="20231126 06:37:11.366"/>
</kw>
<kw name="Login" library="login">
<arg>dispatcher@sagip.live</arg>
<arg>Sagip.00</arg>
<kw name="Go To" library="SeleniumLibrary">
<arg>${URL}</arg>
<doc>Navigates the current browser window to the provided ``url``.</doc>
<msg timestamp="20231126 06:37:11.368" level="INFO">Opening url 'https://sagip-automation.vercel.app/'</msg>
<status status="PASS" starttime="20231126 06:37:11.367" endtime="20231126 06:37:12.037"/>
</kw>
<kw name="Wait Until Element Is Visible" library="SeleniumLibrary">
<arg>xpath=//*[@id="root"]/div[1]/div[3]/button[1]</arg>
<arg>10 seconds</arg>
<doc>Waits until the element ``locator`` is visible.</doc>
<status status="PASS" starttime="20231126 06:37:12.037" endtime="20231126 06:37:12.198"/>
</kw>
<kw name="Click Element" library="SeleniumLibrary">
<arg>xpath=//*[@id="root"]/div[1]/div[3]/button[1]</arg>
<doc>Click the element identified by ``locator``.</doc>
<msg timestamp="20231126 06:37:12.199" level="INFO">Clicking element 'xpath=//*[@id="root"]/div[1]/div[3]/button[1]'.</msg>
<status status="PASS" starttime="20231126 06:37:12.199" endtime="20231126 06:37:12.305"/>
</kw>
<kw name="Click Element" library="SeleniumLibrary">
<arg>id=identifier</arg>
<doc>Click the element identified by ``locator``.</doc>
<msg timestamp="20231126 06:37:12.306" level="INFO">Clicking element 'id=identifier'.</msg>
<status status="PASS" starttime="20231126 06:37:12.305" endtime="20231126 06:37:12.776"/>
</kw>
<kw name="Input Text" library="SeleniumLibrary">
<arg>id:identifier</arg>
<arg>${username}</arg>
<doc>Types the given ``text`` into the text field identified by ``locator``.</doc>
<msg timestamp="20231126 06:37:12.777" level="INFO">Typing text 'dispatcher@sagip.live' into text field 'id:identifier'.</msg>
<status status="PASS" starttime="20231126 06:37:12.776" endtime="20231126 06:37:12.875"/>
</kw>
<kw name="Click Element" library="SeleniumLibrary">
<arg>id=password</arg>
<doc>Click the element identified by ``locator``.</doc>
<msg timestamp="20231126 06:37:12.876" level="INFO">Clicking element 'id=password'.</msg>
<status status="PASS" starttime="20231126 06:37:12.875" endtime="20231126 06:37:12.935"/>
</kw>
<kw name="Input Text" library="SeleniumLibrary">
<arg>id:password</arg>
<arg>${password}</arg>
<doc>Types the given ``text`` into the text field identified by ``locator``.</doc>
<msg timestamp="20231126 06:37:12.936" level="INFO">Typing text 'Sagip.00' into text field 'id:password'.</msg>
<status status="PASS" starttime="20231126 06:37:12.935" endtime="20231126 06:37:13.021"/>
</kw>
<kw name="Click Element" library="SeleniumLibrary">
<arg>xpath=//*[@id="root"]/div[1]/div[1]/button</arg>
<doc>Click the element identified by ``locator``.</doc>
<msg timestamp="20231126 06:37:13.023" level="INFO">Clicking element 'xpath=//*[@id="root"]/div[1]/div[1]/button'.</msg>
<status status="PASS" starttime="20231126 06:37:13.021" endtime="20231126 06:37:13.086"/>
</kw>
<kw name="Wait Until Element Is Visible" library="SeleniumLibrary">
<arg>xpath=//*[@id="root"]/div[1]/div[2]/div/header/h1</arg>
<arg>60 seconds</arg>
<doc>Waits until the element ``locator`` is visible.</doc>
<status status="PASS" starttime="20231126 06:37:13.086" endtime="20231126 06:37:14.453"/>
</kw>
<kw name="Element Should Be Visible" library="SeleniumLibrary">
<arg>xpath=//*[@id="root"]/div[1]/div[2]/div/header/h1</arg>
<doc>Verifies that the element identified by ``locator`` is visible.</doc>
<msg timestamp="20231126 06:37:14.473" level="INFO">Element 'xpath=//*[@id="root"]/div[1]/div[2]/div/header/h1' is displayed.</msg>
<status status="PASS" starttime="20231126 06:37:14.453" endtime="20231126 06:37:14.473"/>
</kw>
<status status="PASS" starttime="20231126 06:37:11.367" endtime="20231126 06:37:14.473"/>
</kw>
<status status="PASS" starttime="20231126 06:37:07.759" endtime="20231126 06:37:14.473"/>
</kw>
<kw name="Go To" library="SeleniumLibrary">
<arg>https://sagip-automation.vercel.app/admin/emergency-reports</arg>
<doc>Navigates the current browser window to the provided ``url``.</doc>
<msg timestamp="20231126 06:37:14.473" level="INFO">Opening url 'https://sagip-automation.vercel.app/admin/emergency-reports'</msg>
<status status="PASS" starttime="20231126 06:37:14.473" endtime="20231126 06:37:14.953"/>
</kw>
<kw name="Wait Until Page Contains Element" library="SeleniumLibrary">
<arg>xpath=//*[@id="root"]/div[1]/div[2]/div/div[1]/div[3]/div[1]</arg>
<doc>Waits until the element ``locator`` appears on the current page.</doc>
<status status="PASS" starttime="20231126 06:37:14.954" endtime="20231126 06:37:15.609"/>
</kw>
<kw name="Get WebElement" library="SeleniumLibrary">
<var>${element}</var>
<arg>xpath=//div[contains(text(), 'unverified') or contains(text(), 'incomplete')]</arg>
<doc>Returns the first WebElement matching the given ``locator``.</doc>
<msg timestamp="20231126 06:37:15.625" level="INFO">${element} = &lt;selenium.webdriver.remote.webelement.WebElement (session="02061e727428b25cfc2040f0559e169b", element="70234EB782B1EE476AB4891B7303E0F9_element_57")&gt;</msg>
<status status="PASS" starttime="20231126 06:37:15.609" endtime="20231126 06:37:15.625"/>
</kw>
<kw name="Run Keyword Unless" library="BuiltIn">
<arg>'${element}'=='None'</arg>
<arg>Assistance Present</arg>
<doc>*DEPRECATED since RF 5.0. Use Native IF/ELSE or `Run Keyword If` instead.*</doc>
<msg timestamp="20231126 06:37:15.625" level="WARN">Keyword 'BuiltIn.Run Keyword Unless' is deprecated. </msg>
<kw name="Assistance Present">
<kw name="Click Element" library="SeleniumLibrary">
<arg>xpath=//div[contains(text(), 'unverified') or contains(text(), 'incomplete')]</arg>
<doc>Click the element identified by ``locator``.</doc>
<msg timestamp="20231126 06:37:15.627" level="INFO">Clicking element 'xpath=//div[contains(text(), 'unverified') or contains(text(), 'incomplete')]'.</msg>
<status status="PASS" starttime="20231126 06:37:15.627" endtime="20231126 06:37:15.718"/>
</kw>
<kw name="Wait Until Element Is Visible" library="SeleniumLibrary">
<arg>//*[@id="root"]/div[1]/div[2]/div/div[2]/div[1]/p</arg>
<doc>Waits until the element ``locator`` is visible.</doc>
<status status="PASS" starttime="20231126 06:37:15.718" endtime="20231126 06:37:15.789"/>
</kw>
<kw name="Element Should Be Visible" library="SeleniumLibrary">
<arg>//*[@id="root"]/div[1]/div[2]/div/div[2]/div[1]/p</arg>
<doc>Verifies that the element identified by ``locator`` is visible.</doc>
<msg timestamp="20231126 06:37:15.840" level="INFO">Element '//*[@id="root"]/div[1]/div[2]/div/div[2]/div[1]/p' is displayed.</msg>
<status status="PASS" starttime="20231126 06:37:15.789" endtime="20231126 06:37:15.840"/>
</kw>
<status status="PASS" starttime="20231126 06:37:15.626" endtime="20231126 06:37:15.840"/>
</kw>
<status status="PASS" starttime="20231126 06:37:15.625" endtime="20231126 06:37:15.840"/>
</kw>
<status status="PASS" starttime="20231126 06:37:07.759" endtime="20231126 06:37:15.840"/>
</kw>
<kw name="Wait Until Page Contains Element" library="SeleniumLibrary">
<arg>xpath=//button[contains(text(), 'Reject Request')]</arg>
<doc>Waits until the element ``locator`` appears on the current page.</doc>
<status status="PASS" starttime="20231126 06:37:15.840" endtime="20231126 06:37:15.853"/>
</kw>
<kw name="Click Element" library="SeleniumLibrary">
<arg>xpath=//button[contains(text(), 'Accept Request')]</arg>
<doc>Click the element identified by ``locator``.</doc>
<msg timestamp="20231126 06:37:15.853" level="INFO">Clicking element 'xpath=//button[contains(text(), 'Accept Request')]'.</msg>
<status status="PASS" starttime="20231126 06:37:15.853" endtime="20231126 06:37:16.055"/>
</kw>
<kw name="Wait Until Element Is Visible" library="SeleniumLibrary">
<arg>xpath=//button[contains(text(), 'Send Responders')]</arg>
<doc>Waits until the element ``locator`` is visible.</doc>
<status status="PASS" starttime="20231126 06:37:16.055" endtime="20231126 06:37:16.905"/>
</kw>
<status status="PASS" starttime="20231126 06:37:07.759" endtime="20231126 06:37:16.905"/>
</kw>
<kw name="Click Element" library="SeleniumLibrary">
<arg>xpath=//button[contains(text(), 'Send Responders')]</arg>
<doc>Click the element identified by ``locator``.</doc>
<msg timestamp="20231126 06:37:16.906" level="INFO">Clicking element 'xpath=//button[contains(text(), 'Send Responders')]'.</msg>
<status status="PASS" starttime="20231126 06:37:16.906" endtime="20231126 06:37:17.441"/>
</kw>
<kw name="Element Should Be Visible" library="SeleniumLibrary">
<arg>xpath=//span[contains(text(), 'Select an Available Responder')]</arg>
<doc>Verifies that the element identified by ``locator`` is visible.</doc>
<msg timestamp="20231126 06:37:17.875" level="INFO" html="true">&lt;/td&gt;&lt;/tr&gt;&lt;tr&gt;&lt;td colspan="3"&gt;&lt;a href="selenium-screenshot-50.png"&gt;&lt;img src="selenium-screenshot-50.png" width="800px"&gt;&lt;/a&gt;</msg>
<msg timestamp="20231126 06:37:17.875" level="FAIL">Element with locator 'xpath=//span[contains(text(), 'Select an Available Responder')]' not found.</msg>
<status status="FAIL" starttime="20231126 06:37:17.441" endtime="20231126 06:37:17.881"/>
</kw>
<kw name="Close Browser" library="SeleniumLibrary">
<doc>Closes the current browser.</doc>
<status status="NOT RUN" starttime="20231126 06:37:17.882" endtime="20231126 06:37:17.882"/>
</kw>
<status status="FAIL" starttime="20231126 06:37:07.758" endtime="20231126 06:37:17.883">Element with locator 'xpath=//span[contains(text(), 'Select an Available Responder')]' not found.</status>
</test>
<test id="s1-t4" name="1_TS009_TC004" line="47">
<kw name="Accept Assistance Request">
<kw name="Click Assistance Request">
<kw name="Dispatcher Login" library="login">
<kw name="Open Browser and Maximize" library="login">
<kw name="Open Browser" library="SeleniumLibrary">
<arg>${URL}</arg>
<arg>${BROWSER}</arg>
<doc>Opens a new browser instance to the optional ``url``.</doc>
<msg timestamp="20231126 06:37:17.887" level="INFO">Opening browser 'Chrome' to base url 'https://sagip-automation.vercel.app/'.</msg>
<status status="PASS" starttime="20231126 06:37:17.886" endtime="20231126 06:37:21.450"/>
</kw>
<kw name="Maximize Browser Window" library="SeleniumLibrary">
<doc>Maximizes current browser window.</doc>
<status status="PASS" starttime="20231126 06:37:21.450" endtime="20231126 06:37:21.609"/>
</kw>
<status status="PASS" starttime="20231126 06:37:17.886" endtime="20231126 06:37:21.609"/>
</kw>
<kw name="Login" library="login">
<arg>dispatcher@sagip.live</arg>
<arg>Sagip.00</arg>
<kw name="Go To" library="SeleniumLibrary">
<arg>${URL}</arg>
<doc>Navigates the current browser window to the provided ``url``.</doc>
<msg timestamp="20231126 06:37:21.611" level="INFO">Opening url 'https://sagip-automation.vercel.app/'</msg>
<status status="PASS" starttime="20231126 06:37:21.610" endtime="20231126 06:37:22.448"/>
</kw>
<kw name="Wait Until Element Is Visible" library="SeleniumLibrary">
<arg>xpath=//*[@id="root"]/div[1]/div[3]/button[1]</arg>
<arg>10 seconds</arg>
<doc>Waits until the element ``locator`` is visible.</doc>
<status status="PASS" starttime="20231126 06:37:22.448" endtime="20231126 06:37:22.569"/>
</kw>
<kw name="Click Element" library="SeleniumLibrary">
<arg>xpath=//*[@id="root"]/div[1]/div[3]/button[1]</arg>
<doc>Click the element identified by ``locator``.</doc>
<msg timestamp="20231126 06:37:22.570" level="INFO">Clicking element 'xpath=//*[@id="root"]/div[1]/div[3]/button[1]'.</msg>
<status status="PASS" starttime="20231126 06:37:22.570" endtime="20231126 06:37:22.692"/>
</kw>
<kw name="Click Element" library="SeleniumLibrary">
<arg>id=identifier</arg>
<doc>Click the element identified by ``locator``.</doc>
<msg timestamp="20231126 06:37:22.693" level="INFO">Clicking element 'id=identifier'.</msg>
<status status="PASS" starttime="20231126 06:37:22.692" endtime="20231126 06:37:23.031"/>
</kw>
<kw name="Input Text" library="SeleniumLibrary">
<arg>id:identifier</arg>
<arg>${username}</arg>
<doc>Types the given ``text`` into the text field identified by ``locator``.</doc>
<msg timestamp="20231126 06:37:23.031" level="INFO">Typing text 'dispatcher@sagip.live' into text field 'id:identifier'.</msg>
<status status="PASS" starttime="20231126 06:37:23.031" endtime="20231126 06:37:23.217"/>
</kw>
<kw name="Click Element" library="SeleniumLibrary">
<arg>id=password</arg>
<doc>Click the element identified by ``locator``.</doc>
<msg timestamp="20231126 06:37:23.218" level="INFO">Clicking element 'id=password'.</msg>
<status status="PASS" starttime="20231126 06:37:23.217" endtime="20231126 06:37:23.283"/>
</kw>
<kw name="Input Text" library="SeleniumLibrary">
<arg>id:password</arg>
<arg>${password}</arg>
<doc>Types the given ``text`` into the text field identified by ``locator``.</doc>
<msg timestamp="20231126 06:37:23.284" level="INFO">Typing text 'Sagip.00' into text field 'id:password'.</msg>
<status status="PASS" starttime="20231126 06:37:23.283" endtime="20231126 06:37:23.382"/>
</kw>
<kw name="Click Element" library="SeleniumLibrary">
<arg>xpath=//*[@id="root"]/div[1]/div[1]/button</arg>
<doc>Click the element identified by ``locator``.</doc>
<msg timestamp="20231126 06:37:23.383" level="INFO">Clicking element 'xpath=//*[@id="root"]/div[1]/div[1]/button'.</msg>
<status status="PASS" starttime="20231126 06:37:23.382" endtime="20231126 06:37:23.458"/>
</kw>
<kw name="Wait Until Element Is Visible" library="SeleniumLibrary">
<arg>xpath=//*[@id="root"]/div[1]/div[2]/div/header/h1</arg>
<arg>60 seconds</arg>
<doc>Waits until the element ``locator`` is visible.</doc>
<status status="PASS" starttime="20231126 06:37:23.459" endtime="20231126 06:37:24.891"/>
</kw>
<kw name="Element Should Be Visible" library="SeleniumLibrary">
<arg>xpath=//*[@id="root"]/div[1]/div[2]/div/header/h1</arg>
<doc>Verifies that the element identified by ``locator`` is visible.</doc>
<msg timestamp="20231126 06:37:24.989" level="INFO">Element 'xpath=//*[@id="root"]/div[1]/div[2]/div/header/h1' is displayed.</msg>
<status status="PASS" starttime="20231126 06:37:24.891" endtime="20231126 06:37:24.989"/>
</kw>
<status status="PASS" starttime="20231126 06:37:21.609" endtime="20231126 06:37:24.989"/>
</kw>
<status status="PASS" starttime="20231126 06:37:17.885" endtime="20231126 06:37:24.989"/>
</kw>
<kw name="Go To" library="SeleniumLibrary">
<arg>https://sagip-automation.vercel.app/admin/emergency-reports</arg>
<doc>Navigates the current browser window to the provided ``url``.</doc>
<msg timestamp="20231126 06:37:24.990" level="INFO">Opening url 'https://sagip-automation.vercel.app/admin/emergency-reports'</msg>
<status status="PASS" starttime="20231126 06:37:24.989" endtime="20231126 06:37:25.480"/>
</kw>
<kw name="Wait Until Page Contains Element" library="SeleniumLibrary">
<arg>xpath=//*[@id="root"]/div[1]/div[2]/div/div[1]/div[3]/div[1]</arg>
<doc>Waits until the element ``locator`` appears on the current page.</doc>
<status status="PASS" starttime="20231126 06:37:25.480" endtime="20231126 06:37:26.148"/>
</kw>
<kw name="Get WebElement" library="SeleniumLibrary">
<var>${element}</var>
<arg>xpath=//div[contains(text(), 'unverified') or contains(text(), 'incomplete')]</arg>
<doc>Returns the first WebElement matching the given ``locator``.</doc>
<msg timestamp="20231126 06:37:26.164" level="INFO">${element} = &lt;selenium.webdriver.remote.webelement.WebElement (session="0c57cab751ddbe9e26195ac9b47294b1", element="5AB610FA955176BD4D3C7482BCAF2668_element_57")&gt;</msg>
<status status="PASS" starttime="20231126 06:37:26.148" endtime="20231126 06:37:26.164"/>
</kw>
<kw name="Run Keyword Unless" library="BuiltIn">
<arg>'${element}'=='None'</arg>
<arg>Assistance Present</arg>
<doc>*DEPRECATED since RF 5.0. Use Native IF/ELSE or `Run Keyword If` instead.*</doc>
<msg timestamp="20231126 06:37:26.164" level="WARN">Keyword 'BuiltIn.Run Keyword Unless' is deprecated. </msg>
<kw name="Assistance Present">
<kw name="Click Element" library="SeleniumLibrary">
<arg>xpath=//div[contains(text(), 'unverified') or contains(text(), 'incomplete')]</arg>
<doc>Click the element identified by ``locator``.</doc>
<msg timestamp="20231126 06:37:26.166" level="INFO">Clicking element 'xpath=//div[contains(text(), 'unverified') or contains(text(), 'incomplete')]'.</msg>
<status status="PASS" starttime="20231126 06:37:26.166" endtime="20231126 06:37:26.295"/>
</kw>
<kw name="Wait Until Element Is Visible" library="SeleniumLibrary">
<arg>//*[@id="root"]/div[1]/div[2]/div/div[2]/div[1]/p</arg>
<doc>Waits until the element ``locator`` is visible.</doc>
<status status="PASS" starttime="20231126 06:37:26.296" endtime="20231126 06:37:26.385"/>
</kw>
<kw name="Element Should Be Visible" library="SeleniumLibrary">
<arg>//*[@id="root"]/div[1]/div[2]/div/div[2]/div[1]/p</arg>
<doc>Verifies that the element identified by ``locator`` is visible.</doc>
<msg timestamp="20231126 06:37:26.413" level="INFO">Element '//*[@id="root"]/div[1]/div[2]/div/div[2]/div[1]/p' is displayed.</msg>
<status status="PASS" starttime="20231126 06:37:26.385" endtime="20231126 06:37:26.413"/>
</kw>
<status status="PASS" starttime="20231126 06:37:26.166" endtime="20231126 06:37:26.413"/>
</kw>
<status status="PASS" starttime="20231126 06:37:26.164" endtime="20231126 06:37:26.413"/>
</kw>
<status status="PASS" starttime="20231126 06:37:17.885" endtime="20231126 06:37:26.413"/>
</kw>
<kw name="Wait Until Page Contains Element" library="SeleniumLibrary">
<arg>xpath=//button[contains(text(), 'Reject Request')]</arg>
<doc>Waits until the element ``locator`` appears on the current page.</doc>
<status status="PASS" starttime="20231126 06:37:26.413" endtime="20231126 06:37:26.459"/>
</kw>
<kw name="Click Element" library="SeleniumLibrary">
<arg>xpath=//button[contains(text(), 'Accept Request')]</arg>
<doc>Click the element identified by ``locator``.</doc>
<msg timestamp="20231126 06:37:26.460" level="INFO">Clicking element 'xpath=//button[contains(text(), 'Accept Request')]'.</msg>
<status status="PASS" starttime="20231126 06:37:26.460" endtime="20231126 06:37:26.656"/>
</kw>
<kw name="Wait Until Element Is Visible" library="SeleniumLibrary">
<arg>xpath=//button[contains(text(), 'Send Responders')]</arg>
<doc>Waits until the element ``locator`` is visible.</doc>
<status status="PASS" starttime="20231126 06:37:26.656" endtime="20231126 06:37:27.547"/>
</kw>
<status status="PASS" starttime="20231126 06:37:17.885" endtime="20231126 06:37:27.547"/>
</kw>
<kw name="Click Element" library="SeleniumLibrary">
<arg>css=.css-8mmkcg &gt; path</arg>
<doc>Click the element identified by ``locator``.</doc>
<msg timestamp="20231126 06:37:27.548" level="INFO">Clicking element 'css=.css-8mmkcg &gt; path'.</msg>
<status status="PASS" starttime="20231126 06:37:27.547" endtime="20231126 06:37:28.066"/>
</kw>
<kw name="Click Element" library="SeleniumLibrary">
<arg>id=react-select-2-option-1</arg>
<doc>Click the element identified by ``locator``.</doc>
<msg timestamp="20231126 06:37:28.067" level="INFO">Clicking element 'id=react-select-2-option-1'.</msg>
<msg timestamp="20231126 06:37:28.563" level="INFO" html="true">&lt;/td&gt;&lt;/tr&gt;&lt;tr&gt;&lt;td colspan="3"&gt;&lt;a href="selenium-screenshot-51.png"&gt;&lt;img src="selenium-screenshot-51.png" width="800px"&gt;&lt;/a&gt;</msg>
<msg timestamp="20231126 06:37:28.563" level="FAIL">Element with locator 'id=react-select-2-option-1' not found.</msg>
<status status="FAIL" starttime="20231126 06:37:28.067" endtime="20231126 06:37:28.564"/>
</kw>
<kw name="Element Should Not Be Visible" library="SeleniumLibrary">
<arg>id=react-select-2-input-listbox</arg>
<doc>Verifies that the element identified by ``locator`` is NOT visible.</doc>
<status status="NOT RUN" starttime="20231126 06:37:28.565" endtime="20231126 06:37:28.565"/>
</kw>
<kw name="Close Browser" library="SeleniumLibrary">
<doc>Closes the current browser.</doc>
<status status="NOT RUN" starttime="20231126 06:37:28.565" endtime="20231126 06:37:28.565"/>
</kw>
<status status="FAIL" starttime="20231126 06:37:17.884" endtime="20231126 06:37:28.565">Element with locator 'id=react-select-2-option-1' not found.</status>
</test>
<test id="s1-t5" name="1_TS009_TC005" line="54">
<kw name="Accept Assistance Request">
<kw name="Click Assistance Request">
<kw name="Dispatcher Login" library="login">
<kw name="Open Browser and Maximize" library="login">
<kw name="Open Browser" library="SeleniumLibrary">
<arg>${URL}</arg>
<arg>${BROWSER}</arg>
<doc>Opens a new browser instance to the optional ``url``.</doc>
<msg timestamp="20231126 06:37:28.569" level="INFO">Opening browser 'Chrome' to base url 'https://sagip-automation.vercel.app/'.</msg>
<status status="PASS" starttime="20231126 06:37:28.569" endtime="20231126 06:37:32.308"/>
</kw>
<kw name="Maximize Browser Window" library="SeleniumLibrary">
<doc>Maximizes current browser window.</doc>
<status status="PASS" starttime="20231126 06:37:32.309" endtime="20231126 06:37:32.466"/>
</kw>
<status status="PASS" starttime="20231126 06:37:28.568" endtime="20231126 06:37:32.467"/>
</kw>
<kw name="Login" library="login">
<arg>dispatcher@sagip.live</arg>
<arg>Sagip.00</arg>
<kw name="Go To" library="SeleniumLibrary">
<arg>${URL}</arg>
<doc>Navigates the current browser window to the provided ``url``.</doc>
<msg timestamp="20231126 06:37:32.469" level="INFO">Opening url 'https://sagip-automation.vercel.app/'</msg>
<status status="PASS" starttime="20231126 06:37:32.469" endtime="20231126 06:37:33.744"/>
</kw>
<kw name="Wait Until Element Is Visible" library="SeleniumLibrary">
<arg>xpath=//*[@id="root"]/div[1]/div[3]/button[1]</arg>
<arg>10 seconds</arg>
<doc>Waits until the element ``locator`` is visible.</doc>
<status status="PASS" starttime="20231126 06:37:33.745" endtime="20231126 06:37:33.838"/>
</kw>
<kw name="Click Element" library="SeleniumLibrary">
<arg>xpath=//*[@id="root"]/div[1]/div[3]/button[1]</arg>
<doc>Click the element identified by ``locator``.</doc>
<msg timestamp="20231126 06:37:33.840" level="INFO">Clicking element 'xpath=//*[@id="root"]/div[1]/div[3]/button[1]'.</msg>
<status status="PASS" starttime="20231126 06:37:33.839" endtime="20231126 06:37:33.957"/>
</kw>
<kw name="Click Element" library="SeleniumLibrary">
<arg>id=identifier</arg>
<doc>Click the element identified by ``locator``.</doc>
<msg timestamp="20231126 06:37:33.959" level="INFO">Clicking element 'id=identifier'.</msg>
<status status="PASS" starttime="20231126 06:37:33.958" endtime="20231126 06:37:34.054"/>
</kw>
<kw name="Input Text" library="SeleniumLibrary">
<arg>id:identifier</arg>
<arg>${username}</arg>
<doc>Types the given ``text`` into the text field identified by ``locator``.</doc>
<msg timestamp="20231126 06:37:34.056" level="INFO">Typing text 'dispatcher@sagip.live' into text field 'id:identifier'.</msg>
<status status="PASS" starttime="20231126 06:37:34.055" endtime="20231126 06:37:34.224"/>
</kw>
<kw name="Click Element" library="SeleniumLibrary">
<arg>id=password</arg>
<doc>Click the element identified by ``locator``.</doc>
<msg timestamp="20231126 06:37:34.225" level="INFO">Clicking element 'id=password'.</msg>
<status status="PASS" starttime="20231126 06:37:34.224" endtime="20231126 06:37:34.286"/>
</kw>
<kw name="Input Text" library="SeleniumLibrary">
<arg>id:password</arg>
<arg>${password}</arg>
<doc>Types the given ``text`` into the text field identified by ``locator``.</doc>
<msg timestamp="20231126 06:37:34.288" level="INFO">Typing text 'Sagip.00' into text field 'id:password'.</msg>
<status status="PASS" starttime="20231126 06:37:34.287" endtime="20231126 06:37:34.389"/>
</kw>
<kw name="Click Element" library="SeleniumLibrary">
<arg>xpath=//*[@id="root"]/div[1]/div[1]/button</arg>
<doc>Click the element identified by ``locator``.</doc>
<msg timestamp="20231126 06:37:34.390" level="INFO">Clicking element 'xpath=//*[@id="root"]/div[1]/div[1]/button'.</msg>
<status status="PASS" starttime="20231126 06:37:34.390" endtime="20231126 06:37:34.457"/>
</kw>
<kw name="Wait Until Element Is Visible" library="SeleniumLibrary">
<arg>xpath=//*[@id="root"]/div[1]/div[2]/div/header/h1</arg>
<arg>60 seconds</arg>
<doc>Waits until the element ``locator`` is visible.</doc>
<status status="PASS" starttime="20231126 06:37:34.458" endtime="20231126 06:37:35.907"/>
</kw>
<kw name="Element Should Be Visible" library="SeleniumLibrary">
<arg>xpath=//*[@id="root"]/div[1]/div[2]/div/header/h1</arg>
<doc>Verifies that the element identified by ``locator`` is visible.</doc>
<msg timestamp="20231126 06:37:35.938" level="INFO">Element 'xpath=//*[@id="root"]/div[1]/div[2]/div/header/h1' is displayed.</msg>
<status status="PASS" starttime="20231126 06:37:35.907" endtime="20231126 06:37:35.938"/>
</kw>
<status status="PASS" starttime="20231126 06:37:32.467" endtime="20231126 06:37:35.938"/>
</kw>
<status status="PASS" starttime="20231126 06:37:28.568" endtime="20231126 06:37:35.938"/>
</kw>
<kw name="Go To" library="SeleniumLibrary">
<arg>https://sagip-automation.vercel.app/admin/emergency-reports</arg>
<doc>Navigates the current browser window to the provided ``url``.</doc>
<msg timestamp="20231126 06:37:35.939" level="INFO">Opening url 'https://sagip-automation.vercel.app/admin/emergency-reports'</msg>
<status status="PASS" starttime="20231126 06:37:35.938" endtime="20231126 06:37:36.627"/>
</kw>
<kw name="Wait Until Page Contains Element" library="SeleniumLibrary">
<arg>xpath=//*[@id="root"]/div[1]/div[2]/div/div[1]/div[3]/div[1]</arg>
<doc>Waits until the element ``locator`` appears on the current page.</doc>
<status status="PASS" starttime="20231126 06:37:36.628" endtime="20231126 06:37:37.285"/>
</kw>
<kw name="Get WebElement" library="SeleniumLibrary">
<var>${element}</var>
<arg>xpath=//div[contains(text(), 'unverified') or contains(text(), 'incomplete')]</arg>
<doc>Returns the first WebElement matching the given ``locator``.</doc>
<msg timestamp="20231126 06:37:37.299" level="INFO">${element} = &lt;selenium.webdriver.remote.webelement.WebElement (session="4114dbab5923d2c58b257667d5007f8b", element="D2A97789FEE9EF271C19CE15A9F44968_element_58")&gt;</msg>
<status status="PASS" starttime="20231126 06:37:37.285" endtime="20231126 06:37:37.299"/>
</kw>
<kw name="Run Keyword Unless" library="BuiltIn">
<arg>'${element}'=='None'</arg>
<arg>Assistance Present</arg>
<doc>*DEPRECATED since RF 5.0. Use Native IF/ELSE or `Run Keyword If` instead.*</doc>
<msg timestamp="20231126 06:37:37.300" level="WARN">Keyword 'BuiltIn.Run Keyword Unless' is deprecated. </msg>
<kw name="Assistance Present">
<kw name="Click Element" library="SeleniumLibrary">
<arg>xpath=//div[contains(text(), 'unverified') or contains(text(), 'incomplete')]</arg>
<doc>Click the element identified by ``locator``.</doc>
<msg timestamp="20231126 06:37:37.301" level="INFO">Clicking element 'xpath=//div[contains(text(), 'unverified') or contains(text(), 'incomplete')]'.</msg>
<status status="PASS" starttime="20231126 06:37:37.301" endtime="20231126 06:37:37.396"/>
</kw>
<kw name="Wait Until Element Is Visible" library="SeleniumLibrary">
<arg>//*[@id="root"]/div[1]/div[2]/div/div[2]/div[1]/p</arg>
<doc>Waits until the element ``locator`` is visible.</doc>
<status status="PASS" starttime="20231126 06:37:37.396" endtime="20231126 06:37:37.525"/>
</kw>
<kw name="Element Should Be Visible" library="SeleniumLibrary">
<arg>//*[@id="root"]/div[1]/div[2]/div/div[2]/div[1]/p</arg>
<doc>Verifies that the element identified by ``locator`` is visible.</doc>
<msg timestamp="20231126 06:37:37.670" level="INFO">Element '//*[@id="root"]/div[1]/div[2]/div/div[2]/div[1]/p' is displayed.</msg>
<status status="PASS" starttime="20231126 06:37:37.525" endtime="20231126 06:37:37.670"/>
</kw>
<status status="PASS" starttime="20231126 06:37:37.301" endtime="20231126 06:37:37.670"/>
</kw>
<status status="PASS" starttime="20231126 06:37:37.300" endtime="20231126 06:37:37.670"/>
</kw>
<status status="PASS" starttime="20231126 06:37:28.568" endtime="20231126 06:37:37.671"/>
</kw>
<kw name="Wait Until Page Contains Element" library="SeleniumLibrary">
<arg>xpath=//button[contains(text(), 'Reject Request')]</arg>
<doc>Waits until the element ``locator`` appears on the current page.</doc>
<status status="PASS" starttime="20231126 06:37:37.671" endtime="20231126 06:37:37.697"/>
</kw>
<kw name="Click Element" library="SeleniumLibrary">
<arg>xpath=//button[contains(text(), 'Accept Request')]</arg>
<doc>Click the element identified by ``locator``.</doc>
<msg timestamp="20231126 06:37:37.698" level="INFO">Clicking element 'xpath=//button[contains(text(), 'Accept Request')]'.</msg>
<status status="PASS" starttime="20231126 06:37:37.697" endtime="20231126 06:37:37.850"/>
</kw>
<kw name="Wait Until Element Is Visible" library="SeleniumLibrary">
<arg>xpath=//button[contains(text(), 'Send Responders')]</arg>
<doc>Waits until the element ``locator`` is visible.</doc>
<status status="PASS" starttime="20231126 06:37:37.850" endtime="20231126 06:37:38.611"/>
</kw>
<status status="PASS" starttime="20231126 06:37:28.568" endtime="20231126 06:37:38.611"/>
</kw>
<kw name="Click Element" library="SeleniumLibrary">
<arg>css=.css-8mmkcg &gt; path</arg>
<doc>Click the element identified by ``locator``.</doc>
<msg timestamp="20231126 06:37:38.611" level="INFO">Clicking element 'css=.css-8mmkcg &gt; path'.</msg>
<status status="PASS" starttime="20231126 06:37:38.611" endtime="20231126 06:37:39.117"/>
</kw>
<kw name="Click Element" library="SeleniumLibrary">
<arg>id=react-select-2-option-1</arg>
<doc>Click the element identified by ``locator``.</doc>
<msg timestamp="20231126 06:37:39.118" level="INFO">Clicking element 'id=react-select-2-option-1'.</msg>
<msg timestamp="20231126 06:37:39.635" level="INFO" html="true">&lt;/td&gt;&lt;/tr&gt;&lt;tr&gt;&lt;td colspan="3"&gt;&lt;a href="selenium-screenshot-52.png"&gt;&lt;img src="selenium-screenshot-52.png" width="800px"&gt;&lt;/a&gt;</msg>
<msg timestamp="20231126 06:37:39.636" level="FAIL">Element with locator 'id=react-select-2-option-1' not found.</msg>
<status status="FAIL" starttime="20231126 06:37:39.117" endtime="20231126 06:37:39.636"/>
</kw>
<kw name="Click Element" library="SeleniumLibrary">
<arg>xpath=//button[contains(text(), 'Send Responders')]</arg>
<doc>Click the element identified by ``locator``.</doc>
<status status="NOT RUN" starttime="20231126 06:37:39.637" endtime="20231126 06:37:39.637"/>
</kw>
<kw name="Wait Until Element Is Visible" library="SeleniumLibrary">
<arg>css=.Toastify__toast--success</arg>
<doc>Waits until the element ``locator`` is visible.</doc>
<status status="NOT RUN" starttime="20231126 06:37:39.638" endtime="20231126 06:37:39.638"/>
</kw>
<kw name="Element Should Be Visible" library="SeleniumLibrary">
<arg>css=.Toastify__toast--success</arg>
<doc>Verifies that the element identified by ``locator`` is visible.</doc>
<status status="NOT RUN" starttime="20231126 06:37:39.638" endtime="20231126 06:37:39.638"/>
</kw>
<kw name="Close Browser" library="SeleniumLibrary">
<doc>Closes the current browser.</doc>
<status status="NOT RUN" starttime="20231126 06:37:39.639" endtime="20231126 06:37:39.639"/>
</kw>
<status status="FAIL" starttime="20231126 06:37:28.567" endtime="20231126 06:37:39.639">Element with locator 'id=react-select-2-option-1' not found.</status>
</test>
<status status="FAIL" starttime="20231126 06:36:44.842" endtime="20231126 06:37:39.641"/>
</suite>
<statistics>
<total>
<stat pass="2" fail="3" skip="0">All Tests</stat>
</total>
<tag>
</tag>
<suite>
<stat pass="2" fail="3" skip="0" id="s1" name="001 TS009">001 TS009</stat>
</suite>
</statistics>
<errors>
<msg timestamp="20231126 06:36:53.562" level="WARN">Keyword 'BuiltIn.Run Keyword Unless' is deprecated. </msg>
<msg timestamp="20231126 06:37:03.731" level="WARN">Keyword 'BuiltIn.Run Keyword Unless' is deprecated. </msg>
<msg timestamp="20231126 06:37:15.625" level="WARN">Keyword 'BuiltIn.Run Keyword Unless' is deprecated. </msg>
<msg timestamp="20231126 06:37:26.164" level="WARN">Keyword 'BuiltIn.Run Keyword Unless' is deprecated. </msg>
<msg timestamp="20231126 06:37:37.300" level="WARN">Keyword 'BuiltIn.Run Keyword Unless' is deprecated. </msg>
</errors>
</robot>
